running egg_info
writing ../build/mission/mission.egg-info/PKG-INFO
writing dependency_links to ../build/mission/mission.egg-info/dependency_links.txt
writing entry points to ../build/mission/mission.egg-info/entry_points.txt
writing requirements to ../build/mission/mission.egg-info/requires.txt
writing top-level names to ../build/mission/mission.egg-info/top_level.txt
reading manifest file '../build/mission/mission.egg-info/SOURCES.txt'
writing manifest file '../build/mission/mission.egg-info/SOURCES.txt'
running build
running build_py
copying mission/manual_control.py -> /home/colin/ardupilot_sim/ardu_ws/src/build/mission/build/lib/mission
copying mission/valve_bucket_control.py -> /home/colin/ardupilot_sim/ardu_ws/src/build/mission/build/lib/mission
running install
running install_lib
copying /home/colin/ardupilot_sim/ardu_ws/src/build/mission/build/lib/mission/manual_control.py -> /home/colin/ardupilot_sim/ardu_ws/src/install/mission/lib/python3.10/site-packages/mission
copying /home/colin/ardupilot_sim/ardu_ws/src/build/mission/build/lib/mission/valve_bucket_control.py -> /home/colin/ardupilot_sim/ardu_ws/src/install/mission/lib/python3.10/site-packages/mission
byte-compiling /home/colin/ardupilot_sim/ardu_ws/src/install/mission/lib/python3.10/site-packages/mission/helper_func.py to helper_func.cpython-310.pyc
byte-compiling /home/colin/ardupilot_sim/ardu_ws/src/install/mission/lib/python3.10/site-packages/mission/approach.py to approach.cpython-310.pyc
byte-compiling /home/colin/ardupilot_sim/ardu_ws/src/install/mission/lib/python3.10/site-packages/mission/machine_vision.py to machine_vision.cpython-310.pyc
byte-compiling /home/colin/ardupilot_sim/ardu_ws/src/install/mission/lib/python3.10/site-packages/mission/manual_control.py to manual_control.cpython-310.pyc
byte-compiling /home/colin/ardupilot_sim/ardu_ws/src/install/mission/lib/python3.10/site-packages/mission/valve_bucket_control.py to valve_bucket_control.cpython-310.pyc
byte-compiling /home/colin/ardupilot_sim/ardu_ws/src/install/mission/lib/python3.10/site-packages/mission/state_node.py to state_node.cpython-310.pyc
running install_data
creating /home/colin/ardupilot_sim/ardu_ws/src/install/mission/share/mission/msg
running install_egg_info
removing '/home/colin/ardupilot_sim/ardu_ws/src/install/mission/lib/python3.10/site-packages/mission-0.0.0-py3.10.egg-info' (and everything under it)
Copying ../build/mission/mission.egg-info to /home/colin/ardupilot_sim/ardu_ws/src/install/mission/lib/python3.10/site-packages/mission-0.0.0-py3.10.egg-info
running install_scripts
Installing approach script to /home/colin/ardupilot_sim/ardu_ws/src/install/mission/lib/mission
Installing bucket_valve script to /home/colin/ardupilot_sim/ardu_ws/src/install/mission/lib/mission
Installing control script to /home/colin/ardupilot_sim/ardu_ws/src/install/mission/lib/mission
Installing state script to /home/colin/ardupilot_sim/ardu_ws/src/install/mission/lib/mission
Installing vision script to /home/colin/ardupilot_sim/ardu_ws/src/install/mission/lib/mission
Installing winch script to /home/colin/ardupilot_sim/ardu_ws/src/install/mission/lib/mission
writing list of installed files to '/home/colin/ardupilot_sim/ardu_ws/src/build/mission/install.log'
