[0.069s] Invoking command in '/home/colin/ardupilot_sim/ardu_ws/src/build/ardupilot_msgs': CMAKE_PREFIX_PATH=${CMAKE_PREFIX_PATH}:/home/colin/ardupilot_sim/ardu_ws/install/test_nodes:/home/colin/ardupilot_sim/ardu_ws/install/mission:/home/colin/ardupilot_sim/ardu_ws/install/ardupilot_dds_tests:/opt/ros/humble /usr/bin/cmake /home/colin/ardupilot_sim/ardu_ws/src/ardupilot/Tools/ros2/ardupilot_msgs -DCMAKE_INSTALL_PREFIX=/home/colin/ardupilot_sim/ardu_ws/src/install/ardupilot_msgs
[0.314s] -- The C compiler identification is GNU 11.4.0
[0.882s] -- The CXX compiler identification is GNU 11.4.0
[1.204s] -- Detecting C compiler ABI info
[1.355s] -- Detecting C compiler ABI info - done
[1.364s] -- Check for working C compiler: /usr/lib/ccache/cc - skipped
[1.364s] -- Detecting C compile features
[1.365s] -- Detecting C compile features - done
[1.369s] -- Detecting CXX compiler ABI info
[1.541s] -- Detecting CXX compiler ABI info - done
[1.551s] -- Check for working CXX compiler: /usr/lib/ccache/c++ - skipped
[1.551s] -- Detecting CXX compile features
[1.552s] -- Detecting CXX compile features - done
[1.559s] -- Found ament_cmake: 1.3.11 (/opt/ros/humble/share/ament_cmake/cmake)
[2.026s] -- Found Python3: /usr/bin/python3 (found version "3.10.12") found components: Interpreter 
[2.184s] -- Found geometry_msgs: 4.2.4 (/opt/ros/humble/share/geometry_msgs/cmake)
[2.385s] -- Found rosidl_generator_c: 3.1.6 (/opt/ros/humble/share/rosidl_generator_c/cmake)
[2.397s] -- Found rosidl_adapter: 3.1.6 (/opt/ros/humble/share/rosidl_adapter/cmake)
[2.414s] -- Found rosidl_generator_cpp: 3.1.6 (/opt/ros/humble/share/rosidl_generator_cpp/cmake)
[2.438s] -- Using all available rosidl_typesupport_c: rosidl_typesupport_fastrtps_c;rosidl_typesupport_introspection_c
[2.472s] -- Using all available rosidl_typesupport_cpp: rosidl_typesupport_fastrtps_cpp;rosidl_typesupport_introspection_cpp
[2.534s] -- Found rosidl_default_generators: 1.2.0 (/opt/ros/humble/share/rosidl_default_generators/cmake)
[2.921s] -- Found ament_cmake_cppcheck: 0.12.11 (/opt/ros/humble/share/ament_cmake_cppcheck/cmake)
[2.926s] -- Found ament_cmake_cpplint: 0.12.11 (/opt/ros/humble/share/ament_cmake_cpplint/cmake)
[2.932s] -- Found ament_cmake_uncrustify: 0.12.11 (/opt/ros/humble/share/ament_cmake_uncrustify/cmake)
[2.939s] -- Found ament_cmake_ros: 0.10.0 (/opt/ros/humble/share/ament_cmake_ros/cmake)
[3.424s] -- Using all available rosidl_typesupport_c: rosidl_typesupport_fastrtps_c;rosidl_typesupport_introspection_c
[3.611s] -- Using all available rosidl_typesupport_cpp: rosidl_typesupport_fastrtps_cpp;rosidl_typesupport_introspection_cpp
[3.726s] -- Found PythonInterp: /usr/bin/python3 (found suitable version "3.10.12", minimum required is "3.6") 
[3.732s] -- Found python_cmake_module: 0.10.0 (/opt/ros/humble/share/python_cmake_module/cmake)
[3.938s] -- Found PythonLibs: /usr/lib/x86_64-linux-gnu/libpython3.10.so (found suitable version "3.10.12", minimum required is "3.5") 
[3.938s] -- Using PYTHON_EXECUTABLE: /usr/bin/python3
[3.938s] -- Using PYTHON_INCLUDE_DIRS: /usr/include/python3.10
[3.938s] -- Using PYTHON_LIBRARIES: /usr/lib/x86_64-linux-gnu/libpython3.10.so
[3.963s] -- Found PythonExtra: .so  
[4.095s] -- Found ament_cmake_flake8: 0.12.11 (/opt/ros/humble/share/ament_cmake_flake8/cmake)
[4.101s] -- Found ament_cmake_pep257: 0.12.11 (/opt/ros/humble/share/ament_cmake_pep257/cmake)
[4.109s] -- Found ament_lint_auto: 0.12.11 (/opt/ros/humble/share/ament_lint_auto/cmake)
[4.131s] -- Added test 'copyright' to check source files copyright and LICENSE
[4.132s] -- Added test 'xmllint' to check XML markup files
[4.136s] -- Configuring done
[4.198s] -- Generating done
[4.211s] -- Build files have been written to: /home/colin/ardupilot_sim/ardu_ws/src/build/ardupilot_msgs
