[1.742s] Invoking command in '/home/colin/ros2-mission-2/mission': AMENT_PREFIX_PATH=/home/colin/ros2-mission-2/install/mission_interfaces:${AMENT_PREFIX_PATH} CMAKE_PREFIX_PATH=/home/colin/ros2-mission-2/install/mission_interfaces:${CMAKE_PREFIX_PATH} LD_LIBRARY_PATH=/home/colin/ros2-mission-2/install/mission_interfaces/lib:${LD_LIBRARY_PATH} PYTHONPATH=/home/colin/ros2-mission-2/build/mission/prefix_override:/usr/lib/python3/dist-packages/colcon_core/task/python/colcon_distutils_commands:/home/colin/ros2-mission-2/install/mission/lib/python3.10/site-packages:/home/colin/ros2-mission-2/install/mission_interfaces/local/lib/python3.10/dist-packages:${PYTHONPATH} /usr/bin/python3 -W ignore:setup.py install is deprecated -W ignore:easy_install command is deprecated setup.py egg_info --egg-base ../build/mission build --build-base /home/colin/ros2-mission-2/build/mission/build install --record /home/colin/ros2-mission-2/build/mission/install.log --single-version-externally-managed install_data
[2.286s] running egg_info
[2.317s] creating ../build/mission/mission.egg-info
[2.317s] writing ../build/mission/mission.egg-info/PKG-INFO
[2.318s] writing dependency_links to ../build/mission/mission.egg-info/dependency_links.txt
[2.319s] writing entry points to ../build/mission/mission.egg-info/entry_points.txt
[2.319s] writing requirements to ../build/mission/mission.egg-info/requires.txt
[2.320s] writing top-level names to ../build/mission/mission.egg-info/top_level.txt
[2.320s] writing manifest file '../build/mission/mission.egg-info/SOURCES.txt'
[2.380s] reading manifest file '../build/mission/mission.egg-info/SOURCES.txt'
[2.382s] writing manifest file '../build/mission/mission.egg-info/SOURCES.txt'
[2.383s] running build
[2.383s] running build_py
[2.384s] creating /home/colin/ros2-mission-2/build/mission/build/lib/mission
[2.384s] copying mission/helper_func.py -> /home/colin/ros2-mission-2/build/mission/build/lib/mission
[2.385s] copying mission/state_node.py -> /home/colin/ros2-mission-2/build/mission/build/lib/mission
[2.385s] copying mission/winch_control.py -> /home/colin/ros2-mission-2/build/mission/build/lib/mission
[2.385s] copying mission/machine_vision.py -> /home/colin/ros2-mission-2/build/mission/build/lib/mission
[2.386s] copying mission/__init__.py -> /home/colin/ros2-mission-2/build/mission/build/lib/mission
[2.386s] copying mission/valve_bucket_control.py -> /home/colin/ros2-mission-2/build/mission/build/lib/mission
[2.387s] copying mission/approach.py -> /home/colin/ros2-mission-2/build/mission/build/lib/mission
[2.387s] copying mission/manual_control.py -> /home/colin/ros2-mission-2/build/mission/build/lib/mission
[2.387s] running install
[2.397s] running install_lib
[2.434s] creating /home/colin/ros2-mission-2/install/mission/lib/python3.10/site-packages/mission
[2.434s] copying /home/colin/ros2-mission-2/build/mission/build/lib/mission/helper_func.py -> /home/colin/ros2-mission-2/install/mission/lib/python3.10/site-packages/mission
[2.435s] copying /home/colin/ros2-mission-2/build/mission/build/lib/mission/state_node.py -> /home/colin/ros2-mission-2/install/mission/lib/python3.10/site-packages/mission
[2.435s] copying /home/colin/ros2-mission-2/build/mission/build/lib/mission/winch_control.py -> /home/colin/ros2-mission-2/install/mission/lib/python3.10/site-packages/mission
[2.435s] copying /home/colin/ros2-mission-2/build/mission/build/lib/mission/machine_vision.py -> /home/colin/ros2-mission-2/install/mission/lib/python3.10/site-packages/mission
[2.436s] copying /home/colin/ros2-mission-2/build/mission/build/lib/mission/__init__.py -> /home/colin/ros2-mission-2/install/mission/lib/python3.10/site-packages/mission
[2.436s] copying /home/colin/ros2-mission-2/build/mission/build/lib/mission/valve_bucket_control.py -> /home/colin/ros2-mission-2/install/mission/lib/python3.10/site-packages/mission
[2.436s] copying /home/colin/ros2-mission-2/build/mission/build/lib/mission/approach.py -> /home/colin/ros2-mission-2/install/mission/lib/python3.10/site-packages/mission
[2.436s] copying /home/colin/ros2-mission-2/build/mission/build/lib/mission/manual_control.py -> /home/colin/ros2-mission-2/install/mission/lib/python3.10/site-packages/mission
[2.437s] byte-compiling /home/colin/ros2-mission-2/install/mission/lib/python3.10/site-packages/mission/helper_func.py to helper_func.cpython-310.pyc
[2.441s] byte-compiling /home/colin/ros2-mission-2/install/mission/lib/python3.10/site-packages/mission/state_node.py to state_node.cpython-310.pyc
[2.443s] byte-compiling /home/colin/ros2-mission-2/install/mission/lib/python3.10/site-packages/mission/winch_control.py to winch_control.cpython-310.pyc
[2.446s] byte-compiling /home/colin/ros2-mission-2/install/mission/lib/python3.10/site-packages/mission/machine_vision.py to machine_vision.cpython-310.pyc
[2.448s] byte-compiling /home/colin/ros2-mission-2/install/mission/lib/python3.10/site-packages/mission/__init__.py to __init__.cpython-310.pyc
[2.448s] byte-compiling /home/colin/ros2-mission-2/install/mission/lib/python3.10/site-packages/mission/valve_bucket_control.py to valve_bucket_control.cpython-310.pyc
[2.450s] byte-compiling /home/colin/ros2-mission-2/install/mission/lib/python3.10/site-packages/mission/approach.py to approach.cpython-310.pyc
[2.452s] byte-compiling /home/colin/ros2-mission-2/install/mission/lib/python3.10/site-packages/mission/manual_control.py to manual_control.cpython-310.pyc
[2.454s] running install_data
[2.455s] creating /home/colin/ros2-mission-2/install/mission/share/ament_index/resource_index/packages
[2.456s] copying resource/mission -> /home/colin/ros2-mission-2/install/mission/share/ament_index/resource_index/packages
[2.456s] creating /home/colin/ros2-mission-2/install/mission/share/mission
[2.457s] copying package.xml -> /home/colin/ros2-mission-2/install/mission/share/mission
[2.457s] creating /home/colin/ros2-mission-2/install/mission/share/mission/msg
[2.458s] running install_egg_info
[2.497s] Copying ../build/mission/mission.egg-info to /home/colin/ros2-mission-2/install/mission/lib/python3.10/site-packages/mission-0.0.0-py3.10.egg-info
[2.500s] running install_scripts
[2.787s] Installing approach script to /home/colin/ros2-mission-2/install/mission/lib/mission
[2.788s] Installing bucket_valve script to /home/colin/ros2-mission-2/install/mission/lib/mission
[2.788s] Installing control script to /home/colin/ros2-mission-2/install/mission/lib/mission
[2.789s] Installing state script to /home/colin/ros2-mission-2/install/mission/lib/mission
[2.789s] Installing vision script to /home/colin/ros2-mission-2/install/mission/lib/mission
[2.789s] Installing winch script to /home/colin/ros2-mission-2/install/mission/lib/mission
[2.790s] writing list of installed files to '/home/colin/ros2-mission-2/build/mission/install.log'
[2.837s] Invoked command in '/home/colin/ros2-mission-2/mission' returned '0': AMENT_PREFIX_PATH=/home/colin/ros2-mission-2/install/mission_interfaces:${AMENT_PREFIX_PATH} CMAKE_PREFIX_PATH=/home/colin/ros2-mission-2/install/mission_interfaces:${CMAKE_PREFIX_PATH} LD_LIBRARY_PATH=/home/colin/ros2-mission-2/install/mission_interfaces/lib:${LD_LIBRARY_PATH} PYTHONPATH=/home/colin/ros2-mission-2/build/mission/prefix_override:/usr/lib/python3/dist-packages/colcon_core/task/python/colcon_distutils_commands:/home/colin/ros2-mission-2/install/mission/lib/python3.10/site-packages:/home/colin/ros2-mission-2/install/mission_interfaces/local/lib/python3.10/dist-packages:${PYTHONPATH} /usr/bin/python3 -W ignore:setup.py install is deprecated -W ignore:easy_install command is deprecated setup.py egg_info --egg-base ../build/mission build --build-base /home/colin/ros2-mission-2/build/mission/build install --record /home/colin/ros2-mission-2/build/mission/install.log --single-version-externally-managed install_data
