[0.258s] DEBUG:colcon:Command line arguments: ['/usr/bin/colcon', 'build']
[0.258s] DEBUG:colcon:Parsed command line arguments: Namespace(log_base=None, log_level=None, verb_name='build', build_base='build', install_base='install', merge_install=False, symlink_install=False, test_result_base=None, continue_on_error=False, executor='parallel', parallel_workers=8, event_handlers=None, ignore_user_meta=False, metas=['./colcon.meta'], base_paths=['.'], packages_ignore=None, packages_ignore_regex=None, paths=None, packages_up_to=None, packages_up_to_regex=None, packages_above=None, packages_above_and_dependencies=None, packages_above_depth=None, packages_select_by_dep=None, packages_skip_by_dep=None, packages_skip_up_to=None, packages_select_build_failed=False, packages_skip_build_finished=False, packages_select_test_failures=False, packages_skip_test_passed=False, packages_select=None, packages_skip=None, packages_select_regex=None, packages_skip_regex=None, packages_start=None, packages_end=None, allow_overriding=[], cmake_args=None, cmake_target=None, cmake_target_skip_unavailable=False, cmake_clean_cache=False, cmake_clean_first=False, cmake_force_configure=False, ament_cmake_args=None, catkin_cmake_args=None, catkin_skip_building_tests=False, mixin_files=None, mixin=None, verb_parser=<colcon_mixin.mixin.mixin_argument.MixinArgumentDecorator object at 0x7fbd24b4b6d0>, verb_extension=<colcon_core.verb.build.BuildVerb object at 0x7fbd24b4b0d0>, main=<bound method BuildVerb.main of <colcon_core.verb.build.BuildVerb object at 0x7fbd24b4b0d0>>, mixin_verb=('build',))
[0.325s] Level 1:colcon.colcon_core.package_discovery:discover_packages(colcon_meta) check parameters
[0.325s] Level 1:colcon.colcon_core.package_discovery:discover_packages(recursive) check parameters
[0.326s] Level 1:colcon.colcon_core.package_discovery:discover_packages(ignore) check parameters
[0.326s] Level 1:colcon.colcon_core.package_discovery:discover_packages(path) check parameters
[0.326s] Level 1:colcon.colcon_core.package_discovery:discover_packages(colcon_meta) discover
[0.326s] Level 1:colcon.colcon_core.package_discovery:discover_packages(recursive) discover
[0.326s] INFO:colcon.colcon_core.package_discovery:Crawling recursively for packages in '/home/colin/ros2-mission-2'
[0.326s] Level 1:colcon.colcon_core.package_identification:_identify(.) by extensions ['ignore', 'ignore_ament_install']
[0.326s] Level 1:colcon.colcon_core.package_identification:_identify(.) by extension 'ignore'
[0.326s] Level 1:colcon.colcon_core.package_identification:_identify(.) by extension 'ignore_ament_install'
[0.326s] Level 1:colcon.colcon_core.package_identification:_identify(.) by extensions ['colcon_pkg']
[0.326s] Level 1:colcon.colcon_core.package_identification:_identify(.) by extension 'colcon_pkg'
[0.326s] Level 1:colcon.colcon_core.package_identification:_identify(.) by extensions ['colcon_meta']
[0.327s] Level 1:colcon.colcon_core.package_identification:_identify(.) by extension 'colcon_meta'
[0.327s] Level 1:colcon.colcon_core.package_identification:_identify(.) by extensions ['ros']
[0.327s] Level 1:colcon.colcon_core.package_identification:_identify(.) by extension 'ros'
[0.352s] Level 1:colcon.colcon_core.package_identification:_identify(.) by extensions ['cmake', 'python']
[0.352s] Level 1:colcon.colcon_core.package_identification:_identify(.) by extension 'cmake'
[0.352s] Level 1:colcon.colcon_core.package_identification:_identify(.) by extension 'python'
[0.352s] Level 1:colcon.colcon_core.package_identification:_identify(.) by extensions ['python_setup_py']
[0.352s] Level 1:colcon.colcon_core.package_identification:_identify(.) by extension 'python_setup_py'
[0.352s] Level 1:colcon.colcon_core.package_identification:_identify(build) by extensions ['ignore', 'ignore_ament_install']
[0.352s] Level 1:colcon.colcon_core.package_identification:_identify(build) by extension 'ignore'
[0.352s] Level 1:colcon.colcon_core.package_identification:_identify(build) ignored
[0.353s] Level 1:colcon.colcon_core.package_identification:_identify(install) by extensions ['ignore', 'ignore_ament_install']
[0.353s] Level 1:colcon.colcon_core.package_identification:_identify(install) by extension 'ignore'
[0.353s] Level 1:colcon.colcon_core.package_identification:_identify(install) ignored
[0.353s] Level 1:colcon.colcon_core.package_identification:_identify(log) by extensions ['ignore', 'ignore_ament_install']
[0.353s] Level 1:colcon.colcon_core.package_identification:_identify(log) by extension 'ignore'
[0.353s] Level 1:colcon.colcon_core.package_identification:_identify(log) ignored
[0.353s] Level 1:colcon.colcon_core.package_identification:_identify(mission) by extensions ['ignore', 'ignore_ament_install']
[0.354s] Level 1:colcon.colcon_core.package_identification:_identify(mission) by extension 'ignore'
[0.354s] Level 1:colcon.colcon_core.package_identification:_identify(mission) by extension 'ignore_ament_install'
[0.354s] Level 1:colcon.colcon_core.package_identification:_identify(mission) by extensions ['colcon_pkg']
[0.354s] Level 1:colcon.colcon_core.package_identification:_identify(mission) by extension 'colcon_pkg'
[0.354s] Level 1:colcon.colcon_core.package_identification:_identify(mission) by extensions ['colcon_meta']
[0.354s] Level 1:colcon.colcon_core.package_identification:_identify(mission) by extension 'colcon_meta'
[0.354s] Level 1:colcon.colcon_core.package_identification:_identify(mission) by extensions ['ros']
[0.354s] Level 1:colcon.colcon_core.package_identification:_identify(mission) by extension 'ros'
[0.359s] DEBUG:colcon.colcon_core.package_identification:Failed to parse potential ROS package manifest in'mission': Error(s) in package 'mission/package.xml':
The package "mission_interfaces" must not "build_depend" on a package with the same name as this package
The package "mission_interfaces" must not "build_export_depend" on a package with the same name as this package
The package "mission_interfaces" must not "exec_depend" on a package with the same name as this package
[0.359s] Level 1:colcon.colcon_core.package_identification:_identify(mission) by extensions ['cmake', 'python']
[0.359s] Level 1:colcon.colcon_core.package_identification:_identify(mission) by extension 'cmake'
[0.359s] Level 1:colcon.colcon_core.package_identification:_identify(mission) by extension 'python'
[0.359s] DEBUG:colcon.colcon_core.package_identification:Python package in 'mission' passes arguments to the setup() function which requires a different identification extension than 'python'
[0.359s] Level 1:colcon.colcon_core.package_identification:_identify(mission) by extensions ['python_setup_py']
[0.359s] Level 1:colcon.colcon_core.package_identification:_identify(mission) by extension 'python_setup_py'
[0.672s] DEBUG:colcon.colcon_core.package_identification:Package 'mission' with type 'python' and name 'mission'
[0.673s] Level 1:colcon.colcon_core.package_identification:_identify(mission_interfaces) by extensions ['ignore', 'ignore_ament_install']
[0.691s] Level 1:colcon.colcon_core.package_identification:_identify(mission_interfaces) by extension 'ignore'
[0.692s] Level 1:colcon.colcon_core.package_identification:_identify(mission_interfaces) by extension 'ignore_ament_install'
[0.692s] Level 1:colcon.colcon_core.package_identification:_identify(mission_interfaces) by extensions ['colcon_pkg']
[0.692s] Level 1:colcon.colcon_core.package_identification:_identify(mission_interfaces) by extension 'colcon_pkg'
[0.692s] Level 1:colcon.colcon_core.package_identification:_identify(mission_interfaces) by extensions ['colcon_meta']
[0.692s] Level 1:colcon.colcon_core.package_identification:_identify(mission_interfaces) by extension 'colcon_meta'
[0.693s] Level 1:colcon.colcon_core.package_identification:_identify(mission_interfaces) by extensions ['ros']
[0.693s] Level 1:colcon.colcon_core.package_identification:_identify(mission_interfaces) by extension 'ros'
[0.694s] DEBUG:colcon.colcon_core.package_identification:Package 'mission_interfaces' with type 'ros.ament_cmake' and name 'mission_interfaces'
[0.695s] Level 1:colcon.colcon_core.package_identification:_identify(monitors) by extensions ['ignore', 'ignore_ament_install']
[0.695s] Level 1:colcon.colcon_core.package_identification:_identify(monitors) by extension 'ignore'
[0.695s] Level 1:colcon.colcon_core.package_identification:_identify(monitors) by extension 'ignore_ament_install'
[0.696s] Level 1:colcon.colcon_core.package_identification:_identify(monitors) by extensions ['colcon_pkg']
[0.696s] Level 1:colcon.colcon_core.package_identification:_identify(monitors) by extension 'colcon_pkg'
[0.696s] Level 1:colcon.colcon_core.package_identification:_identify(monitors) by extensions ['colcon_meta']
[0.696s] Level 1:colcon.colcon_core.package_identification:_identify(monitors) by extension 'colcon_meta'
[0.696s] Level 1:colcon.colcon_core.package_identification:_identify(monitors) by extensions ['ros']
[0.696s] Level 1:colcon.colcon_core.package_identification:_identify(monitors) by extension 'ros'
[0.698s] DEBUG:colcon.colcon_core.package_identification:Package 'monitors' with type 'ros.ament_python' and name 'test_nodes'
[0.698s] Level 1:colcon.colcon_core.package_identification:_identify(start_mission) by extensions ['ignore', 'ignore_ament_install']
[0.698s] Level 1:colcon.colcon_core.package_identification:_identify(start_mission) by extension 'ignore'
[0.699s] Level 1:colcon.colcon_core.package_identification:_identify(start_mission) by extension 'ignore_ament_install'
[0.699s] Level 1:colcon.colcon_core.package_identification:_identify(start_mission) by extensions ['colcon_pkg']
[0.699s] Level 1:colcon.colcon_core.package_identification:_identify(start_mission) by extension 'colcon_pkg'
[0.699s] Level 1:colcon.colcon_core.package_identification:_identify(start_mission) by extensions ['colcon_meta']
[0.699s] Level 1:colcon.colcon_core.package_identification:_identify(start_mission) by extension 'colcon_meta'
[0.700s] Level 1:colcon.colcon_core.package_identification:_identify(start_mission) by extensions ['ros']
[0.700s] Level 1:colcon.colcon_core.package_identification:_identify(start_mission) by extension 'ros'
[0.701s] DEBUG:colcon.colcon_core.package_identification:Package 'start_mission' with type 'ros.ament_cmake' and name 'start_mission'
[0.701s] Level 1:colcon.colcon_core.package_discovery:discover_packages(recursive) using defaults
[0.701s] Level 1:colcon.colcon_core.package_discovery:discover_packages(ignore) discover
[0.702s] Level 1:colcon.colcon_core.package_discovery:discover_packages(ignore) using defaults
[0.702s] Level 1:colcon.colcon_core.package_discovery:discover_packages(path) discover
[0.702s] Level 1:colcon.colcon_core.package_discovery:discover_packages(path) using defaults
[0.746s] Level 1:colcon.colcon_core.package_discovery:discover_packages(prefix_path) check parameters
[0.746s] Level 1:colcon.colcon_core.package_discovery:discover_packages(prefix_path) discover
[0.752s] DEBUG:colcon.colcon_installed_package_information.package_discovery:Found 30 installed packages in /home/colin/ardu_ws/install
[0.754s] DEBUG:colcon.colcon_installed_package_information.package_discovery:Found 306 installed packages in /opt/ros/humble
[0.756s] Level 1:colcon.colcon_core.package_discovery:discover_packages(prefix_path) using defaults
[0.873s] Level 5:colcon.colcon_core.verb:set package 'mission_interfaces' build argument 'cmake_args' from command line to 'None'
[0.873s] Level 5:colcon.colcon_core.verb:set package 'mission_interfaces' build argument 'cmake_target' from command line to 'None'
[0.873s] Level 5:colcon.colcon_core.verb:set package 'mission_interfaces' build argument 'cmake_target_skip_unavailable' from command line to 'False'
[0.873s] Level 5:colcon.colcon_core.verb:set package 'mission_interfaces' build argument 'cmake_clean_cache' from command line to 'False'
[0.873s] Level 5:colcon.colcon_core.verb:set package 'mission_interfaces' build argument 'cmake_clean_first' from command line to 'False'
[0.873s] Level 5:colcon.colcon_core.verb:set package 'mission_interfaces' build argument 'cmake_force_configure' from command line to 'False'
[0.873s] Level 5:colcon.colcon_core.verb:set package 'mission_interfaces' build argument 'ament_cmake_args' from command line to 'None'
[0.873s] Level 5:colcon.colcon_core.verb:set package 'mission_interfaces' build argument 'catkin_cmake_args' from command line to 'None'
[0.873s] Level 5:colcon.colcon_core.verb:set package 'mission_interfaces' build argument 'catkin_skip_building_tests' from command line to 'False'
[0.874s] DEBUG:colcon.colcon_core.verb:Building package 'mission_interfaces' with the following arguments: {'ament_cmake_args': None, 'build_base': '/home/colin/ros2-mission-2/build/mission_interfaces', 'catkin_cmake_args': None, 'catkin_skip_building_tests': False, 'cmake_args': None, 'cmake_clean_cache': False, 'cmake_clean_first': False, 'cmake_force_configure': False, 'cmake_target': None, 'cmake_target_skip_unavailable': False, 'install_base': '/home/colin/ros2-mission-2/install/mission_interfaces', 'merge_install': False, 'path': '/home/colin/ros2-mission-2/mission_interfaces', 'symlink_install': False, 'test_result_base': None}
[0.874s] Level 5:colcon.colcon_core.verb:set package 'start_mission' build argument 'cmake_args' from command line to 'None'
[0.874s] Level 5:colcon.colcon_core.verb:set package 'start_mission' build argument 'cmake_target' from command line to 'None'
[0.874s] Level 5:colcon.colcon_core.verb:set package 'start_mission' build argument 'cmake_target_skip_unavailable' from command line to 'False'
[0.874s] Level 5:colcon.colcon_core.verb:set package 'start_mission' build argument 'cmake_clean_cache' from command line to 'False'
[0.874s] Level 5:colcon.colcon_core.verb:set package 'start_mission' build argument 'cmake_clean_first' from command line to 'False'
[0.874s] Level 5:colcon.colcon_core.verb:set package 'start_mission' build argument 'cmake_force_configure' from command line to 'False'
[0.874s] Level 5:colcon.colcon_core.verb:set package 'start_mission' build argument 'ament_cmake_args' from command line to 'None'
[0.874s] Level 5:colcon.colcon_core.verb:set package 'start_mission' build argument 'catkin_cmake_args' from command line to 'None'
[0.874s] Level 5:colcon.colcon_core.verb:set package 'start_mission' build argument 'catkin_skip_building_tests' from command line to 'False'
[0.875s] DEBUG:colcon.colcon_core.verb:Building package 'start_mission' with the following arguments: {'ament_cmake_args': None, 'build_base': '/home/colin/ros2-mission-2/build/start_mission', 'catkin_cmake_args': None, 'catkin_skip_building_tests': False, 'cmake_args': None, 'cmake_clean_cache': False, 'cmake_clean_first': False, 'cmake_force_configure': False, 'cmake_target': None, 'cmake_target_skip_unavailable': False, 'install_base': '/home/colin/ros2-mission-2/install/start_mission', 'merge_install': False, 'path': '/home/colin/ros2-mission-2/start_mission', 'symlink_install': False, 'test_result_base': None}
[0.875s] Level 5:colcon.colcon_core.verb:set package 'mission' build argument 'cmake_args' from command line to 'None'
[0.875s] Level 5:colcon.colcon_core.verb:set package 'mission' build argument 'cmake_target' from command line to 'None'
[0.875s] Level 5:colcon.colcon_core.verb:set package 'mission' build argument 'cmake_target_skip_unavailable' from command line to 'False'
[0.875s] Level 5:colcon.colcon_core.verb:set package 'mission' build argument 'cmake_clean_cache' from command line to 'False'
[0.875s] Level 5:colcon.colcon_core.verb:set package 'mission' build argument 'cmake_clean_first' from command line to 'False'
[0.875s] Level 5:colcon.colcon_core.verb:set package 'mission' build argument 'cmake_force_configure' from command line to 'False'
[0.875s] Level 5:colcon.colcon_core.verb:set package 'mission' build argument 'ament_cmake_args' from command line to 'None'
[0.875s] Level 5:colcon.colcon_core.verb:set package 'mission' build argument 'catkin_cmake_args' from command line to 'None'
[0.875s] Level 5:colcon.colcon_core.verb:set package 'mission' build argument 'catkin_skip_building_tests' from command line to 'False'
[0.876s] DEBUG:colcon.colcon_core.verb:Building package 'mission' with the following arguments: {'ament_cmake_args': None, 'build_base': '/home/colin/ros2-mission-2/build/mission', 'catkin_cmake_args': None, 'catkin_skip_building_tests': False, 'cmake_args': None, 'cmake_clean_cache': False, 'cmake_clean_first': False, 'cmake_force_configure': False, 'cmake_target': None, 'cmake_target_skip_unavailable': False, 'install_base': '/home/colin/ros2-mission-2/install/mission', 'merge_install': False, 'path': '/home/colin/ros2-mission-2/mission', 'symlink_install': False, 'test_result_base': None}
[0.876s] Level 5:colcon.colcon_core.verb:set package 'test_nodes' build argument 'cmake_args' from command line to 'None'
[0.876s] Level 5:colcon.colcon_core.verb:set package 'test_nodes' build argument 'cmake_target' from command line to 'None'
[0.876s] Level 5:colcon.colcon_core.verb:set package 'test_nodes' build argument 'cmake_target_skip_unavailable' from command line to 'False'
[0.876s] Level 5:colcon.colcon_core.verb:set package 'test_nodes' build argument 'cmake_clean_cache' from command line to 'False'
[0.876s] Level 5:colcon.colcon_core.verb:set package 'test_nodes' build argument 'cmake_clean_first' from command line to 'False'
[0.876s] Level 5:colcon.colcon_core.verb:set package 'test_nodes' build argument 'cmake_force_configure' from command line to 'False'
[0.876s] Level 5:colcon.colcon_core.verb:set package 'test_nodes' build argument 'ament_cmake_args' from command line to 'None'
[0.876s] Level 5:colcon.colcon_core.verb:set package 'test_nodes' build argument 'catkin_cmake_args' from command line to 'None'
[0.876s] Level 5:colcon.colcon_core.verb:set package 'test_nodes' build argument 'catkin_skip_building_tests' from command line to 'False'
[0.876s] DEBUG:colcon.colcon_core.verb:Building package 'test_nodes' with the following arguments: {'ament_cmake_args': None, 'build_base': '/home/colin/ros2-mission-2/build/test_nodes', 'catkin_cmake_args': None, 'catkin_skip_building_tests': False, 'cmake_args': None, 'cmake_clean_cache': False, 'cmake_clean_first': False, 'cmake_force_configure': False, 'cmake_target': None, 'cmake_target_skip_unavailable': False, 'install_base': '/home/colin/ros2-mission-2/install/test_nodes', 'merge_install': False, 'path': '/home/colin/ros2-mission-2/monitors', 'symlink_install': False, 'test_result_base': None}
[0.877s] INFO:colcon.colcon_core.executor:Executing jobs using 'parallel' executor
[0.878s] DEBUG:colcon.colcon_parallel_executor.executor.parallel:run_until_complete
[0.879s] INFO:colcon.colcon_ros.task.ament_cmake.build:Building ROS package in '/home/colin/ros2-mission-2/mission_interfaces' with build type 'ament_cmake'
[0.879s] INFO:colcon.colcon_cmake.task.cmake.build:Building CMake package in '/home/colin/ros2-mission-2/mission_interfaces'
[0.884s] INFO:colcon.colcon_core.plugin_system:Skipping extension 'colcon_core.shell.bat': Not used on non-Windows systems
[0.884s] INFO:colcon.colcon_core.shell:Skip shell extension 'powershell' for command environment: Not usable outside of PowerShell
[0.884s] DEBUG:colcon.colcon_core.shell:Skip shell extension 'dsv' for command environment
[0.893s] INFO:colcon.colcon_ros.task.ament_cmake.build:Building ROS package in '/home/colin/ros2-mission-2/start_mission' with build type 'ament_cmake'
[0.893s] INFO:colcon.colcon_cmake.task.cmake.build:Building CMake package in '/home/colin/ros2-mission-2/start_mission'
[0.893s] INFO:colcon.colcon_core.shell:Skip shell extension 'powershell' for command environment: Not usable outside of PowerShell
[0.893s] DEBUG:colcon.colcon_core.shell:Skip shell extension 'dsv' for command environment
[0.912s] DEBUG:colcon.colcon_core.event_handler.log_command:Invoking command in '/home/colin/ros2-mission-2/build/mission_interfaces': CMAKE_PREFIX_PATH=${CMAKE_PREFIX_PATH}:/home/colin/ardu_ws/install/testing:/home/colin/ardu_ws/install/test_nodes:/home/colin/ardu_ws/install/mission:/home/colin/ardu_ws/install/ardupilot_dds_tests:/opt/ros/humble /usr/bin/cmake /home/colin/ros2-mission-2/mission_interfaces -DCMAKE_INSTALL_PREFIX=/home/colin/ros2-mission-2/install/mission_interfaces
[0.923s] DEBUG:colcon.colcon_core.event_handler.log_command:Invoking command in '/home/colin/ros2-mission-2/build/start_mission': CMAKE_PREFIX_PATH=${CMAKE_PREFIX_PATH}:/home/colin/ardu_ws/install/testing:/home/colin/ardu_ws/install/test_nodes:/home/colin/ardu_ws/install/mission:/home/colin/ardu_ws/install/ardupilot_dds_tests:/opt/ros/humble /usr/bin/cmake /home/colin/ros2-mission-2/start_mission -DCMAKE_INSTALL_PREFIX=/home/colin/ros2-mission-2/install/start_mission
[2.733s] DEBUG:colcon.colcon_core.event_handler.log_command:Invoked command in '/home/colin/ros2-mission-2/build/start_mission' returned '0': CMAKE_PREFIX_PATH=${CMAKE_PREFIX_PATH}:/home/colin/ardu_ws/install/testing:/home/colin/ardu_ws/install/test_nodes:/home/colin/ardu_ws/install/mission:/home/colin/ardu_ws/install/ardupilot_dds_tests:/opt/ros/humble /usr/bin/cmake /home/colin/ros2-mission-2/start_mission -DCMAKE_INSTALL_PREFIX=/home/colin/ros2-mission-2/install/start_mission
[2.736s] DEBUG:colcon.colcon_core.event_handler.log_command:Invoking command in '/home/colin/ros2-mission-2/build/start_mission': CMAKE_PREFIX_PATH=${CMAKE_PREFIX_PATH}:/home/colin/ardu_ws/install/testing:/home/colin/ardu_ws/install/test_nodes:/home/colin/ardu_ws/install/mission:/home/colin/ardu_ws/install/ardupilot_dds_tests:/opt/ros/humble /usr/bin/cmake --build /home/colin/ros2-mission-2/build/start_mission -- -j8 -l8
[2.774s] DEBUG:colcon.colcon_core.event_handler.log_command:Invoked command in '/home/colin/ros2-mission-2/build/start_mission' returned '0': CMAKE_PREFIX_PATH=${CMAKE_PREFIX_PATH}:/home/colin/ardu_ws/install/testing:/home/colin/ardu_ws/install/test_nodes:/home/colin/ardu_ws/install/mission:/home/colin/ardu_ws/install/ardupilot_dds_tests:/opt/ros/humble /usr/bin/cmake --build /home/colin/ros2-mission-2/build/start_mission -- -j8 -l8
[2.787s] DEBUG:colcon.colcon_core.event_handler.log_command:Invoking command in '/home/colin/ros2-mission-2/build/start_mission': CMAKE_PREFIX_PATH=${CMAKE_PREFIX_PATH}:/home/colin/ardu_ws/install/testing:/home/colin/ardu_ws/install/test_nodes:/home/colin/ardu_ws/install/mission:/home/colin/ardu_ws/install/ardupilot_dds_tests:/opt/ros/humble /usr/bin/cmake --install /home/colin/ros2-mission-2/build/start_mission
[2.802s] Level 1:colcon.colcon_core.environment:create_environment_scripts_only(start_mission)
[2.804s] DEBUG:colcon.colcon_core.event_handler.log_command:Invoked command in '/home/colin/ros2-mission-2/build/start_mission' returned '0': CMAKE_PREFIX_PATH=${CMAKE_PREFIX_PATH}:/home/colin/ardu_ws/install/testing:/home/colin/ardu_ws/install/test_nodes:/home/colin/ardu_ws/install/mission:/home/colin/ardu_ws/install/ardupilot_dds_tests:/opt/ros/humble /usr/bin/cmake --install /home/colin/ros2-mission-2/build/start_mission
[2.808s] Level 1:colcon.colcon_core.environment:checking '/home/colin/ros2-mission-2/install/start_mission' for CMake module files
[2.808s] Level 1:colcon.colcon_core.environment:checking '/home/colin/ros2-mission-2/install/start_mission' for CMake config files
[2.809s] Level 1:colcon.colcon_core.shell:create_environment_hook('start_mission', 'cmake_prefix_path')
[2.809s] INFO:colcon.colcon_core.shell:Creating environment hook '/home/colin/ros2-mission-2/install/start_mission/share/start_mission/hook/cmake_prefix_path.ps1'
[2.811s] INFO:colcon.colcon_core.shell:Creating environment descriptor '/home/colin/ros2-mission-2/install/start_mission/share/start_mission/hook/cmake_prefix_path.dsv'
[2.811s] INFO:colcon.colcon_core.shell:Creating environment hook '/home/colin/ros2-mission-2/install/start_mission/share/start_mission/hook/cmake_prefix_path.sh'
[2.812s] Level 1:colcon.colcon_core.environment:checking '/home/colin/ros2-mission-2/install/start_mission/bin'
[2.813s] Level 1:colcon.colcon_core.environment:checking '/home/colin/ros2-mission-2/install/start_mission/lib/pkgconfig/start_mission.pc'
[2.813s] Level 1:colcon.colcon_core.environment:checking '/home/colin/ros2-mission-2/install/start_mission/lib/python3.10/site-packages'
[2.813s] Level 1:colcon.colcon_core.environment:checking '/home/colin/ros2-mission-2/install/start_mission/bin'
[2.814s] INFO:colcon.colcon_core.shell:Creating package script '/home/colin/ros2-mission-2/install/start_mission/share/start_mission/package.ps1'
[2.815s] INFO:colcon.colcon_core.shell:Creating package descriptor '/home/colin/ros2-mission-2/install/start_mission/share/start_mission/package.dsv'
[2.816s] INFO:colcon.colcon_core.shell:Creating package script '/home/colin/ros2-mission-2/install/start_mission/share/start_mission/package.sh'
[2.817s] INFO:colcon.colcon_core.shell:Creating package script '/home/colin/ros2-mission-2/install/start_mission/share/start_mission/package.bash'
[2.818s] INFO:colcon.colcon_core.shell:Creating package script '/home/colin/ros2-mission-2/install/start_mission/share/start_mission/package.zsh'
[2.819s] Level 1:colcon.colcon_core.environment:create_file_with_runtime_dependencies(/home/colin/ros2-mission-2/install/start_mission/share/colcon-core/packages/start_mission)
[2.820s] Level 1:colcon.colcon_core.environment:create_environment_scripts_only(start_mission)
[2.821s] Level 1:colcon.colcon_core.environment:checking '/home/colin/ros2-mission-2/install/start_mission' for CMake module files
[2.821s] Level 1:colcon.colcon_core.environment:checking '/home/colin/ros2-mission-2/install/start_mission' for CMake config files
[2.821s] Level 1:colcon.colcon_core.shell:create_environment_hook('start_mission', 'cmake_prefix_path')
[2.822s] INFO:colcon.colcon_core.shell:Creating environment hook '/home/colin/ros2-mission-2/install/start_mission/share/start_mission/hook/cmake_prefix_path.ps1'
[2.822s] INFO:colcon.colcon_core.shell:Creating environment descriptor '/home/colin/ros2-mission-2/install/start_mission/share/start_mission/hook/cmake_prefix_path.dsv'
[2.823s] INFO:colcon.colcon_core.shell:Creating environment hook '/home/colin/ros2-mission-2/install/start_mission/share/start_mission/hook/cmake_prefix_path.sh'
[2.824s] Level 1:colcon.colcon_core.environment:checking '/home/colin/ros2-mission-2/install/start_mission/bin'
[2.824s] Level 1:colcon.colcon_core.environment:checking '/home/colin/ros2-mission-2/install/start_mission/lib/pkgconfig/start_mission.pc'
[2.824s] Level 1:colcon.colcon_core.environment:checking '/home/colin/ros2-mission-2/install/start_mission/lib/python3.10/site-packages'
[2.824s] Level 1:colcon.colcon_core.environment:checking '/home/colin/ros2-mission-2/install/start_mission/bin'
[2.825s] INFO:colcon.colcon_core.shell:Creating package script '/home/colin/ros2-mission-2/install/start_mission/share/start_mission/package.ps1'
[2.826s] INFO:colcon.colcon_core.shell:Creating package descriptor '/home/colin/ros2-mission-2/install/start_mission/share/start_mission/package.dsv'
[2.826s] INFO:colcon.colcon_core.shell:Creating package script '/home/colin/ros2-mission-2/install/start_mission/share/start_mission/package.sh'
[2.827s] INFO:colcon.colcon_core.shell:Creating package script '/home/colin/ros2-mission-2/install/start_mission/share/start_mission/package.bash'
[2.828s] INFO:colcon.colcon_core.shell:Creating package script '/home/colin/ros2-mission-2/install/start_mission/share/start_mission/package.zsh'
[2.828s] Level 1:colcon.colcon_core.environment:create_file_with_runtime_dependencies(/home/colin/ros2-mission-2/install/start_mission/share/colcon-core/packages/start_mission)
[4.332s] DEBUG:colcon.colcon_core.event_handler.log_command:Invoked command in '/home/colin/ros2-mission-2/build/mission_interfaces' returned '0': CMAKE_PREFIX_PATH=${CMAKE_PREFIX_PATH}:/home/colin/ardu_ws/install/testing:/home/colin/ardu_ws/install/test_nodes:/home/colin/ardu_ws/install/mission:/home/colin/ardu_ws/install/ardupilot_dds_tests:/opt/ros/humble /usr/bin/cmake /home/colin/ros2-mission-2/mission_interfaces -DCMAKE_INSTALL_PREFIX=/home/colin/ros2-mission-2/install/mission_interfaces
[4.333s] DEBUG:colcon.colcon_core.event_handler.log_command:Invoking command in '/home/colin/ros2-mission-2/build/mission_interfaces': CMAKE_PREFIX_PATH=${CMAKE_PREFIX_PATH}:/home/colin/ardu_ws/install/testing:/home/colin/ardu_ws/install/test_nodes:/home/colin/ardu_ws/install/mission:/home/colin/ardu_ws/install/ardupilot_dds_tests:/opt/ros/humble /usr/bin/cmake --build /home/colin/ros2-mission-2/build/mission_interfaces -- -j8 -l8
[8.720s] DEBUG:colcon.colcon_core.event_handler.log_command:Invoked command in '/home/colin/ros2-mission-2/build/mission_interfaces' returned '0': CMAKE_PREFIX_PATH=${CMAKE_PREFIX_PATH}:/home/colin/ardu_ws/install/testing:/home/colin/ardu_ws/install/test_nodes:/home/colin/ardu_ws/install/mission:/home/colin/ardu_ws/install/ardupilot_dds_tests:/opt/ros/humble /usr/bin/cmake --build /home/colin/ros2-mission-2/build/mission_interfaces -- -j8 -l8
[8.720s] DEBUG:colcon.colcon_core.event_handler.log_command:Invoking command in '/home/colin/ros2-mission-2/build/mission_interfaces': CMAKE_PREFIX_PATH=${CMAKE_PREFIX_PATH}:/home/colin/ardu_ws/install/testing:/home/colin/ardu_ws/install/test_nodes:/home/colin/ardu_ws/install/mission:/home/colin/ardu_ws/install/ardupilot_dds_tests:/opt/ros/humble /usr/bin/cmake --install /home/colin/ros2-mission-2/build/mission_interfaces
[8.853s] Level 1:colcon.colcon_core.environment:create_environment_scripts_only(mission_interfaces)
[8.854s] Level 1:colcon.colcon_core.environment:checking '/home/colin/ros2-mission-2/install/mission_interfaces' for CMake module files
[8.854s] DEBUG:colcon.colcon_core.event_handler.log_command:Invoked command in '/home/colin/ros2-mission-2/build/mission_interfaces' returned '0': CMAKE_PREFIX_PATH=${CMAKE_PREFIX_PATH}:/home/colin/ardu_ws/install/testing:/home/colin/ardu_ws/install/test_nodes:/home/colin/ardu_ws/install/mission:/home/colin/ardu_ws/install/ardupilot_dds_tests:/opt/ros/humble /usr/bin/cmake --install /home/colin/ros2-mission-2/build/mission_interfaces
[8.856s] Level 1:colcon.colcon_core.environment:checking '/home/colin/ros2-mission-2/install/mission_interfaces' for CMake config files
[8.857s] Level 1:colcon.colcon_core.shell:create_environment_hook('mission_interfaces', 'cmake_prefix_path')
[8.857s] INFO:colcon.colcon_core.shell:Creating environment hook '/home/colin/ros2-mission-2/install/mission_interfaces/share/mission_interfaces/hook/cmake_prefix_path.ps1'
[8.858s] INFO:colcon.colcon_core.shell:Creating environment descriptor '/home/colin/ros2-mission-2/install/mission_interfaces/share/mission_interfaces/hook/cmake_prefix_path.dsv'
[8.859s] INFO:colcon.colcon_core.shell:Creating environment hook '/home/colin/ros2-mission-2/install/mission_interfaces/share/mission_interfaces/hook/cmake_prefix_path.sh'
[8.860s] Level 1:colcon.colcon_core.environment:checking '/home/colin/ros2-mission-2/install/mission_interfaces/lib'
[8.860s] Level 1:colcon.colcon_core.shell:create_environment_hook('mission_interfaces', 'ld_library_path_lib')
[8.861s] INFO:colcon.colcon_core.shell:Creating environment hook '/home/colin/ros2-mission-2/install/mission_interfaces/share/mission_interfaces/hook/ld_library_path_lib.ps1'
[8.862s] INFO:colcon.colcon_core.shell:Creating environment descriptor '/home/colin/ros2-mission-2/install/mission_interfaces/share/mission_interfaces/hook/ld_library_path_lib.dsv'
[8.862s] INFO:colcon.colcon_core.shell:Creating environment hook '/home/colin/ros2-mission-2/install/mission_interfaces/share/mission_interfaces/hook/ld_library_path_lib.sh'
[8.863s] Level 1:colcon.colcon_core.environment:checking '/home/colin/ros2-mission-2/install/mission_interfaces/bin'
[8.863s] Level 1:colcon.colcon_core.environment:checking '/home/colin/ros2-mission-2/install/mission_interfaces/lib/pkgconfig/mission_interfaces.pc'
[8.864s] Level 1:colcon.colcon_core.environment:checking '/home/colin/ros2-mission-2/install/mission_interfaces/lib/python3.10/site-packages'
[8.864s] Level 1:colcon.colcon_core.environment:checking '/home/colin/ros2-mission-2/install/mission_interfaces/bin'
[8.865s] INFO:colcon.colcon_core.shell:Creating package script '/home/colin/ros2-mission-2/install/mission_interfaces/share/mission_interfaces/package.ps1'
[8.866s] INFO:colcon.colcon_core.shell:Creating package descriptor '/home/colin/ros2-mission-2/install/mission_interfaces/share/mission_interfaces/package.dsv'
[8.866s] INFO:colcon.colcon_core.shell:Creating package script '/home/colin/ros2-mission-2/install/mission_interfaces/share/mission_interfaces/package.sh'
[8.867s] INFO:colcon.colcon_core.shell:Creating package script '/home/colin/ros2-mission-2/install/mission_interfaces/share/mission_interfaces/package.bash'
[8.868s] INFO:colcon.colcon_core.shell:Creating package script '/home/colin/ros2-mission-2/install/mission_interfaces/share/mission_interfaces/package.zsh'
[8.868s] Level 1:colcon.colcon_core.environment:create_file_with_runtime_dependencies(/home/colin/ros2-mission-2/install/mission_interfaces/share/colcon-core/packages/mission_interfaces)
[8.870s] Level 1:colcon.colcon_core.environment:create_environment_scripts_only(mission_interfaces)
[8.870s] Level 1:colcon.colcon_core.environment:checking '/home/colin/ros2-mission-2/install/mission_interfaces' for CMake module files
[8.871s] Level 1:colcon.colcon_core.environment:checking '/home/colin/ros2-mission-2/install/mission_interfaces' for CMake config files
[8.871s] Level 1:colcon.colcon_core.shell:create_environment_hook('mission_interfaces', 'cmake_prefix_path')
[8.872s] INFO:colcon.colcon_core.shell:Creating environment hook '/home/colin/ros2-mission-2/install/mission_interfaces/share/mission_interfaces/hook/cmake_prefix_path.ps1'
[8.872s] INFO:colcon.colcon_core.shell:Creating environment descriptor '/home/colin/ros2-mission-2/install/mission_interfaces/share/mission_interfaces/hook/cmake_prefix_path.dsv'
[8.873s] INFO:colcon.colcon_core.shell:Creating environment hook '/home/colin/ros2-mission-2/install/mission_interfaces/share/mission_interfaces/hook/cmake_prefix_path.sh'
[8.874s] Level 1:colcon.colcon_core.environment:checking '/home/colin/ros2-mission-2/install/mission_interfaces/lib'
[8.874s] Level 1:colcon.colcon_core.shell:create_environment_hook('mission_interfaces', 'ld_library_path_lib')
[8.874s] INFO:colcon.colcon_core.shell:Creating environment hook '/home/colin/ros2-mission-2/install/mission_interfaces/share/mission_interfaces/hook/ld_library_path_lib.ps1'
[8.875s] INFO:colcon.colcon_core.shell:Creating environment descriptor '/home/colin/ros2-mission-2/install/mission_interfaces/share/mission_interfaces/hook/ld_library_path_lib.dsv'
[8.875s] INFO:colcon.colcon_core.shell:Creating environment hook '/home/colin/ros2-mission-2/install/mission_interfaces/share/mission_interfaces/hook/ld_library_path_lib.sh'
[8.876s] Level 1:colcon.colcon_core.environment:checking '/home/colin/ros2-mission-2/install/mission_interfaces/bin'
[8.876s] Level 1:colcon.colcon_core.environment:checking '/home/colin/ros2-mission-2/install/mission_interfaces/lib/pkgconfig/mission_interfaces.pc'
[8.876s] Level 1:colcon.colcon_core.environment:checking '/home/colin/ros2-mission-2/install/mission_interfaces/lib/python3.10/site-packages'
[8.877s] Level 1:colcon.colcon_core.environment:checking '/home/colin/ros2-mission-2/install/mission_interfaces/bin'
[8.877s] INFO:colcon.colcon_core.shell:Creating package script '/home/colin/ros2-mission-2/install/mission_interfaces/share/mission_interfaces/package.ps1'
[8.878s] INFO:colcon.colcon_core.shell:Creating package descriptor '/home/colin/ros2-mission-2/install/mission_interfaces/share/mission_interfaces/package.dsv'
[8.879s] INFO:colcon.colcon_core.shell:Creating package script '/home/colin/ros2-mission-2/install/mission_interfaces/share/mission_interfaces/package.sh'
[8.879s] INFO:colcon.colcon_core.shell:Creating package script '/home/colin/ros2-mission-2/install/mission_interfaces/share/mission_interfaces/package.bash'
[8.880s] INFO:colcon.colcon_core.shell:Creating package script '/home/colin/ros2-mission-2/install/mission_interfaces/share/mission_interfaces/package.zsh'
[8.880s] Level 1:colcon.colcon_core.environment:create_file_with_runtime_dependencies(/home/colin/ros2-mission-2/install/mission_interfaces/share/colcon-core/packages/mission_interfaces)
[8.881s] INFO:colcon.colcon_core.task.python.build:Building Python package in '/home/colin/ros2-mission-2/mission'
[8.881s] INFO:colcon.colcon_core.shell:Skip shell extension 'powershell' for command environment: Not usable outside of PowerShell
[8.882s] DEBUG:colcon.colcon_core.shell:Skip shell extension 'dsv' for command environment
[8.892s] INFO:colcon.colcon_ros.task.ament_python.build:Building ROS package in '/home/colin/ros2-mission-2/monitors' with build type 'ament_python'
[8.892s] Level 1:colcon.colcon_core.shell:create_environment_hook('test_nodes', 'ament_prefix_path')
[8.893s] INFO:colcon.colcon_core.shell:Creating environment hook '/home/colin/ros2-mission-2/install/test_nodes/share/test_nodes/hook/ament_prefix_path.ps1'
[8.896s] INFO:colcon.colcon_core.shell:Creating environment descriptor '/home/colin/ros2-mission-2/install/test_nodes/share/test_nodes/hook/ament_prefix_path.dsv'
[8.898s] INFO:colcon.colcon_core.shell:Creating environment hook '/home/colin/ros2-mission-2/install/test_nodes/share/test_nodes/hook/ament_prefix_path.sh'
[8.899s] INFO:colcon.colcon_core.shell:Skip shell extension 'powershell' for command environment: Not usable outside of PowerShell
[8.900s] DEBUG:colcon.colcon_core.shell:Skip shell extension 'dsv' for command environment
[9.888s] INFO:colcon.colcon_core.task.python.build:Building Python package in '/home/colin/ros2-mission-2/monitors'
[9.889s] INFO:colcon.colcon_core.shell:Skip shell extension 'powershell' for command environment: Not usable outside of PowerShell
[9.889s] DEBUG:colcon.colcon_core.shell:Skip shell extension 'dsv' for command environment
[10.625s] DEBUG:colcon.colcon_core.event_handler.log_command:Invoking command in '/home/colin/ros2-mission-2/mission': AMENT_PREFIX_PATH=/home/colin/ros2-mission-2/install/mission_interfaces:${AMENT_PREFIX_PATH} CMAKE_PREFIX_PATH=/home/colin/ros2-mission-2/install/mission_interfaces:${CMAKE_PREFIX_PATH} LD_LIBRARY_PATH=/home/colin/ros2-mission-2/install/mission_interfaces/lib:${LD_LIBRARY_PATH} PYTHONPATH=/home/colin/ros2-mission-2/build/mission/prefix_override:/usr/lib/python3/dist-packages/colcon_core/task/python/colcon_distutils_commands:/home/colin/ros2-mission-2/install/mission/lib/python3.10/site-packages:/home/colin/ros2-mission-2/install/mission_interfaces/local/lib/python3.10/dist-packages:${PYTHONPATH} /usr/bin/python3 -W ignore:setup.py install is deprecated -W ignore:easy_install command is deprecated setup.py egg_info --egg-base ../build/mission build --build-base /home/colin/ros2-mission-2/build/mission/build install --record /home/colin/ros2-mission-2/build/mission/install.log --single-version-externally-managed install_data
[10.926s] DEBUG:colcon.colcon_core.event_handler.log_command:Invoking command in '/home/colin/ros2-mission-2/monitors': AMENT_PREFIX_PATH=/home/colin/ros2-mission-2/install/mission_interfaces:${AMENT_PREFIX_PATH} CMAKE_PREFIX_PATH=/home/colin/ros2-mission-2/install/mission_interfaces:${CMAKE_PREFIX_PATH} LD_LIBRARY_PATH=/home/colin/ros2-mission-2/install/mission_interfaces/lib:${LD_LIBRARY_PATH} PYTHONPATH=/home/colin/ros2-mission-2/build/test_nodes/prefix_override:/usr/lib/python3/dist-packages/colcon_core/task/python/colcon_distutils_commands:/home/colin/ros2-mission-2/install/test_nodes/lib/python3.10/site-packages:/home/colin/ros2-mission-2/install/mission_interfaces/local/lib/python3.10/dist-packages:${PYTHONPATH} /usr/bin/python3 -W ignore:setup.py install is deprecated -W ignore:easy_install command is deprecated setup.py egg_info --egg-base ../build/test_nodes build --build-base /home/colin/ros2-mission-2/build/test_nodes/build install --record /home/colin/ros2-mission-2/build/test_nodes/install.log --single-version-externally-managed install_data
[11.719s] Level 1:colcon.colcon_core.environment:checking '/home/colin/ros2-mission-2/install/mission' for CMake module files
[11.720s] DEBUG:colcon.colcon_core.event_handler.log_command:Invoked command in '/home/colin/ros2-mission-2/mission' returned '0': AMENT_PREFIX_PATH=/home/colin/ros2-mission-2/install/mission_interfaces:${AMENT_PREFIX_PATH} CMAKE_PREFIX_PATH=/home/colin/ros2-mission-2/install/mission_interfaces:${CMAKE_PREFIX_PATH} LD_LIBRARY_PATH=/home/colin/ros2-mission-2/install/mission_interfaces/lib:${LD_LIBRARY_PATH} PYTHONPATH=/home/colin/ros2-mission-2/build/mission/prefix_override:/usr/lib/python3/dist-packages/colcon_core/task/python/colcon_distutils_commands:/home/colin/ros2-mission-2/install/mission/lib/python3.10/site-packages:/home/colin/ros2-mission-2/install/mission_interfaces/local/lib/python3.10/dist-packages:${PYTHONPATH} /usr/bin/python3 -W ignore:setup.py install is deprecated -W ignore:easy_install command is deprecated setup.py egg_info --egg-base ../build/mission build --build-base /home/colin/ros2-mission-2/build/mission/build install --record /home/colin/ros2-mission-2/build/mission/install.log --single-version-externally-managed install_data
[11.721s] Level 1:colcon.colcon_core.environment:checking '/home/colin/ros2-mission-2/install/mission' for CMake config files
[11.721s] Level 1:colcon.colcon_core.environment:checking '/home/colin/ros2-mission-2/install/mission/lib'
[11.721s] Level 1:colcon.colcon_core.environment:checking '/home/colin/ros2-mission-2/install/mission/bin'
[11.721s] Level 1:colcon.colcon_core.environment:checking '/home/colin/ros2-mission-2/install/mission/lib/pkgconfig/mission.pc'
[11.722s] Level 1:colcon.colcon_core.environment:checking '/home/colin/ros2-mission-2/install/mission/lib/python3.10/site-packages'
[11.722s] Level 1:colcon.colcon_core.shell:create_environment_hook('mission', 'pythonpath')
[11.722s] INFO:colcon.colcon_core.shell:Creating environment hook '/home/colin/ros2-mission-2/install/mission/share/mission/hook/pythonpath.ps1'
[11.723s] INFO:colcon.colcon_core.shell:Creating environment descriptor '/home/colin/ros2-mission-2/install/mission/share/mission/hook/pythonpath.dsv'
[11.724s] INFO:colcon.colcon_core.shell:Creating environment hook '/home/colin/ros2-mission-2/install/mission/share/mission/hook/pythonpath.sh'
[11.725s] Level 1:colcon.colcon_core.environment:checking '/home/colin/ros2-mission-2/install/mission/bin'
[11.725s] Level 1:colcon.colcon_core.environment:create_environment_scripts_only(mission)
[11.726s] INFO:colcon.colcon_core.shell:Creating package script '/home/colin/ros2-mission-2/install/mission/share/mission/package.ps1'
[11.727s] INFO:colcon.colcon_core.shell:Creating package descriptor '/home/colin/ros2-mission-2/install/mission/share/mission/package.dsv'
[11.728s] INFO:colcon.colcon_core.shell:Creating package script '/home/colin/ros2-mission-2/install/mission/share/mission/package.sh'
[11.728s] INFO:colcon.colcon_core.shell:Creating package script '/home/colin/ros2-mission-2/install/mission/share/mission/package.bash'
[11.729s] INFO:colcon.colcon_core.shell:Creating package script '/home/colin/ros2-mission-2/install/mission/share/mission/package.zsh'
[11.730s] Level 1:colcon.colcon_core.environment:create_file_with_runtime_dependencies(/home/colin/ros2-mission-2/install/mission/share/colcon-core/packages/mission)
[11.893s] Level 1:colcon.colcon_core.environment:checking '/home/colin/ros2-mission-2/install/test_nodes' for CMake module files
[11.894s] DEBUG:colcon.colcon_core.event_handler.log_command:Invoked command in '/home/colin/ros2-mission-2/monitors' returned '0': AMENT_PREFIX_PATH=/home/colin/ros2-mission-2/install/mission_interfaces:${AMENT_PREFIX_PATH} CMAKE_PREFIX_PATH=/home/colin/ros2-mission-2/install/mission_interfaces:${CMAKE_PREFIX_PATH} LD_LIBRARY_PATH=/home/colin/ros2-mission-2/install/mission_interfaces/lib:${LD_LIBRARY_PATH} PYTHONPATH=/home/colin/ros2-mission-2/build/test_nodes/prefix_override:/usr/lib/python3/dist-packages/colcon_core/task/python/colcon_distutils_commands:/home/colin/ros2-mission-2/install/test_nodes/lib/python3.10/site-packages:/home/colin/ros2-mission-2/install/mission_interfaces/local/lib/python3.10/dist-packages:${PYTHONPATH} /usr/bin/python3 -W ignore:setup.py install is deprecated -W ignore:easy_install command is deprecated setup.py egg_info --egg-base ../build/test_nodes build --build-base /home/colin/ros2-mission-2/build/test_nodes/build install --record /home/colin/ros2-mission-2/build/test_nodes/install.log --single-version-externally-managed install_data
[11.895s] Level 1:colcon.colcon_core.environment:checking '/home/colin/ros2-mission-2/install/test_nodes' for CMake config files
[11.896s] Level 1:colcon.colcon_core.environment:checking '/home/colin/ros2-mission-2/install/test_nodes/lib'
[11.896s] Level 1:colcon.colcon_core.environment:checking '/home/colin/ros2-mission-2/install/test_nodes/bin'
[11.897s] Level 1:colcon.colcon_core.environment:checking '/home/colin/ros2-mission-2/install/test_nodes/lib/pkgconfig/test_nodes.pc'
[11.897s] Level 1:colcon.colcon_core.environment:checking '/home/colin/ros2-mission-2/install/test_nodes/lib/python3.10/site-packages'
[11.898s] Level 1:colcon.colcon_core.shell:create_environment_hook('test_nodes', 'pythonpath')
[11.898s] INFO:colcon.colcon_core.shell:Creating environment hook '/home/colin/ros2-mission-2/install/test_nodes/share/test_nodes/hook/pythonpath.ps1'
[11.899s] INFO:colcon.colcon_core.shell:Creating environment descriptor '/home/colin/ros2-mission-2/install/test_nodes/share/test_nodes/hook/pythonpath.dsv'
[11.900s] INFO:colcon.colcon_core.shell:Creating environment hook '/home/colin/ros2-mission-2/install/test_nodes/share/test_nodes/hook/pythonpath.sh'
[11.902s] Level 1:colcon.colcon_core.environment:checking '/home/colin/ros2-mission-2/install/test_nodes/bin'
[11.902s] Level 1:colcon.colcon_core.environment:create_environment_scripts_only(test_nodes)
[11.903s] INFO:colcon.colcon_core.shell:Creating package script '/home/colin/ros2-mission-2/install/test_nodes/share/test_nodes/package.ps1'
[11.904s] INFO:colcon.colcon_core.shell:Creating package descriptor '/home/colin/ros2-mission-2/install/test_nodes/share/test_nodes/package.dsv'
[11.905s] INFO:colcon.colcon_core.shell:Creating package script '/home/colin/ros2-mission-2/install/test_nodes/share/test_nodes/package.sh'
[11.905s] INFO:colcon.colcon_core.shell:Creating package script '/home/colin/ros2-mission-2/install/test_nodes/share/test_nodes/package.bash'
[11.906s] INFO:colcon.colcon_core.shell:Creating package script '/home/colin/ros2-mission-2/install/test_nodes/share/test_nodes/package.zsh'
[11.906s] Level 1:colcon.colcon_core.environment:create_file_with_runtime_dependencies(/home/colin/ros2-mission-2/install/test_nodes/share/colcon-core/packages/test_nodes)
[11.908s] DEBUG:colcon.colcon_parallel_executor.executor.parallel:closing loop
[11.909s] DEBUG:colcon.colcon_parallel_executor.executor.parallel:loop closed
[11.910s] DEBUG:colcon.colcon_parallel_executor.executor.parallel:run_until_complete finished with '0'
[11.910s] DEBUG:colcon.colcon_core.event_reactor:joining thread
[11.951s] INFO:colcon.colcon_core.plugin_system:Skipping extension 'colcon_notification.desktop_notification.notify_send': Could not find 'notify-send'
[11.951s] INFO:colcon.colcon_core.plugin_system:Skipping extension 'colcon_notification.desktop_notification.terminal_notifier': Not used on non-Darwin systems
[11.952s] INFO:colcon.colcon_core.plugin_system:Skipping extension 'colcon_notification.desktop_notification.win32': Not used on non-Windows systems
[11.952s] INFO:colcon.colcon_notification.desktop_notification:Sending desktop notification using 'notify2'
[11.959s] DEBUG:colcon.colcon_notification.desktop_notification.notify2:Failed to initialize notify2: org.freedesktop.DBus.Error.ServiceUnknown: The name org.freedesktop.Notifications was not provided by any .service files
[11.959s] DEBUG:colcon.colcon_core.event_reactor:joined thread
[11.960s] INFO:colcon.colcon_core.shell:Creating prefix script '/home/colin/ros2-mission-2/install/local_setup.ps1'
[11.962s] INFO:colcon.colcon_core.shell:Creating prefix util module '/home/colin/ros2-mission-2/install/_local_setup_util_ps1.py'
[11.965s] INFO:colcon.colcon_core.shell:Creating prefix chain script '/home/colin/ros2-mission-2/install/setup.ps1'
[11.969s] INFO:colcon.colcon_core.shell:Creating prefix script '/home/colin/ros2-mission-2/install/local_setup.sh'
[11.971s] INFO:colcon.colcon_core.shell:Creating prefix util module '/home/colin/ros2-mission-2/install/_local_setup_util_sh.py'
[11.973s] INFO:colcon.colcon_core.shell:Creating prefix chain script '/home/colin/ros2-mission-2/install/setup.sh'
[11.976s] INFO:colcon.colcon_core.shell:Creating prefix script '/home/colin/ros2-mission-2/install/local_setup.bash'
[11.977s] INFO:colcon.colcon_core.shell:Creating prefix chain script '/home/colin/ros2-mission-2/install/setup.bash'
[11.980s] INFO:colcon.colcon_core.shell:Creating prefix script '/home/colin/ros2-mission-2/install/local_setup.zsh'
[11.980s] INFO:colcon.colcon_core.shell:Creating prefix chain script '/home/colin/ros2-mission-2/install/setup.zsh'
