[0.682s] Invoking command in '/home/colin/ardupilot_sim/ardu_ws/src/mission': PYTHONPATH=/home/colin/ardupilot_sim/ardu_ws/src/mission/build/mission/prefix_override:/usr/lib/python3/dist-packages/colcon_core/task/python/colcon_distutils_commands:/home/colin/ardupilot_sim/ardu_ws/src/mission/install/mission/lib/python3.10/site-packages:${PYTHONPATH} /usr/bin/python3 -W ignore:setup.py install is deprecated -W ignore:easy_install command is deprecated setup.py egg_info --egg-base build/mission build --build-base /home/colin/ardupilot_sim/ardu_ws/src/mission/build/mission/build install --record /home/colin/ardupilot_sim/ardu_ws/src/mission/build/mission/install.log --single-version-externally-managed install_data
[0.811s] /home/colin/.local/lib/python3.10/site-packages/setuptools/_distutils/dist.py:270: UserWarning: Unknown distribution option: 'tests_require'
[0.811s]   warnings.warn(msg)
[0.902s] running egg_info
[0.917s] writing build/mission/mission.egg-info/PKG-INFO
[0.918s] writing dependency_links to build/mission/mission.egg-info/dependency_links.txt
[0.918s] writing entry points to build/mission/mission.egg-info/entry_points.txt
[0.918s] writing requirements to build/mission/mission.egg-info/requires.txt
[0.918s] writing top-level names to build/mission/mission.egg-info/top_level.txt
[0.949s] reading manifest file 'build/mission/mission.egg-info/SOURCES.txt'
[0.950s] writing manifest file 'build/mission/mission.egg-info/SOURCES.txt'
[0.950s] running build
[0.950s] running build_py
[0.951s] copying mission/helper_func.py -> /home/colin/ardupilot_sim/ardu_ws/src/mission/build/mission/build/lib/mission
[0.951s] copying mission/approach.py -> /home/colin/ardupilot_sim/ardu_ws/src/mission/build/mission/build/lib/mission
[0.951s] copying mission/machine_vision.py -> /home/colin/ardupilot_sim/ardu_ws/src/mission/build/mission/build/lib/mission
[0.951s] copying mission/__init__.py -> /home/colin/ardupilot_sim/ardu_ws/src/mission/build/mission/build/lib/mission
[0.952s] copying mission/manual_control.py -> /home/colin/ardupilot_sim/ardu_ws/src/mission/build/mission/build/lib/mission
[0.952s] copying mission/valve_bucket_control.py -> /home/colin/ardupilot_sim/ardu_ws/src/mission/build/mission/build/lib/mission
[0.952s] copying mission/winch_control.py -> /home/colin/ardupilot_sim/ardu_ws/src/mission/build/mission/build/lib/mission
[0.952s] copying mission/state_node.py -> /home/colin/ardupilot_sim/ardu_ws/src/mission/build/mission/build/lib/mission
[0.952s] running install
[0.956s] running install_lib
[0.971s] copying /home/colin/ardupilot_sim/ardu_ws/src/mission/build/mission/build/lib/mission/approach.py -> /home/colin/ardupilot_sim/ardu_ws/src/mission/install/mission/lib/python3.10/site-packages/mission
[0.971s] copying /home/colin/ardupilot_sim/ardu_ws/src/mission/build/mission/build/lib/mission/machine_vision.py -> /home/colin/ardupilot_sim/ardu_ws/src/mission/install/mission/lib/python3.10/site-packages/mission
[0.971s] copying /home/colin/ardupilot_sim/ardu_ws/src/mission/build/mission/build/lib/mission/manual_control.py -> /home/colin/ardupilot_sim/ardu_ws/src/mission/install/mission/lib/python3.10/site-packages/mission
[0.972s] byte-compiling /home/colin/ardupilot_sim/ardu_ws/src/mission/install/mission/lib/python3.10/site-packages/mission/approach.py to approach.cpython-310.pyc
[0.973s] byte-compiling /home/colin/ardupilot_sim/ardu_ws/src/mission/install/mission/lib/python3.10/site-packages/mission/machine_vision.py to machine_vision.cpython-310.pyc
[0.974s] byte-compiling /home/colin/ardupilot_sim/ardu_ws/src/mission/install/mission/lib/python3.10/site-packages/mission/manual_control.py to manual_control.cpython-310.pyc
[0.974s] running install_data
[0.975s] copying resource/mission -> /home/colin/ardupilot_sim/ardu_ws/src/mission/install/mission/share/ament_index/resource_index/packages
[0.975s] copying package.xml -> /home/colin/ardupilot_sim/ardu_ws/src/mission/install/mission/share/mission
[0.975s] running install_egg_info
[0.991s] removing '/home/colin/ardupilot_sim/ardu_ws/src/mission/install/mission/lib/python3.10/site-packages/mission-0.0.0-py3.10.egg-info' (and everything under it)
[0.991s] Copying build/mission/mission.egg-info to /home/colin/ardupilot_sim/ardu_ws/src/mission/install/mission/lib/python3.10/site-packages/mission-0.0.0-py3.10.egg-info
[0.992s] running install_scripts
[1.114s] Installing approach script to /home/colin/ardupilot_sim/ardu_ws/src/mission/install/mission/lib/mission
[1.115s] Installing bucket_valve script to /home/colin/ardupilot_sim/ardu_ws/src/mission/install/mission/lib/mission
[1.115s] Installing control script to /home/colin/ardupilot_sim/ardu_ws/src/mission/install/mission/lib/mission
[1.115s] Installing state script to /home/colin/ardupilot_sim/ardu_ws/src/mission/install/mission/lib/mission
[1.115s] Installing vision script to /home/colin/ardupilot_sim/ardu_ws/src/mission/install/mission/lib/mission
[1.115s] Installing winch script to /home/colin/ardupilot_sim/ardu_ws/src/mission/install/mission/lib/mission
[1.116s] writing list of installed files to '/home/colin/ardupilot_sim/ardu_ws/src/mission/build/mission/install.log'
[1.141s] Invoked command in '/home/colin/ardupilot_sim/ardu_ws/src/mission' returned '0': PYTHONPATH=/home/colin/ardupilot_sim/ardu_ws/src/mission/build/mission/prefix_override:/usr/lib/python3/dist-packages/colcon_core/task/python/colcon_distutils_commands:/home/colin/ardupilot_sim/ardu_ws/src/mission/install/mission/lib/python3.10/site-packages:${PYTHONPATH} /usr/bin/python3 -W ignore:setup.py install is deprecated -W ignore:easy_install command is deprecated setup.py egg_info --egg-base build/mission build --build-base /home/colin/ardupilot_sim/ardu_ws/src/mission/build/mission/build install --record /home/colin/ardupilot_sim/ardu_ws/src/mission/build/mission/install.log --single-version-externally-managed install_data
