[0.066s] Invoking command in '/home/colin/ardupilot_sim/ardu_ws/src/build/ardupilot_gz_description': CMAKE_PREFIX_PATH=${CMAKE_PREFIX_PATH}:/home/colin/ardupilot_sim/ardu_ws/install/test_nodes:/home/colin/ardupilot_sim/ardu_ws/install/mission:/home/colin/ardupilot_sim/ardu_ws/install/ardupilot_dds_tests:/opt/ros/humble /usr/bin/cmake /home/colin/ardupilot_sim/ardu_ws/src/ardupilot_gz/ardupilot_gz_description -DCMAKE_INSTALL_PREFIX=/home/colin/ardupilot_sim/ardu_ws/src/install/ardupilot_gz_description
[0.288s] -- The C compiler identification is GNU 11.4.0
[0.783s] -- The CXX compiler identification is GNU 11.4.0
[1.020s] -- Detecting C compiler ABI info
[1.189s] -- Detecting C compiler ABI info - done
[1.194s] -- Check for working C compiler: /usr/lib/ccache/cc - skipped
[1.195s] -- Detecting C compile features
[1.195s] -- Detecting C compile features - done
[1.199s] -- Detecting CXX compiler ABI info
[1.372s] -- Detecting CXX compiler ABI info - done
[1.384s] -- Check for working CXX compiler: /usr/lib/ccache/c++ - skipped
[1.385s] -- Detecting CXX compile features
[1.385s] -- Detecting CXX compile features - done
[1.392s] -- Found ament_cmake: 1.3.11 (/opt/ros/humble/share/ament_cmake/cmake)
[1.867s] -- Found Python3: /usr/bin/python3 (found version "3.10.12") found components: Interpreter 
[2.029s] -- Found ament_lint_auto: 0.12.11 (/opt/ros/humble/share/ament_lint_auto/cmake)
[2.178s] -- Added test 'copyright' to check source files copyright and LICENSE
[2.184s] -- Added test 'lint_cmake' to check CMake code style
[2.190s] -- Added test 'xmllint' to check XML markup files
[2.194s] -- Configuring done
[2.202s] -- Generating done
[2.204s] -- Build files have been written to: /home/colin/ardupilot_sim/ardu_ws/src/build/ardupilot_gz_description
