[0.144s] DEBUG:colcon:Command line arguments: ['/usr/bin/colcon', 'build', '--packages-select', 'mission']
[0.144s] DEBUG:colcon:Parsed command line arguments: Namespace(log_base=None, log_level=None, verb_name='build', build_base='build', install_base='install', merge_install=False, symlink_install=False, test_result_base=None, continue_on_error=False, executor='parallel', parallel_workers=12, event_handlers=None, ignore_user_meta=False, metas=['./colcon.meta'], base_paths=['.'], packages_ignore=None, packages_ignore_regex=None, paths=None, packages_up_to=None, packages_up_to_regex=None, packages_above=None, packages_above_and_dependencies=None, packages_above_depth=None, packages_select_by_dep=None, packages_skip_by_dep=None, packages_skip_up_to=None, packages_select_build_failed=False, packages_skip_build_finished=False, packages_select_test_failures=False, packages_skip_test_passed=False, packages_select=['mission'], packages_skip=None, packages_select_regex=None, packages_skip_regex=None, packages_start=None, packages_end=None, allow_overriding=[], cmake_args=None, cmake_target=None, cmake_target_skip_unavailable=False, cmake_clean_cache=False, cmake_clean_first=False, cmake_force_configure=False, ament_cmake_args=None, catkin_cmake_args=None, catkin_skip_building_tests=False, mixin_files=None, mixin=None, verb_parser=<colcon_mixin.mixin.mixin_argument.MixinArgumentDecorator object at 0x7fd33abd3940>, verb_extension=<colcon_core.verb.build.BuildVerb object at 0x7fd33ad90f40>, main=<bound method BuildVerb.main of <colcon_core.verb.build.BuildVerb object at 0x7fd33ad90f40>>, mixin_verb=('build',))
[0.175s] Level 1:colcon.colcon_core.package_discovery:discover_packages(colcon_meta) check parameters
[0.175s] Level 1:colcon.colcon_core.package_discovery:discover_packages(recursive) check parameters
[0.175s] Level 1:colcon.colcon_core.package_discovery:discover_packages(ignore) check parameters
[0.175s] Level 1:colcon.colcon_core.package_discovery:discover_packages(path) check parameters
[0.175s] Level 1:colcon.colcon_core.package_discovery:discover_packages(colcon_meta) discover
[0.175s] Level 1:colcon.colcon_core.package_discovery:discover_packages(recursive) discover
[0.175s] INFO:colcon.colcon_core.package_discovery:Crawling recursively for packages in '/home/colin/ardupilot_sim/ardu_ws/src/mission'
[0.175s] Level 1:colcon.colcon_core.package_identification:_identify(.) by extensions ['ignore', 'ignore_ament_install']
[0.175s] Level 1:colcon.colcon_core.package_identification:_identify(.) by extension 'ignore'
[0.175s] Level 1:colcon.colcon_core.package_identification:_identify(.) by extension 'ignore_ament_install'
[0.175s] Level 1:colcon.colcon_core.package_identification:_identify(.) by extensions ['colcon_pkg']
[0.175s] Level 1:colcon.colcon_core.package_identification:_identify(.) by extension 'colcon_pkg'
[0.175s] Level 1:colcon.colcon_core.package_identification:_identify(.) by extensions ['colcon_meta']
[0.175s] Level 1:colcon.colcon_core.package_identification:_identify(.) by extension 'colcon_meta'
[0.175s] Level 1:colcon.colcon_core.package_identification:_identify(.) by extensions ['ros']
[0.175s] Level 1:colcon.colcon_core.package_identification:_identify(.) by extension 'ros'
[0.189s] DEBUG:colcon.colcon_core.package_identification:Package '.' with type 'ros.ament_python' and name 'mission'
[0.189s] Level 1:colcon.colcon_core.package_discovery:discover_packages(recursive) using defaults
[0.189s] Level 1:colcon.colcon_core.package_discovery:discover_packages(ignore) discover
[0.189s] Level 1:colcon.colcon_core.package_discovery:discover_packages(ignore) using defaults
[0.189s] Level 1:colcon.colcon_core.package_discovery:discover_packages(path) discover
[0.189s] Level 1:colcon.colcon_core.package_discovery:discover_packages(path) using defaults
[0.205s] Level 1:colcon.colcon_core.package_discovery:discover_packages(prefix_path) check parameters
[0.205s] Level 1:colcon.colcon_core.package_discovery:discover_packages(prefix_path) discover
[0.208s] DEBUG:colcon.colcon_installed_package_information.package_discovery:Found 27 installed packages in /home/colin/ardupilot_sim/ardu_ws/install
[0.209s] DEBUG:colcon.colcon_installed_package_information.package_discovery:Found 292 installed packages in /opt/ros/humble
[0.210s] Level 1:colcon.colcon_core.package_discovery:discover_packages(prefix_path) using defaults
[0.243s] Level 5:colcon.colcon_core.verb:set package 'mission' build argument 'cmake_args' from command line to 'None'
[0.243s] Level 5:colcon.colcon_core.verb:set package 'mission' build argument 'cmake_target' from command line to 'None'
[0.243s] Level 5:colcon.colcon_core.verb:set package 'mission' build argument 'cmake_target_skip_unavailable' from command line to 'False'
[0.243s] Level 5:colcon.colcon_core.verb:set package 'mission' build argument 'cmake_clean_cache' from command line to 'False'
[0.243s] Level 5:colcon.colcon_core.verb:set package 'mission' build argument 'cmake_clean_first' from command line to 'False'
[0.243s] Level 5:colcon.colcon_core.verb:set package 'mission' build argument 'cmake_force_configure' from command line to 'False'
[0.243s] Level 5:colcon.colcon_core.verb:set package 'mission' build argument 'ament_cmake_args' from command line to 'None'
[0.243s] Level 5:colcon.colcon_core.verb:set package 'mission' build argument 'catkin_cmake_args' from command line to 'None'
[0.243s] Level 5:colcon.colcon_core.verb:set package 'mission' build argument 'catkin_skip_building_tests' from command line to 'False'
[0.243s] DEBUG:colcon.colcon_core.verb:Building package 'mission' with the following arguments: {'ament_cmake_args': None, 'build_base': '/home/colin/ardupilot_sim/ardu_ws/src/mission/build/mission', 'catkin_cmake_args': None, 'catkin_skip_building_tests': False, 'cmake_args': None, 'cmake_clean_cache': False, 'cmake_clean_first': False, 'cmake_force_configure': False, 'cmake_target': None, 'cmake_target_skip_unavailable': False, 'install_base': '/home/colin/ardupilot_sim/ardu_ws/src/mission/install/mission', 'merge_install': False, 'path': '/home/colin/ardupilot_sim/ardu_ws/src/mission', 'symlink_install': False, 'test_result_base': None}
[0.244s] INFO:colcon.colcon_core.executor:Executing jobs using 'parallel' executor
[0.244s] DEBUG:colcon.colcon_parallel_executor.executor.parallel:run_until_complete
[0.245s] INFO:colcon.colcon_ros.task.ament_python.build:Building ROS package in '/home/colin/ardupilot_sim/ardu_ws/src/mission' with build type 'ament_python'
[0.245s] Level 1:colcon.colcon_core.shell:create_environment_hook('mission', 'ament_prefix_path')
[0.247s] INFO:colcon.colcon_core.plugin_system:Skipping extension 'colcon_core.shell.bat': Not used on non-Windows systems
[0.247s] INFO:colcon.colcon_core.shell:Creating environment hook '/home/colin/ardupilot_sim/ardu_ws/src/mission/install/mission/share/mission/hook/ament_prefix_path.ps1'
[0.247s] INFO:colcon.colcon_core.shell:Creating environment descriptor '/home/colin/ardupilot_sim/ardu_ws/src/mission/install/mission/share/mission/hook/ament_prefix_path.dsv'
[0.248s] INFO:colcon.colcon_core.shell:Creating environment hook '/home/colin/ardupilot_sim/ardu_ws/src/mission/install/mission/share/mission/hook/ament_prefix_path.sh'
[0.248s] INFO:colcon.colcon_core.shell:Skip shell extension 'powershell' for command environment: Not usable outside of PowerShell
[0.249s] DEBUG:colcon.colcon_core.shell:Skip shell extension 'dsv' for command environment
[0.434s] INFO:colcon.colcon_core.task.python.build:Building Python package in '/home/colin/ardupilot_sim/ardu_ws/src/mission'
[0.434s] INFO:colcon.colcon_core.shell:Skip shell extension 'powershell' for command environment: Not usable outside of PowerShell
[0.434s] DEBUG:colcon.colcon_core.shell:Skip shell extension 'dsv' for command environment
[0.904s] DEBUG:colcon.colcon_core.event_handler.log_command:Invoking command in '/home/colin/ardupilot_sim/ardu_ws/src/mission': PYTHONPATH=/home/colin/ardupilot_sim/ardu_ws/src/mission/build/mission/prefix_override:/usr/lib/python3/dist-packages/colcon_core/task/python/colcon_distutils_commands:/home/colin/ardupilot_sim/ardu_ws/src/mission/install/mission/lib/python3.10/site-packages:${PYTHONPATH} /usr/bin/python3 -W ignore:setup.py install is deprecated -W ignore:easy_install command is deprecated setup.py egg_info --egg-base build/mission build --build-base /home/colin/ardupilot_sim/ardu_ws/src/mission/build/mission/build install --record /home/colin/ardupilot_sim/ardu_ws/src/mission/build/mission/install.log --single-version-externally-managed install_data
[1.365s] DEBUG:colcon.colcon_core.event_handler.log_command:Invoked command in '/home/colin/ardupilot_sim/ardu_ws/src/mission' returned '0': PYTHONPATH=/home/colin/ardupilot_sim/ardu_ws/src/mission/build/mission/prefix_override:/usr/lib/python3/dist-packages/colcon_core/task/python/colcon_distutils_commands:/home/colin/ardupilot_sim/ardu_ws/src/mission/install/mission/lib/python3.10/site-packages:${PYTHONPATH} /usr/bin/python3 -W ignore:setup.py install is deprecated -W ignore:easy_install command is deprecated setup.py egg_info --egg-base build/mission build --build-base /home/colin/ardupilot_sim/ardu_ws/src/mission/build/mission/build install --record /home/colin/ardupilot_sim/ardu_ws/src/mission/build/mission/install.log --single-version-externally-managed install_data
[1.367s] Level 1:colcon.colcon_core.environment:checking '/home/colin/ardupilot_sim/ardu_ws/src/mission/install/mission' for CMake module files
[1.367s] Level 1:colcon.colcon_core.environment:checking '/home/colin/ardupilot_sim/ardu_ws/src/mission/install/mission' for CMake config files
[1.368s] Level 1:colcon.colcon_core.environment:checking '/home/colin/ardupilot_sim/ardu_ws/src/mission/install/mission/lib'
[1.368s] Level 1:colcon.colcon_core.environment:checking '/home/colin/ardupilot_sim/ardu_ws/src/mission/install/mission/bin'
[1.368s] Level 1:colcon.colcon_core.environment:checking '/home/colin/ardupilot_sim/ardu_ws/src/mission/install/mission/lib/pkgconfig/mission.pc'
[1.368s] Level 1:colcon.colcon_core.environment:checking '/home/colin/ardupilot_sim/ardu_ws/src/mission/install/mission/lib/python3.10/site-packages'
[1.368s] Level 1:colcon.colcon_core.shell:create_environment_hook('mission', 'pythonpath')
[1.369s] INFO:colcon.colcon_core.shell:Creating environment hook '/home/colin/ardupilot_sim/ardu_ws/src/mission/install/mission/share/mission/hook/pythonpath.ps1'
[1.369s] INFO:colcon.colcon_core.shell:Creating environment descriptor '/home/colin/ardupilot_sim/ardu_ws/src/mission/install/mission/share/mission/hook/pythonpath.dsv'
[1.369s] INFO:colcon.colcon_core.shell:Creating environment hook '/home/colin/ardupilot_sim/ardu_ws/src/mission/install/mission/share/mission/hook/pythonpath.sh'
[1.370s] Level 1:colcon.colcon_core.environment:checking '/home/colin/ardupilot_sim/ardu_ws/src/mission/install/mission/bin'
[1.370s] Level 1:colcon.colcon_core.environment:create_environment_scripts_only(mission)
[1.370s] INFO:colcon.colcon_core.shell:Creating package script '/home/colin/ardupilot_sim/ardu_ws/src/mission/install/mission/share/mission/package.ps1'
[1.371s] INFO:colcon.colcon_core.shell:Creating package descriptor '/home/colin/ardupilot_sim/ardu_ws/src/mission/install/mission/share/mission/package.dsv'
[1.371s] INFO:colcon.colcon_core.shell:Creating package script '/home/colin/ardupilot_sim/ardu_ws/src/mission/install/mission/share/mission/package.sh'
[1.372s] INFO:colcon.colcon_core.shell:Creating package script '/home/colin/ardupilot_sim/ardu_ws/src/mission/install/mission/share/mission/package.bash'
[1.372s] INFO:colcon.colcon_core.shell:Creating package script '/home/colin/ardupilot_sim/ardu_ws/src/mission/install/mission/share/mission/package.zsh'
[1.373s] Level 1:colcon.colcon_core.environment:create_file_with_runtime_dependencies(/home/colin/ardupilot_sim/ardu_ws/src/mission/install/mission/share/colcon-core/packages/mission)
[1.374s] DEBUG:colcon.colcon_parallel_executor.executor.parallel:closing loop
[1.374s] DEBUG:colcon.colcon_parallel_executor.executor.parallel:loop closed
[1.374s] DEBUG:colcon.colcon_parallel_executor.executor.parallel:run_until_complete finished with '0'
[1.375s] DEBUG:colcon.colcon_core.event_reactor:joining thread
[1.406s] INFO:colcon.colcon_core.plugin_system:Skipping extension 'colcon_notification.desktop_notification.notify_send': Could not find 'notify-send'
[1.406s] INFO:colcon.colcon_core.plugin_system:Skipping extension 'colcon_notification.desktop_notification.terminal_notifier': Not used on non-Darwin systems
[1.406s] INFO:colcon.colcon_core.plugin_system:Skipping extension 'colcon_notification.desktop_notification.win32': Not used on non-Windows systems
[1.406s] INFO:colcon.colcon_notification.desktop_notification:Sending desktop notification using 'notify2'
[1.406s] DEBUG:colcon.colcon_notification.desktop_notification.notify2:Failed to initialize notify2: org.freedesktop.DBus.Error.FileNotFound: Failed to connect to socket /run/user/1000/bus: No such file or directory
[1.406s] DEBUG:colcon.colcon_core.event_reactor:joined thread
[1.406s] INFO:colcon.colcon_core.shell:Creating prefix script '/home/colin/ardupilot_sim/ardu_ws/src/mission/install/local_setup.ps1'
[1.407s] INFO:colcon.colcon_core.shell:Creating prefix util module '/home/colin/ardupilot_sim/ardu_ws/src/mission/install/_local_setup_util_ps1.py'
[1.409s] INFO:colcon.colcon_core.shell:Creating prefix chain script '/home/colin/ardupilot_sim/ardu_ws/src/mission/install/setup.ps1'
[1.410s] INFO:colcon.colcon_core.shell:Creating prefix script '/home/colin/ardupilot_sim/ardu_ws/src/mission/install/local_setup.sh'
[1.411s] INFO:colcon.colcon_core.shell:Creating prefix util module '/home/colin/ardupilot_sim/ardu_ws/src/mission/install/_local_setup_util_sh.py'
[1.412s] INFO:colcon.colcon_core.shell:Creating prefix chain script '/home/colin/ardupilot_sim/ardu_ws/src/mission/install/setup.sh'
[1.413s] INFO:colcon.colcon_core.shell:Creating prefix script '/home/colin/ardupilot_sim/ardu_ws/src/mission/install/local_setup.bash'
[1.414s] INFO:colcon.colcon_core.shell:Creating prefix chain script '/home/colin/ardupilot_sim/ardu_ws/src/mission/install/setup.bash'
[1.415s] INFO:colcon.colcon_core.shell:Creating prefix script '/home/colin/ardupilot_sim/ardu_ws/src/mission/install/local_setup.zsh'
[1.416s] INFO:colcon.colcon_core.shell:Creating prefix chain script '/home/colin/ardupilot_sim/ardu_ws/src/mission/install/setup.zsh'
