-- The C compiler identification is GNU 11.4.0
-- The CXX compiler identification is GNU 11.4.0
-- Detecting C compiler ABI info
-- Detecting C compiler ABI info - done
-- Check for working C compiler: /usr/lib/ccache/cc - skipped
-- Detecting C compile features
-- Detecting C compile features - done
-- Detecting CXX compiler ABI info
-- Detecting CXX compiler ABI info - done
-- Check for working CXX compiler: /usr/lib/ccache/c++ - skipped
-- Detecting CXX compile features
-- Detecting CXX compile features - done
-- Found ament_cmake: 1.3.11 (/opt/ros/humble/share/ament_cmake/cmake)
-- Found Python3: /usr/bin/python3 (found version "3.10.12") found components: Interpreter 
-- Found rosidl_default_generators: 1.2.0 (/opt/ros/humble/share/rosidl_default_generators/cmake)
-- Using all available rosidl_typesupport_c: rosidl_typesupport_fastrtps_c;rosidl_typesupport_introspection_c
-- Found rosidl_adapter: 3.1.6 (/opt/ros/humble/share/rosidl_adapter/cmake)
-- Using all available rosidl_typesupport_cpp: rosidl_typesupport_fastrtps_cpp;rosidl_typesupport_introspection_cpp
-- Found ament_cmake_ros: 0.10.0 (/opt/ros/humble/share/ament_cmake_ros/cmake)
-- Using all available rosidl_typesupport_c: rosidl_typesupport_fastrtps_c;rosidl_typesupport_introspection_c
-- Using all available rosidl_typesupport_cpp: rosidl_typesupport_fastrtps_cpp;rosidl_typesupport_introspection_cpp
-- Found PythonInterp: /usr/bin/python3 (found suitable version "3.10.12", minimum required is "3.6") 
-- Found python_cmake_module: 0.10.0 (/opt/ros/humble/share/python_cmake_module/cmake)
-- Found PythonLibs: /usr/lib/x86_64-linux-gnu/libpython3.10.so (found suitable version "3.10.12", minimum required is "3.5") 
-- Using PYTHON_EXECUTABLE: /usr/bin/python3
-- Using PYTHON_INCLUDE_DIRS: /usr/include/python3.10
-- Using PYTHON_LIBRARIES: /usr/lib/x86_64-linux-gnu/libpython3.10.so
-- Found PythonExtra: .so  
-- Found ament_lint_auto: 0.12.11 (/opt/ros/humble/share/ament_lint_auto/cmake)
-- Added test 'copyright' to check source files copyright and LICENSE
-- Added test 'lint_cmake' to check CMake code style
-- Added test 'xmllint' to check XML markup files
-- Configuring done
-- Generating done
-- Build files have been written to: /home/colin/ros2-mission-2/build/mission_interfaces
[  2%] [34m[1mGenerating C code for ROS interfaces[0m
[  5%] [34m[1mGenerating C++ code for ROS interfaces[0m
[  5%] Built target ament_cmake_python_copy_mission_interfaces
running egg_info
creating mission_interfaces.egg-info
writing mission_interfaces.egg-info/PKG-INFO
writing dependency_links to mission_interfaces.egg-info/dependency_links.txt
writing top-level names to mission_interfaces.egg-info/top_level.txt
writing manifest file 'mission_interfaces.egg-info/SOURCES.txt'
reading manifest file 'mission_interfaces.egg-info/SOURCES.txt'
writing manifest file 'mission_interfaces.egg-info/SOURCES.txt'
[  5%] Built target ament_cmake_python_build_mission_interfaces_egg
[  5%] Built target mission_interfaces__cpp
[  7%] [34m[1mGenerating C++ type support for eProsima Fast-RTPS[0m
[ 10%] [34m[1mGenerating C++ type support dispatch for ROS interfaces[0m
[ 12%] [34m[1mGenerating C++ introspection for ROS interfaces[0m
[ 15%] [32mBuilding C object CMakeFiles/mission_interfaces__rosidl_generator_c.dir/rosidl_generator_c/mission_interfaces/srv/detail/get_pose__functions.c.o[0m
[ 17%] [32mBuilding C object CMakeFiles/mission_interfaces__rosidl_generator_c.dir/rosidl_generator_c/mission_interfaces/msg/detail/approach_info__functions.c.o[0m
[ 20%] [32m[1mLinking C shared library libmission_interfaces__rosidl_generator_c.so[0m
[ 20%] Built target mission_interfaces__rosidl_generator_c
[ 25%] [34m[1mGenerating C type support for eProsima Fast-RTPS[0m
[ 25%] [34m[1mGenerating C introspection for ROS interfaces[0m
[ 28%] [34m[1mGenerating C type support dispatch for ROS interfaces[0m
[ 30%] [32mBuilding CXX object CMakeFiles/mission_interfaces__rosidl_typesupport_cpp.dir/rosidl_typesupport_cpp/mission_interfaces/srv/get_pose__type_support.cpp.o[0m
[ 33%] [32mBuilding CXX object CMakeFiles/mission_interfaces__rosidl_typesupport_cpp.dir/rosidl_typesupport_cpp/mission_interfaces/msg/approach_info__type_support.cpp.o[0m
[ 35%] [32mBuilding CXX object CMakeFiles/mission_interfaces__rosidl_typesupport_introspection_cpp.dir/rosidl_typesupport_introspection_cpp/mission_interfaces/srv/detail/get_pose__type_support.cpp.o[0m
[ 38%] [32mBuilding CXX object CMakeFiles/mission_interfaces__rosidl_typesupport_introspection_cpp.dir/rosidl_typesupport_introspection_cpp/mission_interfaces/msg/detail/approach_info__type_support.cpp.o[0m
[ 41%] [32mBuilding CXX object CMakeFiles/mission_interfaces__rosidl_typesupport_fastrtps_cpp.dir/rosidl_typesupport_fastrtps_cpp/mission_interfaces/srv/detail/dds_fastrtps/get_pose__type_support.cpp.o[0m
[ 43%] [32mBuilding CXX object CMakeFiles/mission_interfaces__rosidl_typesupport_c.dir/rosidl_typesupport_c/mission_interfaces/srv/get_pose__type_support.cpp.o[0m
[ 46%] [32mBuilding CXX object CMakeFiles/mission_interfaces__rosidl_typesupport_c.dir/rosidl_typesupport_c/mission_interfaces/msg/approach_info__type_support.cpp.o[0m
[ 48%] [32mBuilding C object CMakeFiles/mission_interfaces__rosidl_typesupport_introspection_c.dir/rosidl_typesupport_introspection_c/mission_interfaces/srv/detail/get_pose__type_support.c.o[0m
[ 51%] [32mBuilding CXX object CMakeFiles/mission_interfaces__rosidl_typesupport_fastrtps_c.dir/rosidl_typesupport_fastrtps_c/mission_interfaces/srv/detail/get_pose__type_support_c.cpp.o[0m
[ 53%] [32m[1mLinking CXX shared library libmission_interfaces__rosidl_typesupport_c.so[0m
[ 56%] [32mBuilding C object CMakeFiles/mission_interfaces__rosidl_typesupport_introspection_c.dir/rosidl_typesupport_introspection_c/mission_interfaces/msg/detail/approach_info__type_support.c.o[0m
[ 56%] Built target mission_interfaces__rosidl_typesupport_c
[ 58%] [32m[1mLinking C shared library libmission_interfaces__rosidl_typesupport_introspection_c.so[0m
[ 61%] [32mBuilding CXX object CMakeFiles/mission_interfaces__rosidl_typesupport_fastrtps_c.dir/rosidl_typesupport_fastrtps_c/mission_interfaces/msg/detail/approach_info__type_support_c.cpp.o[0m
[ 61%] Built target mission_interfaces__rosidl_typesupport_introspection_c
[ 66%] [32mBuilding CXX object CMakeFiles/mission_interfaces__rosidl_typesupport_fastrtps_cpp.dir/rosidl_typesupport_fastrtps_cpp/mission_interfaces/msg/detail/dds_fastrtps/approach_info__type_support.cpp.o[0m
[ 66%] [32m[1mLinking CXX shared library libmission_interfaces__rosidl_typesupport_cpp.so[0m
[ 66%] Built target mission_interfaces__rosidl_typesupport_cpp
[ 69%] [32m[1mLinking CXX shared library libmission_interfaces__rosidl_typesupport_introspection_cpp.so[0m
[ 69%] Built target mission_interfaces__rosidl_typesupport_introspection_cpp
[ 71%] [32m[1mLinking CXX shared library libmission_interfaces__rosidl_typesupport_fastrtps_c.so[0m
[ 71%] Built target mission_interfaces__rosidl_typesupport_fastrtps_c
[ 74%] [32m[1mLinking CXX shared library libmission_interfaces__rosidl_typesupport_fastrtps_cpp.so[0m
[ 74%] Built target mission_interfaces__rosidl_typesupport_fastrtps_cpp
[ 74%] Built target mission_interfaces
[ 76%] [34m[1mGenerating Python code for ROS interfaces[0m
[ 76%] Built target mission_interfaces__py
[ 82%] [32mBuilding C object CMakeFiles/mission_interfaces__rosidl_generator_py.dir/rosidl_generator_py/mission_interfaces/srv/_get_pose_s.c.o[0m
[ 82%] [32mBuilding C object CMakeFiles/mission_interfaces__rosidl_generator_py.dir/rosidl_generator_py/mission_interfaces/msg/_approach_info_s.c.o[0m
[ 84%] [32m[1mLinking C shared library rosidl_generator_py/mission_interfaces/libmission_interfaces__rosidl_generator_py.so[0m
[ 84%] Built target mission_interfaces__rosidl_generator_py
[ 89%] [32mBuilding C object CMakeFiles/mission_interfaces__rosidl_typesupport_introspection_c__pyext.dir/rosidl_generator_py/mission_interfaces/_mission_interfaces_s.ep.rosidl_typesupport_introspection_c.c.o[0m
[ 89%] [32mBuilding C object CMakeFiles/mission_interfaces__rosidl_typesupport_c__pyext.dir/rosidl_generator_py/mission_interfaces/_mission_interfaces_s.ep.rosidl_typesupport_c.c.o[0m
[ 92%] [32mBuilding C object CMakeFiles/mission_interfaces__rosidl_typesupport_fastrtps_c__pyext.dir/rosidl_generator_py/mission_interfaces/_mission_interfaces_s.ep.rosidl_typesupport_fastrtps_c.c.o[0m
[ 97%] [32m[1mLinking C shared library rosidl_generator_py/mission_interfaces/mission_interfaces_s__rosidl_typesupport_c.cpython-310-x86_64-linux-gnu.so[0m
[ 97%] [32m[1mLinking C shared library rosidl_generator_py/mission_interfaces/mission_interfaces_s__rosidl_typesupport_introspection_c.cpython-310-x86_64-linux-gnu.so[0m
[100%] [32m[1mLinking C shared library rosidl_generator_py/mission_interfaces/mission_interfaces_s__rosidl_typesupport_fastrtps_c.cpython-310-x86_64-linux-gnu.so[0m
[100%] Built target mission_interfaces__rosidl_typesupport_c__pyext
[100%] Built target mission_interfaces__rosidl_typesupport_introspection_c__pyext
[100%] Built target mission_interfaces__rosidl_typesupport_fastrtps_c__pyext
-- Install configuration: ""
-- Installing: /home/colin/ros2-mission-2/install/mission_interfaces/share/ament_index/resource_index/rosidl_interfaces/mission_interfaces
-- Installing: /home/colin/ros2-mission-2/install/mission_interfaces/include/mission_interfaces/mission_interfaces
-- Installing: /home/colin/ros2-mission-2/install/mission_interfaces/include/mission_interfaces/mission_interfaces/msg
-- Installing: /home/colin/ros2-mission-2/install/mission_interfaces/include/mission_interfaces/mission_interfaces/msg/approach_info.h
-- Installing: /home/colin/ros2-mission-2/install/mission_interfaces/include/mission_interfaces/mission_interfaces/msg/detail
-- Installing: /home/colin/ros2-mission-2/install/mission_interfaces/include/mission_interfaces/mission_interfaces/msg/detail/approach_info__functions.c
-- Installing: /home/colin/ros2-mission-2/install/mission_interfaces/include/mission_interfaces/mission_interfaces/msg/detail/approach_info__type_support.h
-- Installing: /home/colin/ros2-mission-2/install/mission_interfaces/include/mission_interfaces/mission_interfaces/msg/detail/approach_info__functions.h
-- Installing: /home/colin/ros2-mission-2/install/mission_interfaces/include/mission_interfaces/mission_interfaces/msg/detail/approach_info__struct.h
-- Installing: /home/colin/ros2-mission-2/install/mission_interfaces/include/mission_interfaces/mission_interfaces/msg/rosidl_generator_c__visibility_control.h
-- Installing: /home/colin/ros2-mission-2/install/mission_interfaces/include/mission_interfaces/mission_interfaces/srv
-- Installing: /home/colin/ros2-mission-2/install/mission_interfaces/include/mission_interfaces/mission_interfaces/srv/detail
-- Installing: /home/colin/ros2-mission-2/install/mission_interfaces/include/mission_interfaces/mission_interfaces/srv/detail/get_pose__type_support.h
-- Installing: /home/colin/ros2-mission-2/install/mission_interfaces/include/mission_interfaces/mission_interfaces/srv/detail/get_pose__functions.c
-- Installing: /home/colin/ros2-mission-2/install/mission_interfaces/include/mission_interfaces/mission_interfaces/srv/detail/get_pose__functions.h
-- Installing: /home/colin/ros2-mission-2/install/mission_interfaces/include/mission_interfaces/mission_interfaces/srv/detail/get_pose__struct.h
-- Installing: /home/colin/ros2-mission-2/install/mission_interfaces/include/mission_interfaces/mission_interfaces/srv/get_pose.h
-- Installing: /home/colin/ros2-mission-2/install/mission_interfaces/share/mission_interfaces/environment/library_path.sh
-- Installing: /home/colin/ros2-mission-2/install/mission_interfaces/share/mission_interfaces/environment/library_path.dsv
-- Installing: /home/colin/ros2-mission-2/install/mission_interfaces/lib/libmission_interfaces__rosidl_generator_c.so
-- Set runtime path of "/home/colin/ros2-mission-2/install/mission_interfaces/lib/libmission_interfaces__rosidl_generator_c.so" to ""
-- Up-to-date: /home/colin/ros2-mission-2/install/mission_interfaces/include/mission_interfaces/mission_interfaces
-- Up-to-date: /home/colin/ros2-mission-2/install/mission_interfaces/include/mission_interfaces/mission_interfaces/msg
-- Up-to-date: /home/colin/ros2-mission-2/install/mission_interfaces/include/mission_interfaces/mission_interfaces/msg/detail
-- Installing: /home/colin/ros2-mission-2/install/mission_interfaces/include/mission_interfaces/mission_interfaces/msg/detail/approach_info__rosidl_typesupport_fastrtps_c.h
-- Installing: /home/colin/ros2-mission-2/install/mission_interfaces/include/mission_interfaces/mission_interfaces/msg/rosidl_typesupport_fastrtps_c__visibility_control.h
-- Up-to-date: /home/colin/ros2-mission-2/install/mission_interfaces/include/mission_interfaces/mission_interfaces/srv
-- Up-to-date: /home/colin/ros2-mission-2/install/mission_interfaces/include/mission_interfaces/mission_interfaces/srv/detail
-- Installing: /home/colin/ros2-mission-2/install/mission_interfaces/include/mission_interfaces/mission_interfaces/srv/detail/get_pose__rosidl_typesupport_fastrtps_c.h
-- Installing: /home/colin/ros2-mission-2/install/mission_interfaces/lib/libmission_interfaces__rosidl_typesupport_fastrtps_c.so
-- Set runtime path of "/home/colin/ros2-mission-2/install/mission_interfaces/lib/libmission_interfaces__rosidl_typesupport_fastrtps_c.so" to ""
-- Up-to-date: /home/colin/ros2-mission-2/install/mission_interfaces/include/mission_interfaces/mission_interfaces
-- Up-to-date: /home/colin/ros2-mission-2/install/mission_interfaces/include/mission_interfaces/mission_interfaces/msg
-- Installing: /home/colin/ros2-mission-2/install/mission_interfaces/include/mission_interfaces/mission_interfaces/msg/rosidl_typesupport_introspection_c__visibility_control.h
-- Up-to-date: /home/colin/ros2-mission-2/install/mission_interfaces/include/mission_interfaces/mission_interfaces/msg/detail
-- Installing: /home/colin/ros2-mission-2/install/mission_interfaces/include/mission_interfaces/mission_interfaces/msg/detail/approach_info__type_support.c
-- Installing: /home/colin/ros2-mission-2/install/mission_interfaces/include/mission_interfaces/mission_interfaces/msg/detail/approach_info__rosidl_typesupport_introspection_c.h
-- Up-to-date: /home/colin/ros2-mission-2/install/mission_interfaces/include/mission_interfaces/mission_interfaces/srv
-- Up-to-date: /home/colin/ros2-mission-2/install/mission_interfaces/include/mission_interfaces/mission_interfaces/srv/detail
-- Installing: /home/colin/ros2-mission-2/install/mission_interfaces/include/mission_interfaces/mission_interfaces/srv/detail/get_pose__rosidl_typesupport_introspection_c.h
-- Installing: /home/colin/ros2-mission-2/install/mission_interfaces/include/mission_interfaces/mission_interfaces/srv/detail/get_pose__type_support.c
-- Installing: /home/colin/ros2-mission-2/install/mission_interfaces/lib/libmission_interfaces__rosidl_typesupport_introspection_c.so
-- Set runtime path of "/home/colin/ros2-mission-2/install/mission_interfaces/lib/libmission_interfaces__rosidl_typesupport_introspection_c.so" to ""
-- Installing: /home/colin/ros2-mission-2/install/mission_interfaces/lib/libmission_interfaces__rosidl_typesupport_c.so
-- Set runtime path of "/home/colin/ros2-mission-2/install/mission_interfaces/lib/libmission_interfaces__rosidl_typesupport_c.so" to ""
-- Up-to-date: /home/colin/ros2-mission-2/install/mission_interfaces/include/mission_interfaces/mission_interfaces
-- Up-to-date: /home/colin/ros2-mission-2/install/mission_interfaces/include/mission_interfaces/mission_interfaces/msg
-- Installing: /home/colin/ros2-mission-2/install/mission_interfaces/include/mission_interfaces/mission_interfaces/msg/approach_info.hpp
-- Installing: /home/colin/ros2-mission-2/install/mission_interfaces/include/mission_interfaces/mission_interfaces/msg/rosidl_generator_cpp__visibility_control.hpp
-- Up-to-date: /home/colin/ros2-mission-2/install/mission_interfaces/include/mission_interfaces/mission_interfaces/msg/detail
-- Installing: /home/colin/ros2-mission-2/install/mission_interfaces/include/mission_interfaces/mission_interfaces/msg/detail/approach_info__traits.hpp
-- Installing: /home/colin/ros2-mission-2/install/mission_interfaces/include/mission_interfaces/mission_interfaces/msg/detail/approach_info__builder.hpp
-- Installing: /home/colin/ros2-mission-2/install/mission_interfaces/include/mission_interfaces/mission_interfaces/msg/detail/approach_info__type_support.hpp
-- Installing: /home/colin/ros2-mission-2/install/mission_interfaces/include/mission_interfaces/mission_interfaces/msg/detail/approach_info__struct.hpp
-- Up-to-date: /home/colin/ros2-mission-2/install/mission_interfaces/include/mission_interfaces/mission_interfaces/srv
-- Installing: /home/colin/ros2-mission-2/install/mission_interfaces/include/mission_interfaces/mission_interfaces/srv/get_pose.hpp
-- Up-to-date: /home/colin/ros2-mission-2/install/mission_interfaces/include/mission_interfaces/mission_interfaces/srv/detail
-- Installing: /home/colin/ros2-mission-2/install/mission_interfaces/include/mission_interfaces/mission_interfaces/srv/detail/get_pose__type_support.hpp
-- Installing: /home/colin/ros2-mission-2/install/mission_interfaces/include/mission_interfaces/mission_interfaces/srv/detail/get_pose__struct.hpp
-- Installing: /home/colin/ros2-mission-2/install/mission_interfaces/include/mission_interfaces/mission_interfaces/srv/detail/get_pose__builder.hpp
-- Installing: /home/colin/ros2-mission-2/install/mission_interfaces/include/mission_interfaces/mission_interfaces/srv/detail/get_pose__traits.hpp
-- Up-to-date: /home/colin/ros2-mission-2/install/mission_interfaces/include/mission_interfaces/mission_interfaces
-- Up-to-date: /home/colin/ros2-mission-2/install/mission_interfaces/include/mission_interfaces/mission_interfaces/msg
-- Installing: /home/colin/ros2-mission-2/install/mission_interfaces/include/mission_interfaces/mission_interfaces/msg/rosidl_typesupport_fastrtps_cpp__visibility_control.h
-- Up-to-date: /home/colin/ros2-mission-2/install/mission_interfaces/include/mission_interfaces/mission_interfaces/msg/detail
-- Installing: /home/colin/ros2-mission-2/install/mission_interfaces/include/mission_interfaces/mission_interfaces/msg/detail/approach_info__rosidl_typesupport_fastrtps_cpp.hpp
-- Installing: /home/colin/ros2-mission-2/install/mission_interfaces/include/mission_interfaces/mission_interfaces/msg/detail/dds_fastrtps
-- Up-to-date: /home/colin/ros2-mission-2/install/mission_interfaces/include/mission_interfaces/mission_interfaces/srv
-- Up-to-date: /home/colin/ros2-mission-2/install/mission_interfaces/include/mission_interfaces/mission_interfaces/srv/detail
-- Installing: /home/colin/ros2-mission-2/install/mission_interfaces/include/mission_interfaces/mission_interfaces/srv/detail/get_pose__rosidl_typesupport_fastrtps_cpp.hpp
-- Installing: /home/colin/ros2-mission-2/install/mission_interfaces/include/mission_interfaces/mission_interfaces/srv/detail/dds_fastrtps
-- Installing: /home/colin/ros2-mission-2/install/mission_interfaces/lib/libmission_interfaces__rosidl_typesupport_fastrtps_cpp.so
-- Set runtime path of "/home/colin/ros2-mission-2/install/mission_interfaces/lib/libmission_interfaces__rosidl_typesupport_fastrtps_cpp.so" to ""
-- Up-to-date: /home/colin/ros2-mission-2/install/mission_interfaces/include/mission_interfaces/mission_interfaces
-- Up-to-date: /home/colin/ros2-mission-2/install/mission_interfaces/include/mission_interfaces/mission_interfaces/msg
-- Up-to-date: /home/colin/ros2-mission-2/install/mission_interfaces/include/mission_interfaces/mission_interfaces/msg/detail
-- Installing: /home/colin/ros2-mission-2/install/mission_interfaces/include/mission_interfaces/mission_interfaces/msg/detail/approach_info__type_support.cpp
-- Installing: /home/colin/ros2-mission-2/install/mission_interfaces/include/mission_interfaces/mission_interfaces/msg/detail/approach_info__rosidl_typesupport_introspection_cpp.hpp
-- Up-to-date: /home/colin/ros2-mission-2/install/mission_interfaces/include/mission_interfaces/mission_interfaces/srv
-- Up-to-date: /home/colin/ros2-mission-2/install/mission_interfaces/include/mission_interfaces/mission_interfaces/srv/detail
-- Installing: /home/colin/ros2-mission-2/install/mission_interfaces/include/mission_interfaces/mission_interfaces/srv/detail/get_pose__type_support.cpp
-- Installing: /home/colin/ros2-mission-2/install/mission_interfaces/include/mission_interfaces/mission_interfaces/srv/detail/get_pose__rosidl_typesupport_introspection_cpp.hpp
-- Installing: /home/colin/ros2-mission-2/install/mission_interfaces/lib/libmission_interfaces__rosidl_typesupport_introspection_cpp.so
-- Set runtime path of "/home/colin/ros2-mission-2/install/mission_interfaces/lib/libmission_interfaces__rosidl_typesupport_introspection_cpp.so" to ""
-- Installing: /home/colin/ros2-mission-2/install/mission_interfaces/lib/libmission_interfaces__rosidl_typesupport_cpp.so
-- Set runtime path of "/home/colin/ros2-mission-2/install/mission_interfaces/lib/libmission_interfaces__rosidl_typesupport_cpp.so" to ""
-- Installing: /home/colin/ros2-mission-2/install/mission_interfaces/share/mission_interfaces/environment/pythonpath.sh
-- Installing: /home/colin/ros2-mission-2/install/mission_interfaces/share/mission_interfaces/environment/pythonpath.dsv
-- Installing: /home/colin/ros2-mission-2/install/mission_interfaces/local/lib/python3.10/dist-packages/mission_interfaces-0.0.0-py3.10.egg-info
-- Installing: /home/colin/ros2-mission-2/install/mission_interfaces/local/lib/python3.10/dist-packages/mission_interfaces-0.0.0-py3.10.egg-info/dependency_links.txt
-- Installing: /home/colin/ros2-mission-2/install/mission_interfaces/local/lib/python3.10/dist-packages/mission_interfaces-0.0.0-py3.10.egg-info/top_level.txt
-- Installing: /home/colin/ros2-mission-2/install/mission_interfaces/local/lib/python3.10/dist-packages/mission_interfaces-0.0.0-py3.10.egg-info/PKG-INFO
-- Installing: /home/colin/ros2-mission-2/install/mission_interfaces/local/lib/python3.10/dist-packages/mission_interfaces-0.0.0-py3.10.egg-info/SOURCES.txt
-- Installing: /home/colin/ros2-mission-2/install/mission_interfaces/local/lib/python3.10/dist-packages/mission_interfaces
-- Installing: /home/colin/ros2-mission-2/install/mission_interfaces/local/lib/python3.10/dist-packages/mission_interfaces/mission_interfaces_s__rosidl_typesupport_fastrtps_c.cpython-310-x86_64-linux-gnu.so
-- Installing: /home/colin/ros2-mission-2/install/mission_interfaces/local/lib/python3.10/dist-packages/mission_interfaces/_mission_interfaces_s.ep.rosidl_typesupport_fastrtps_c.c
-- Installing: /home/colin/ros2-mission-2/install/mission_interfaces/local/lib/python3.10/dist-packages/mission_interfaces/_mission_interfaces_s.ep.rosidl_typesupport_c.c
-- Installing: /home/colin/ros2-mission-2/install/mission_interfaces/local/lib/python3.10/dist-packages/mission_interfaces/mission_interfaces_s__rosidl_typesupport_c.cpython-310-x86_64-linux-gnu.so
-- Installing: /home/colin/ros2-mission-2/install/mission_interfaces/local/lib/python3.10/dist-packages/mission_interfaces/msg
-- Installing: /home/colin/ros2-mission-2/install/mission_interfaces/local/lib/python3.10/dist-packages/mission_interfaces/msg/__init__.py
-- Installing: /home/colin/ros2-mission-2/install/mission_interfaces/local/lib/python3.10/dist-packages/mission_interfaces/msg/_approach_info.py
-- Installing: /home/colin/ros2-mission-2/install/mission_interfaces/local/lib/python3.10/dist-packages/mission_interfaces/msg/_approach_info_s.c
-- Installing: /home/colin/ros2-mission-2/install/mission_interfaces/local/lib/python3.10/dist-packages/mission_interfaces/mission_interfaces_s__rosidl_typesupport_introspection_c.cpython-310-x86_64-linux-gnu.so
-- Installing: /home/colin/ros2-mission-2/install/mission_interfaces/local/lib/python3.10/dist-packages/mission_interfaces/__init__.py
-- Installing: /home/colin/ros2-mission-2/install/mission_interfaces/local/lib/python3.10/dist-packages/mission_interfaces/libmission_interfaces__rosidl_generator_py.so
-- Installing: /home/colin/ros2-mission-2/install/mission_interfaces/local/lib/python3.10/dist-packages/mission_interfaces/srv
-- Installing: /home/colin/ros2-mission-2/install/mission_interfaces/local/lib/python3.10/dist-packages/mission_interfaces/srv/_get_pose_s.c
-- Installing: /home/colin/ros2-mission-2/install/mission_interfaces/local/lib/python3.10/dist-packages/mission_interfaces/srv/__init__.py
-- Installing: /home/colin/ros2-mission-2/install/mission_interfaces/local/lib/python3.10/dist-packages/mission_interfaces/srv/_get_pose.py
-- Installing: /home/colin/ros2-mission-2/install/mission_interfaces/local/lib/python3.10/dist-packages/mission_interfaces/_mission_interfaces_s.ep.rosidl_typesupport_introspection_c.c
Listing '/home/colin/ros2-mission-2/install/mission_interfaces/local/lib/python3.10/dist-packages/mission_interfaces'...
Compiling '/home/colin/ros2-mission-2/install/mission_interfaces/local/lib/python3.10/dist-packages/mission_interfaces/__init__.py'...
Listing '/home/colin/ros2-mission-2/install/mission_interfaces/local/lib/python3.10/dist-packages/mission_interfaces/msg'...
Compiling '/home/colin/ros2-mission-2/install/mission_interfaces/local/lib/python3.10/dist-packages/mission_interfaces/msg/__init__.py'...
Compiling '/home/colin/ros2-mission-2/install/mission_interfaces/local/lib/python3.10/dist-packages/mission_interfaces/msg/_approach_info.py'...
Listing '/home/colin/ros2-mission-2/install/mission_interfaces/local/lib/python3.10/dist-packages/mission_interfaces/srv'...
Compiling '/home/colin/ros2-mission-2/install/mission_interfaces/local/lib/python3.10/dist-packages/mission_interfaces/srv/__init__.py'...
Compiling '/home/colin/ros2-mission-2/install/mission_interfaces/local/lib/python3.10/dist-packages/mission_interfaces/srv/_get_pose.py'...
-- Installing: /home/colin/ros2-mission-2/install/mission_interfaces/local/lib/python3.10/dist-packages/mission_interfaces/mission_interfaces_s__rosidl_typesupport_fastrtps_c.cpython-310-x86_64-linux-gnu.so
-- Set runtime path of "/home/colin/ros2-mission-2/install/mission_interfaces/local/lib/python3.10/dist-packages/mission_interfaces/mission_interfaces_s__rosidl_typesupport_fastrtps_c.cpython-310-x86_64-linux-gnu.so" to ""
-- Installing: /home/colin/ros2-mission-2/install/mission_interfaces/local/lib/python3.10/dist-packages/mission_interfaces/mission_interfaces_s__rosidl_typesupport_introspection_c.cpython-310-x86_64-linux-gnu.so
-- Set runtime path of "/home/colin/ros2-mission-2/install/mission_interfaces/local/lib/python3.10/dist-packages/mission_interfaces/mission_interfaces_s__rosidl_typesupport_introspection_c.cpython-310-x86_64-linux-gnu.so" to ""
-- Installing: /home/colin/ros2-mission-2/install/mission_interfaces/local/lib/python3.10/dist-packages/mission_interfaces/mission_interfaces_s__rosidl_typesupport_c.cpython-310-x86_64-linux-gnu.so
-- Set runtime path of "/home/colin/ros2-mission-2/install/mission_interfaces/local/lib/python3.10/dist-packages/mission_interfaces/mission_interfaces_s__rosidl_typesupport_c.cpython-310-x86_64-linux-gnu.so" to ""
-- Installing: /home/colin/ros2-mission-2/install/mission_interfaces/lib/libmission_interfaces__rosidl_generator_py.so
-- Set runtime path of "/home/colin/ros2-mission-2/install/mission_interfaces/lib/libmission_interfaces__rosidl_generator_py.so" to ""
-- Installing: /home/colin/ros2-mission-2/install/mission_interfaces/share/mission_interfaces/srv/GetPose.idl
-- Installing: /home/colin/ros2-mission-2/install/mission_interfaces/share/mission_interfaces/msg/ApproachInfo.idl
-- Installing: /home/colin/ros2-mission-2/install/mission_interfaces/share/mission_interfaces/srv/GetPose.srv
-- Installing: /home/colin/ros2-mission-2/install/mission_interfaces/share/mission_interfaces/srv/GetPose_Request.msg
-- Installing: /home/colin/ros2-mission-2/install/mission_interfaces/share/mission_interfaces/srv/GetPose_Response.msg
-- Installing: /home/colin/ros2-mission-2/install/mission_interfaces/share/mission_interfaces/msg/ApproachInfo.msg
-- Installing: /home/colin/ros2-mission-2/install/mission_interfaces/share/ament_index/resource_index/package_run_dependencies/mission_interfaces
-- Installing: /home/colin/ros2-mission-2/install/mission_interfaces/share/ament_index/resource_index/parent_prefix_path/mission_interfaces
-- Installing: /home/colin/ros2-mission-2/install/mission_interfaces/share/mission_interfaces/environment/ament_prefix_path.sh
-- Installing: /home/colin/ros2-mission-2/install/mission_interfaces/share/mission_interfaces/environment/ament_prefix_path.dsv
-- Installing: /home/colin/ros2-mission-2/install/mission_interfaces/share/mission_interfaces/environment/path.sh
-- Installing: /home/colin/ros2-mission-2/install/mission_interfaces/share/mission_interfaces/environment/path.dsv
-- Installing: /home/colin/ros2-mission-2/install/mission_interfaces/share/mission_interfaces/local_setup.bash
-- Installing: /home/colin/ros2-mission-2/install/mission_interfaces/share/mission_interfaces/local_setup.sh
-- Installing: /home/colin/ros2-mission-2/install/mission_interfaces/share/mission_interfaces/local_setup.zsh
-- Installing: /home/colin/ros2-mission-2/install/mission_interfaces/share/mission_interfaces/local_setup.dsv
-- Installing: /home/colin/ros2-mission-2/install/mission_interfaces/share/mission_interfaces/package.dsv
-- Installing: /home/colin/ros2-mission-2/install/mission_interfaces/share/ament_index/resource_index/packages/mission_interfaces
-- Installing: /home/colin/ros2-mission-2/install/mission_interfaces/share/mission_interfaces/cmake/export_mission_interfaces__rosidl_generator_cExport.cmake
-- Installing: /home/colin/ros2-mission-2/install/mission_interfaces/share/mission_interfaces/cmake/export_mission_interfaces__rosidl_generator_cExport-noconfig.cmake
-- Installing: /home/colin/ros2-mission-2/install/mission_interfaces/share/mission_interfaces/cmake/export_mission_interfaces__rosidl_typesupport_fastrtps_cExport.cmake
-- Installing: /home/colin/ros2-mission-2/install/mission_interfaces/share/mission_interfaces/cmake/export_mission_interfaces__rosidl_typesupport_fastrtps_cExport-noconfig.cmake
-- Installing: /home/colin/ros2-mission-2/install/mission_interfaces/share/mission_interfaces/cmake/mission_interfaces__rosidl_typesupport_introspection_cExport.cmake
-- Installing: /home/colin/ros2-mission-2/install/mission_interfaces/share/mission_interfaces/cmake/mission_interfaces__rosidl_typesupport_introspection_cExport-noconfig.cmake
-- Installing: /home/colin/ros2-mission-2/install/mission_interfaces/share/mission_interfaces/cmake/mission_interfaces__rosidl_typesupport_cExport.cmake
-- Installing: /home/colin/ros2-mission-2/install/mission_interfaces/share/mission_interfaces/cmake/mission_interfaces__rosidl_typesupport_cExport-noconfig.cmake
-- Installing: /home/colin/ros2-mission-2/install/mission_interfaces/share/mission_interfaces/cmake/export_mission_interfaces__rosidl_generator_cppExport.cmake
-- Installing: /home/colin/ros2-mission-2/install/mission_interfaces/share/mission_interfaces/cmake/export_mission_interfaces__rosidl_typesupport_fastrtps_cppExport.cmake
-- Installing: /home/colin/ros2-mission-2/install/mission_interfaces/share/mission_interfaces/cmake/export_mission_interfaces__rosidl_typesupport_fastrtps_cppExport-noconfig.cmake
-- Installing: /home/colin/ros2-mission-2/install/mission_interfaces/share/mission_interfaces/cmake/mission_interfaces__rosidl_typesupport_introspection_cppExport.cmake
-- Installing: /home/colin/ros2-mission-2/install/mission_interfaces/share/mission_interfaces/cmake/mission_interfaces__rosidl_typesupport_introspection_cppExport-noconfig.cmake
-- Installing: /home/colin/ros2-mission-2/install/mission_interfaces/share/mission_interfaces/cmake/mission_interfaces__rosidl_typesupport_cppExport.cmake
-- Installing: /home/colin/ros2-mission-2/install/mission_interfaces/share/mission_interfaces/cmake/mission_interfaces__rosidl_typesupport_cppExport-noconfig.cmake
-- Installing: /home/colin/ros2-mission-2/install/mission_interfaces/share/mission_interfaces/cmake/export_mission_interfaces__rosidl_generator_pyExport.cmake
-- Installing: /home/colin/ros2-mission-2/install/mission_interfaces/share/mission_interfaces/cmake/export_mission_interfaces__rosidl_generator_pyExport-noconfig.cmake
-- Installing: /home/colin/ros2-mission-2/install/mission_interfaces/share/mission_interfaces/cmake/rosidl_cmake-extras.cmake
-- Installing: /home/colin/ros2-mission-2/install/mission_interfaces/share/mission_interfaces/cmake/ament_cmake_export_include_directories-extras.cmake
-- Installing: /home/colin/ros2-mission-2/install/mission_interfaces/share/mission_interfaces/cmake/ament_cmake_export_libraries-extras.cmake
-- Installing: /home/colin/ros2-mission-2/install/mission_interfaces/share/mission_interfaces/cmake/ament_cmake_export_targets-extras.cmake
-- Installing: /home/colin/ros2-mission-2/install/mission_interfaces/share/mission_interfaces/cmake/rosidl_cmake_export_typesupport_targets-extras.cmake
-- Installing: /home/colin/ros2-mission-2/install/mission_interfaces/share/mission_interfaces/cmake/ament_cmake_export_dependencies-extras.cmake
-- Installing: /home/colin/ros2-mission-2/install/mission_interfaces/share/mission_interfaces/cmake/rosidl_cmake_export_typesupport_libraries-extras.cmake
-- Installing: /home/colin/ros2-mission-2/install/mission_interfaces/share/mission_interfaces/cmake/mission_interfacesConfig.cmake
-- Installing: /home/colin/ros2-mission-2/install/mission_interfaces/share/mission_interfaces/cmake/mission_interfacesConfig-version.cmake
-- Installing: /home/colin/ros2-mission-2/install/mission_interfaces/share/mission_interfaces/package.xml
