[0.766s] DEBUG:colcon:Command line arguments: ['/usr/local/bin/colcon', 'build', '--packages-up-to', 'mission']
[0.766s] DEBUG:colcon:Parsed command line arguments: Namespace(log_base=None, log_level=None, verb_name='build', build_base='build', install_base='install', merge_install=False, symlink_install=False, test_result_base=None, continue_on_error=False, executor='parallel', parallel_workers=4, event_handlers=None, ignore_user_meta=False, metas=['./colcon.meta'], base_paths=['.'], packages_ignore=None, packages_ignore_regex=None, paths=None, packages_up_to=['mission'], packages_up_to_regex=None, packages_above=None, packages_above_and_dependencies=None, packages_above_depth=None, packages_select_by_dep=None, packages_skip_by_dep=None, packages_skip_up_to=None, packages_select_build_failed=False, packages_skip_build_finished=False, packages_select_test_failures=False, packages_skip_test_passed=False, packages_select=None, packages_skip=None, packages_select_regex=None, packages_skip_regex=None, packages_start=None, packages_end=None, allow_overriding=[], cmake_args=None, cmake_target=None, cmake_target_skip_unavailable=False, cmake_clean_cache=False, cmake_clean_first=False, cmake_force_configure=False, ament_cmake_args=None, catkin_cmake_args=None, catkin_skip_building_tests=False, mixin_files=None, mixin=None, verb_parser=<colcon_mixin.mixin.mixin_argument.MixinArgumentDecorator object at 0x7fa5bfa020>, verb_extension=<colcon_core.verb.build.BuildVerb object at 0x7fa5bf9a50>, main=<bound method BuildVerb.main of <colcon_core.verb.build.BuildVerb object at 0x7fa5bf9a50>>, mixin_verb=('build',))
[1.798s] Level 1:colcon.colcon_core.package_discovery:discover_packages(colcon_meta) check parameters
[1.799s] Level 1:colcon.colcon_core.package_discovery:discover_packages(recursive) check parameters
[1.799s] Level 1:colcon.colcon_core.package_discovery:discover_packages(ignore) check parameters
[1.799s] Level 1:colcon.colcon_core.package_discovery:discover_packages(path) check parameters
[1.799s] Level 1:colcon.colcon_core.package_discovery:discover_packages(colcon_meta) discover
[1.800s] Level 1:colcon.colcon_core.package_discovery:discover_packages(recursive) discover
[1.800s] INFO:colcon.colcon_core.package_discovery:Crawling recursively for packages in '/ros2_ws'
[1.800s] Level 1:colcon.colcon_core.package_identification:_identify(.) by extensions ['ignore', 'ignore_ament_install']
[1.800s] Level 1:colcon.colcon_core.package_identification:_identify(.) by extension 'ignore'
[1.801s] Level 1:colcon.colcon_core.package_identification:_identify(.) by extension 'ignore_ament_install'
[1.801s] Level 1:colcon.colcon_core.package_identification:_identify(.) by extensions ['colcon_pkg']
[1.801s] Level 1:colcon.colcon_core.package_identification:_identify(.) by extension 'colcon_pkg'
[1.801s] Level 1:colcon.colcon_core.package_identification:_identify(.) by extensions ['colcon_meta']
[1.801s] Level 1:colcon.colcon_core.package_identification:_identify(.) by extension 'colcon_meta'
[1.802s] Level 1:colcon.colcon_core.package_identification:_identify(.) by extensions ['ros']
[1.802s] Level 1:colcon.colcon_core.package_identification:_identify(.) by extension 'ros'
[1.867s] Level 1:colcon.colcon_core.package_identification:_identify(.) by extensions ['cmake', 'python']
[1.867s] Level 1:colcon.colcon_core.package_identification:_identify(.) by extension 'cmake'
[1.867s] Level 1:colcon.colcon_core.package_identification:_identify(.) by extension 'python'
[1.867s] Level 1:colcon.colcon_core.package_identification:_identify(.) by extensions ['python_setup_py']
[1.867s] Level 1:colcon.colcon_core.package_identification:_identify(.) by extension 'python_setup_py'
[1.868s] Level 1:colcon.colcon_core.package_identification:_identify(build) by extensions ['ignore', 'ignore_ament_install']
[1.868s] Level 1:colcon.colcon_core.package_identification:_identify(build) by extension 'ignore'
[1.868s] Level 1:colcon.colcon_core.package_identification:_identify(build) ignored
[1.869s] Level 1:colcon.colcon_core.package_identification:_identify(install) by extensions ['ignore', 'ignore_ament_install']
[1.869s] Level 1:colcon.colcon_core.package_identification:_identify(install) by extension 'ignore'
[1.869s] Level 1:colcon.colcon_core.package_identification:_identify(install) ignored
[1.870s] Level 1:colcon.colcon_core.package_identification:_identify(log) by extensions ['ignore', 'ignore_ament_install']
[1.870s] Level 1:colcon.colcon_core.package_identification:_identify(log) by extension 'ignore'
[1.870s] Level 1:colcon.colcon_core.package_identification:_identify(log) ignored
[1.871s] Level 1:colcon.colcon_core.package_identification:_identify(mission) by extensions ['ignore', 'ignore_ament_install']
[1.871s] Level 1:colcon.colcon_core.package_identification:_identify(mission) by extension 'ignore'
[1.871s] Level 1:colcon.colcon_core.package_identification:_identify(mission) by extension 'ignore_ament_install'
[1.871s] Level 1:colcon.colcon_core.package_identification:_identify(mission) by extensions ['colcon_pkg']
[1.871s] Level 1:colcon.colcon_core.package_identification:_identify(mission) by extension 'colcon_pkg'
[1.872s] Level 1:colcon.colcon_core.package_identification:_identify(mission) by extensions ['colcon_meta']
[1.872s] Level 1:colcon.colcon_core.package_identification:_identify(mission) by extension 'colcon_meta'
[1.872s] Level 1:colcon.colcon_core.package_identification:_identify(mission) by extensions ['ros']
[1.872s] Level 1:colcon.colcon_core.package_identification:_identify(mission) by extension 'ros'
[1.884s] DEBUG:colcon.colcon_core.package_identification:Failed to parse potential ROS package manifest in'mission': Error(s) in package 'mission/package.xml':
The package "mission_interfaces" must not "build_depend" on a package with the same name as this package
The package "mission_interfaces" must not "build_export_depend" on a package with the same name as this package
The package "mission_interfaces" must not "exec_depend" on a package with the same name as this package
[1.885s] Level 1:colcon.colcon_core.package_identification:_identify(mission) by extensions ['cmake', 'python']
[1.885s] Level 1:colcon.colcon_core.package_identification:_identify(mission) by extension 'cmake'
[1.885s] Level 1:colcon.colcon_core.package_identification:_identify(mission) by extension 'python'
[1.885s] DEBUG:colcon.colcon_core.package_identification:Python package in 'mission' passes arguments to the setup() function which requires a different identification extension than 'python'
[1.886s] Level 1:colcon.colcon_core.package_identification:_identify(mission) by extensions ['python_setup_py']
[1.886s] Level 1:colcon.colcon_core.package_identification:_identify(mission) by extension 'python_setup_py'
[3.737s] DEBUG:colcon.colcon_core.package_identification:Package 'mission' with type 'python' and name 'mission'
[3.738s] Level 1:colcon.colcon_core.package_identification:_identify(mission_interfaces) by extensions ['ignore', 'ignore_ament_install']
[3.739s] Level 1:colcon.colcon_core.package_identification:_identify(mission_interfaces) by extension 'ignore'
[3.739s] Level 1:colcon.colcon_core.package_identification:_identify(mission_interfaces) by extension 'ignore_ament_install'
[3.739s] Level 1:colcon.colcon_core.package_identification:_identify(mission_interfaces) by extensions ['colcon_pkg']
[3.740s] Level 1:colcon.colcon_core.package_identification:_identify(mission_interfaces) by extension 'colcon_pkg'
[3.740s] Level 1:colcon.colcon_core.package_identification:_identify(mission_interfaces) by extensions ['colcon_meta']
[3.740s] Level 1:colcon.colcon_core.package_identification:_identify(mission_interfaces) by extension 'colcon_meta'
[3.740s] Level 1:colcon.colcon_core.package_identification:_identify(mission_interfaces) by extensions ['ros']
[3.740s] Level 1:colcon.colcon_core.package_identification:_identify(mission_interfaces) by extension 'ros'
[3.743s] DEBUG:colcon.colcon_core.package_identification:Package 'mission_interfaces' with type 'ros.ament_cmake' and name 'mission_interfaces'
[3.743s] Level 1:colcon.colcon_core.package_identification:_identify(monitors) by extensions ['ignore', 'ignore_ament_install']
[3.744s] Level 1:colcon.colcon_core.package_identification:_identify(monitors) by extension 'ignore'
[3.744s] Level 1:colcon.colcon_core.package_identification:_identify(monitors) by extension 'ignore_ament_install'
[3.744s] Level 1:colcon.colcon_core.package_identification:_identify(monitors) by extensions ['colcon_pkg']
[3.744s] Level 1:colcon.colcon_core.package_identification:_identify(monitors) by extension 'colcon_pkg'
[3.745s] Level 1:colcon.colcon_core.package_identification:_identify(monitors) by extensions ['colcon_meta']
[3.745s] Level 1:colcon.colcon_core.package_identification:_identify(monitors) by extension 'colcon_meta'
[3.745s] Level 1:colcon.colcon_core.package_identification:_identify(monitors) by extensions ['ros']
[3.745s] Level 1:colcon.colcon_core.package_identification:_identify(monitors) by extension 'ros'
[3.748s] DEBUG:colcon.colcon_core.package_identification:Package 'monitors' with type 'ros.ament_python' and name 'test_nodes'
[3.748s] Level 1:colcon.colcon_core.package_identification:_identify(start_mission) by extensions ['ignore', 'ignore_ament_install']
[3.749s] Level 1:colcon.colcon_core.package_identification:_identify(start_mission) by extension 'ignore'
[3.749s] Level 1:colcon.colcon_core.package_identification:_identify(start_mission) by extension 'ignore_ament_install'
[3.749s] Level 1:colcon.colcon_core.package_identification:_identify(start_mission) by extensions ['colcon_pkg']
[3.750s] Level 1:colcon.colcon_core.package_identification:_identify(start_mission) by extension 'colcon_pkg'
[3.750s] Level 1:colcon.colcon_core.package_identification:_identify(start_mission) by extensions ['colcon_meta']
[3.750s] Level 1:colcon.colcon_core.package_identification:_identify(start_mission) by extension 'colcon_meta'
[3.750s] Level 1:colcon.colcon_core.package_identification:_identify(start_mission) by extensions ['ros']
[3.750s] Level 1:colcon.colcon_core.package_identification:_identify(start_mission) by extension 'ros'
[3.753s] DEBUG:colcon.colcon_core.package_identification:Package 'start_mission' with type 'ros.ament_cmake' and name 'start_mission'
[3.753s] Level 1:colcon.colcon_core.package_discovery:discover_packages(recursive) using defaults
[3.753s] Level 1:colcon.colcon_core.package_discovery:discover_packages(ignore) discover
[3.753s] Level 1:colcon.colcon_core.package_discovery:discover_packages(ignore) using defaults
[3.753s] Level 1:colcon.colcon_core.package_discovery:discover_packages(path) discover
[3.754s] Level 1:colcon.colcon_core.package_discovery:discover_packages(path) using defaults
[3.845s] INFO:colcon.colcon_core.package_selection:Skipping package 'test_nodes' in 'monitors'
[3.845s] INFO:colcon.colcon_core.package_selection:Skipping package 'start_mission' in 'start_mission'
[3.847s] Level 1:colcon.colcon_core.package_discovery:discover_packages(prefix_path) check parameters
[3.847s] Level 1:colcon.colcon_core.package_discovery:discover_packages(prefix_path) discover
[3.860s] DEBUG:colcon.colcon_installed_package_information.package_discovery:Found 194 installed packages in /opt/ros/humble
[3.869s] Level 1:colcon.colcon_core.package_discovery:discover_packages(prefix_path) using defaults
[3.991s] Level 5:colcon.colcon_core.verb:set package 'mission_interfaces' build argument 'cmake_args' from command line to 'None'
[3.991s] Level 5:colcon.colcon_core.verb:set package 'mission_interfaces' build argument 'cmake_target' from command line to 'None'
[3.991s] Level 5:colcon.colcon_core.verb:set package 'mission_interfaces' build argument 'cmake_target_skip_unavailable' from command line to 'False'
[3.991s] Level 5:colcon.colcon_core.verb:set package 'mission_interfaces' build argument 'cmake_clean_cache' from command line to 'False'
[3.991s] Level 5:colcon.colcon_core.verb:set package 'mission_interfaces' build argument 'cmake_clean_first' from command line to 'False'
[3.991s] Level 5:colcon.colcon_core.verb:set package 'mission_interfaces' build argument 'cmake_force_configure' from command line to 'False'
[3.991s] Level 5:colcon.colcon_core.verb:set package 'mission_interfaces' build argument 'ament_cmake_args' from command line to 'None'
[3.992s] Level 5:colcon.colcon_core.verb:set package 'mission_interfaces' build argument 'catkin_cmake_args' from command line to 'None'
[3.992s] Level 5:colcon.colcon_core.verb:set package 'mission_interfaces' build argument 'catkin_skip_building_tests' from command line to 'False'
[3.992s] DEBUG:colcon.colcon_core.verb:Building package 'mission_interfaces' with the following arguments: {'ament_cmake_args': None, 'build_base': '/ros2_ws/build/mission_interfaces', 'catkin_cmake_args': None, 'catkin_skip_building_tests': False, 'cmake_args': None, 'cmake_clean_cache': False, 'cmake_clean_first': False, 'cmake_force_configure': False, 'cmake_target': None, 'cmake_target_skip_unavailable': False, 'install_base': '/ros2_ws/install/mission_interfaces', 'merge_install': False, 'path': '/ros2_ws/mission_interfaces', 'symlink_install': False, 'test_result_base': None}
[3.994s] Level 5:colcon.colcon_core.verb:set package 'mission' build argument 'cmake_args' from command line to 'None'
[3.994s] Level 5:colcon.colcon_core.verb:set package 'mission' build argument 'cmake_target' from command line to 'None'
[3.994s] Level 5:colcon.colcon_core.verb:set package 'mission' build argument 'cmake_target_skip_unavailable' from command line to 'False'
[3.994s] Level 5:colcon.colcon_core.verb:set package 'mission' build argument 'cmake_clean_cache' from command line to 'False'
[3.994s] Level 5:colcon.colcon_core.verb:set package 'mission' build argument 'cmake_clean_first' from command line to 'False'
[3.994s] Level 5:colcon.colcon_core.verb:set package 'mission' build argument 'cmake_force_configure' from command line to 'False'
[3.994s] Level 5:colcon.colcon_core.verb:set package 'mission' build argument 'ament_cmake_args' from command line to 'None'
[3.995s] Level 5:colcon.colcon_core.verb:set package 'mission' build argument 'catkin_cmake_args' from command line to 'None'
[3.995s] Level 5:colcon.colcon_core.verb:set package 'mission' build argument 'catkin_skip_building_tests' from command line to 'False'
[3.995s] DEBUG:colcon.colcon_core.verb:Building package 'mission' with the following arguments: {'ament_cmake_args': None, 'build_base': '/ros2_ws/build/mission', 'catkin_cmake_args': None, 'catkin_skip_building_tests': False, 'cmake_args': None, 'cmake_clean_cache': False, 'cmake_clean_first': False, 'cmake_force_configure': False, 'cmake_target': None, 'cmake_target_skip_unavailable': False, 'install_base': '/ros2_ws/install/mission', 'merge_install': False, 'path': '/ros2_ws/mission', 'symlink_install': False, 'test_result_base': None}
[3.995s] INFO:colcon.colcon_core.executor:Executing jobs using 'parallel' executor
[3.999s] DEBUG:colcon.colcon_parallel_executor.executor.parallel:run_until_complete
[4.001s] INFO:colcon.colcon_ros.task.ament_cmake.build:Building ROS package in '/ros2_ws/mission_interfaces' with build type 'ament_cmake'
[4.001s] INFO:colcon.colcon_cmake.task.cmake.build:Building CMake package in '/ros2_ws/mission_interfaces'
[4.013s] INFO:colcon.colcon_core.plugin_system:Skipping extension 'colcon_core.shell.bat': Not used on non-Windows systems
[4.014s] INFO:colcon.colcon_core.shell:Skip shell extension 'powershell' for command environment: Not usable outside of PowerShell
[4.014s] DEBUG:colcon.colcon_core.shell:Skip shell extension 'dsv' for command environment
[4.040s] DEBUG:colcon.colcon_core.event_handler.log_command:Invoking command in '/ros2_ws/build/mission_interfaces': CMAKE_PREFIX_PATH=/opt/ros/humble /usr/bin/cmake /ros2_ws/mission_interfaces -DCMAKE_INSTALL_PREFIX=/ros2_ws/install/mission_interfaces
[22.559s] DEBUG:colcon.colcon_core.event_handler.log_command:Invoked command in '/ros2_ws/build/mission_interfaces' returned '0': CMAKE_PREFIX_PATH=/opt/ros/humble /usr/bin/cmake /ros2_ws/mission_interfaces -DCMAKE_INSTALL_PREFIX=/ros2_ws/install/mission_interfaces
[22.566s] DEBUG:colcon.colcon_core.event_handler.log_command:Invoking command in '/ros2_ws/build/mission_interfaces': CMAKE_PREFIX_PATH=/opt/ros/humble /usr/bin/cmake --build /ros2_ws/build/mission_interfaces -- -j4 -l4
[51.767s] DEBUG:colcon.colcon_core.event_handler.log_command:Invoked command in '/ros2_ws/build/mission_interfaces' returned '0': CMAKE_PREFIX_PATH=/opt/ros/humble /usr/bin/cmake --build /ros2_ws/build/mission_interfaces -- -j4 -l4
[51.810s] DEBUG:colcon.colcon_core.event_handler.log_command:Invoking command in '/ros2_ws/build/mission_interfaces': CMAKE_PREFIX_PATH=/opt/ros/humble /usr/bin/cmake --install /ros2_ws/build/mission_interfaces
[52.345s] Level 1:colcon.colcon_core.environment:create_environment_scripts_only(mission_interfaces)
[52.364s] DEBUG:colcon.colcon_core.event_handler.log_command:Invoked command in '/ros2_ws/build/mission_interfaces' returned '0': CMAKE_PREFIX_PATH=/opt/ros/humble /usr/bin/cmake --install /ros2_ws/build/mission_interfaces
[52.392s] Level 1:colcon.colcon_core.environment:checking '/ros2_ws/install/mission_interfaces' for CMake module files
[52.397s] Level 1:colcon.colcon_core.environment:checking '/ros2_ws/install/mission_interfaces' for CMake config files
[52.399s] Level 1:colcon.colcon_core.shell:create_environment_hook('mission_interfaces', 'cmake_prefix_path')
[52.401s] INFO:colcon.colcon_core.shell:Creating environment hook '/ros2_ws/install/mission_interfaces/share/mission_interfaces/hook/cmake_prefix_path.ps1'
[52.411s] INFO:colcon.colcon_core.shell:Creating environment descriptor '/ros2_ws/install/mission_interfaces/share/mission_interfaces/hook/cmake_prefix_path.dsv'
[52.433s] INFO:colcon.colcon_core.shell:Creating environment hook '/ros2_ws/install/mission_interfaces/share/mission_interfaces/hook/cmake_prefix_path.sh'
[52.451s] Level 1:colcon.colcon_core.environment:checking '/ros2_ws/install/mission_interfaces/lib'
[52.455s] Level 1:colcon.colcon_core.shell:create_environment_hook('mission_interfaces', 'ld_library_path_lib')
[52.457s] INFO:colcon.colcon_core.shell:Creating environment hook '/ros2_ws/install/mission_interfaces/share/mission_interfaces/hook/ld_library_path_lib.ps1'
[52.466s] INFO:colcon.colcon_core.shell:Creating environment descriptor '/ros2_ws/install/mission_interfaces/share/mission_interfaces/hook/ld_library_path_lib.dsv'
[52.472s] INFO:colcon.colcon_core.shell:Creating environment hook '/ros2_ws/install/mission_interfaces/share/mission_interfaces/hook/ld_library_path_lib.sh'
[52.481s] Level 1:colcon.colcon_core.environment:checking '/ros2_ws/install/mission_interfaces/bin'
[52.481s] Level 1:colcon.colcon_core.environment:checking '/ros2_ws/install/mission_interfaces/lib/pkgconfig/mission_interfaces.pc'
[52.483s] Level 1:colcon.colcon_core.environment:checking '/ros2_ws/install/mission_interfaces/lib/python3.10/site-packages'
[52.485s] Level 1:colcon.colcon_core.environment:checking '/ros2_ws/install/mission_interfaces/bin'
[52.487s] INFO:colcon.colcon_core.shell:Creating package script '/ros2_ws/install/mission_interfaces/share/mission_interfaces/package.ps1'
[52.499s] INFO:colcon.colcon_core.shell:Creating package descriptor '/ros2_ws/install/mission_interfaces/share/mission_interfaces/package.dsv'
[52.506s] INFO:colcon.colcon_core.shell:Creating package script '/ros2_ws/install/mission_interfaces/share/mission_interfaces/package.sh'
[52.512s] INFO:colcon.colcon_core.shell:Creating package script '/ros2_ws/install/mission_interfaces/share/mission_interfaces/package.bash'
[52.524s] INFO:colcon.colcon_core.shell:Creating package script '/ros2_ws/install/mission_interfaces/share/mission_interfaces/package.zsh'
[52.529s] Level 1:colcon.colcon_core.environment:create_file_with_runtime_dependencies(/ros2_ws/install/mission_interfaces/share/colcon-core/packages/mission_interfaces)
[52.533s] Level 1:colcon.colcon_core.environment:create_environment_scripts_only(mission_interfaces)
[52.535s] Level 1:colcon.colcon_core.environment:checking '/ros2_ws/install/mission_interfaces' for CMake module files
[52.538s] Level 1:colcon.colcon_core.environment:checking '/ros2_ws/install/mission_interfaces' for CMake config files
[52.539s] Level 1:colcon.colcon_core.shell:create_environment_hook('mission_interfaces', 'cmake_prefix_path')
[52.540s] INFO:colcon.colcon_core.shell:Creating environment hook '/ros2_ws/install/mission_interfaces/share/mission_interfaces/hook/cmake_prefix_path.ps1'
[52.543s] INFO:colcon.colcon_core.shell:Creating environment descriptor '/ros2_ws/install/mission_interfaces/share/mission_interfaces/hook/cmake_prefix_path.dsv'
[52.547s] INFO:colcon.colcon_core.shell:Creating environment hook '/ros2_ws/install/mission_interfaces/share/mission_interfaces/hook/cmake_prefix_path.sh'
[52.552s] Level 1:colcon.colcon_core.environment:checking '/ros2_ws/install/mission_interfaces/lib'
[52.553s] Level 1:colcon.colcon_core.shell:create_environment_hook('mission_interfaces', 'ld_library_path_lib')
[52.554s] INFO:colcon.colcon_core.shell:Creating environment hook '/ros2_ws/install/mission_interfaces/share/mission_interfaces/hook/ld_library_path_lib.ps1'
[52.557s] INFO:colcon.colcon_core.shell:Creating environment descriptor '/ros2_ws/install/mission_interfaces/share/mission_interfaces/hook/ld_library_path_lib.dsv'
[52.560s] INFO:colcon.colcon_core.shell:Creating environment hook '/ros2_ws/install/mission_interfaces/share/mission_interfaces/hook/ld_library_path_lib.sh'
[52.563s] Level 1:colcon.colcon_core.environment:checking '/ros2_ws/install/mission_interfaces/bin'
[52.563s] Level 1:colcon.colcon_core.environment:checking '/ros2_ws/install/mission_interfaces/lib/pkgconfig/mission_interfaces.pc'
[52.564s] Level 1:colcon.colcon_core.environment:checking '/ros2_ws/install/mission_interfaces/lib/python3.10/site-packages'
[52.565s] Level 1:colcon.colcon_core.environment:checking '/ros2_ws/install/mission_interfaces/bin'
[52.567s] INFO:colcon.colcon_core.shell:Creating package script '/ros2_ws/install/mission_interfaces/share/mission_interfaces/package.ps1'
[52.572s] INFO:colcon.colcon_core.shell:Creating package descriptor '/ros2_ws/install/mission_interfaces/share/mission_interfaces/package.dsv'
[52.575s] INFO:colcon.colcon_core.shell:Creating package script '/ros2_ws/install/mission_interfaces/share/mission_interfaces/package.sh'
[52.580s] INFO:colcon.colcon_core.shell:Creating package script '/ros2_ws/install/mission_interfaces/share/mission_interfaces/package.bash'
[52.583s] INFO:colcon.colcon_core.shell:Creating package script '/ros2_ws/install/mission_interfaces/share/mission_interfaces/package.zsh'
[52.595s] Level 1:colcon.colcon_core.environment:create_file_with_runtime_dependencies(/ros2_ws/install/mission_interfaces/share/colcon-core/packages/mission_interfaces)
[52.602s] INFO:colcon.colcon_core.task.python.build:Building Python package in '/ros2_ws/mission'
[52.605s] INFO:colcon.colcon_core.shell:Skip shell extension 'powershell' for command environment: Not usable outside of PowerShell
[52.605s] DEBUG:colcon.colcon_core.shell:Skip shell extension 'dsv' for command environment
[57.759s] DEBUG:colcon.colcon_core.event_handler.log_command:Invoking command in '/ros2_ws/mission': AMENT_PREFIX_PATH=/ros2_ws/install/mission_interfaces:${AMENT_PREFIX_PATH} CMAKE_PREFIX_PATH=/ros2_ws/install/mission_interfaces LD_LIBRARY_PATH=/ros2_ws/install/mission_interfaces/lib:${LD_LIBRARY_PATH} PYTHONPATH=/ros2_ws/build/mission/prefix_override:/usr/local/lib/python3.10/dist-packages/colcon_core/task/python/colcon_distutils_commands:/ros2_ws/install/mission/lib/python3.10/site-packages:/ros2_ws/install/mission_interfaces/local/lib/python3.10/dist-packages:${PYTHONPATH} /usr/bin/python3 -W ignore:setup.py install is deprecated -W ignore:easy_install command is deprecated setup.py egg_info --egg-base ../build/mission build --build-base /ros2_ws/build/mission/build install --record /ros2_ws/build/mission/install.log --single-version-externally-managed install_data
[60.544s] Level 1:colcon.colcon_core.environment:checking '/ros2_ws/install/mission' for CMake module files
[60.546s] Level 1:colcon.colcon_core.environment:checking '/ros2_ws/install/mission' for CMake config files
[60.548s] DEBUG:colcon.colcon_core.event_handler.log_command:Invoked command in '/ros2_ws/mission' returned '0': AMENT_PREFIX_PATH=/ros2_ws/install/mission_interfaces:${AMENT_PREFIX_PATH} CMAKE_PREFIX_PATH=/ros2_ws/install/mission_interfaces LD_LIBRARY_PATH=/ros2_ws/install/mission_interfaces/lib:${LD_LIBRARY_PATH} PYTHONPATH=/ros2_ws/build/mission/prefix_override:/usr/local/lib/python3.10/dist-packages/colcon_core/task/python/colcon_distutils_commands:/ros2_ws/install/mission/lib/python3.10/site-packages:/ros2_ws/install/mission_interfaces/local/lib/python3.10/dist-packages:${PYTHONPATH} /usr/bin/python3 -W ignore:setup.py install is deprecated -W ignore:easy_install command is deprecated setup.py egg_info --egg-base ../build/mission build --build-base /ros2_ws/build/mission/build install --record /ros2_ws/build/mission/install.log --single-version-externally-managed install_data
[60.550s] Level 1:colcon.colcon_core.environment:checking '/ros2_ws/install/mission/lib'
[60.551s] Level 1:colcon.colcon_core.environment:checking '/ros2_ws/install/mission/bin'
[60.552s] Level 1:colcon.colcon_core.environment:checking '/ros2_ws/install/mission/lib/pkgconfig/mission.pc'
[60.553s] Level 1:colcon.colcon_core.environment:checking '/ros2_ws/install/mission/lib/python3.10/site-packages'
[60.553s] Level 1:colcon.colcon_core.shell:create_environment_hook('mission', 'pythonpath')
[60.554s] INFO:colcon.colcon_core.shell:Creating environment hook '/ros2_ws/install/mission/share/mission/hook/pythonpath.ps1'
[60.558s] INFO:colcon.colcon_core.shell:Creating environment descriptor '/ros2_ws/install/mission/share/mission/hook/pythonpath.dsv'
[60.562s] INFO:colcon.colcon_core.shell:Creating environment hook '/ros2_ws/install/mission/share/mission/hook/pythonpath.sh'
[60.568s] Level 1:colcon.colcon_core.environment:checking '/ros2_ws/install/mission/bin'
[60.569s] Level 1:colcon.colcon_core.environment:create_environment_scripts_only(mission)
[60.570s] INFO:colcon.colcon_core.shell:Creating package script '/ros2_ws/install/mission/share/mission/package.ps1'
[60.575s] INFO:colcon.colcon_core.shell:Creating package descriptor '/ros2_ws/install/mission/share/mission/package.dsv'
[60.579s] INFO:colcon.colcon_core.shell:Creating package script '/ros2_ws/install/mission/share/mission/package.sh'
[60.583s] INFO:colcon.colcon_core.shell:Creating package script '/ros2_ws/install/mission/share/mission/package.bash'
[60.587s] INFO:colcon.colcon_core.shell:Creating package script '/ros2_ws/install/mission/share/mission/package.zsh'
[60.591s] Level 1:colcon.colcon_core.environment:create_file_with_runtime_dependencies(/ros2_ws/install/mission/share/colcon-core/packages/mission)
[60.597s] DEBUG:colcon.colcon_parallel_executor.executor.parallel:closing loop
[60.598s] DEBUG:colcon.colcon_parallel_executor.executor.parallel:loop closed
[60.598s] DEBUG:colcon.colcon_parallel_executor.executor.parallel:run_until_complete finished with '0'
[60.598s] DEBUG:colcon.colcon_core.event_reactor:joining thread
[60.650s] INFO:colcon.colcon_core.plugin_system:Skipping extension 'colcon_notification.desktop_notification.notify_send': Could not find 'notify-send'
[60.651s] INFO:colcon.colcon_core.plugin_system:Skipping extension 'colcon_notification.desktop_notification.terminal_notifier': Not used on non-Darwin systems
[60.652s] INFO:colcon.colcon_core.plugin_system:Skipping extension 'colcon_notification.desktop_notification.win32': Not used on non-Windows systems
[60.652s] INFO:colcon.colcon_notification.desktop_notification:Sending desktop notification using 'notify2'
[60.652s] DEBUG:colcon.colcon_notification.desktop_notification.notify2:Failed to initialize notify2: org.freedesktop.DBus.Error.NotSupported: Unable to autolaunch a dbus-daemon without a $DISPLAY for X11
[60.653s] DEBUG:colcon.colcon_core.event_reactor:joined thread
[60.654s] INFO:colcon.colcon_core.shell:Creating prefix script '/ros2_ws/install/local_setup.ps1'
[60.665s] INFO:colcon.colcon_core.shell:Creating prefix util module '/ros2_ws/install/_local_setup_util_ps1.py'
[60.677s] INFO:colcon.colcon_core.shell:Creating prefix chain script '/ros2_ws/install/setup.ps1'
[60.687s] INFO:colcon.colcon_core.shell:Creating prefix script '/ros2_ws/install/local_setup.sh'
[60.692s] INFO:colcon.colcon_core.shell:Creating prefix util module '/ros2_ws/install/_local_setup_util_sh.py'
[60.697s] INFO:colcon.colcon_core.shell:Creating prefix chain script '/ros2_ws/install/setup.sh'
[60.705s] INFO:colcon.colcon_core.shell:Creating prefix script '/ros2_ws/install/local_setup.bash'
[60.710s] INFO:colcon.colcon_core.shell:Creating prefix chain script '/ros2_ws/install/setup.bash'
[60.719s] INFO:colcon.colcon_core.shell:Creating prefix script '/ros2_ws/install/local_setup.zsh'
[60.725s] INFO:colcon.colcon_core.shell:Creating prefix chain script '/ros2_ws/install/setup.zsh'
