/home/colin/ardupilot_sim/ardu_ws/src/mission/install/mission/lib/python3.10/site-packages/mission/helper_func.py
/home/colin/ardupilot_sim/ardu_ws/src/mission/install/mission/lib/python3.10/site-packages/mission/approach.py
/home/colin/ardupilot_sim/ardu_ws/src/mission/install/mission/lib/python3.10/site-packages/mission/machine_vision.py
/home/colin/ardupilot_sim/ardu_ws/src/mission/install/mission/lib/python3.10/site-packages/mission/__init__.py
/home/colin/ardupilot_sim/ardu_ws/src/mission/install/mission/lib/python3.10/site-packages/mission/manual_control.py
/home/colin/ardupilot_sim/ardu_ws/src/mission/install/mission/lib/python3.10/site-packages/mission/valve_bucket_control.py
/home/colin/ardupilot_sim/ardu_ws/src/mission/install/mission/lib/python3.10/site-packages/mission/winch_control.py
/home/colin/ardupilot_sim/ardu_ws/src/mission/install/mission/lib/python3.10/site-packages/mission/state_node.py
/home/colin/ardupilot_sim/ardu_ws/src/mission/install/mission/lib/python3.10/site-packages/mission/__pycache__/helper_func.cpython-310.pyc
/home/colin/ardupilot_sim/ardu_ws/src/mission/install/mission/lib/python3.10/site-packages/mission/__pycache__/approach.cpython-310.pyc
/home/colin/ardupilot_sim/ardu_ws/src/mission/install/mission/lib/python3.10/site-packages/mission/__pycache__/machine_vision.cpython-310.pyc
/home/colin/ardupilot_sim/ardu_ws/src/mission/install/mission/lib/python3.10/site-packages/mission/__pycache__/__init__.cpython-310.pyc
/home/colin/ardupilot_sim/ardu_ws/src/mission/install/mission/lib/python3.10/site-packages/mission/__pycache__/manual_control.cpython-310.pyc
/home/colin/ardupilot_sim/ardu_ws/src/mission/install/mission/lib/python3.10/site-packages/mission/__pycache__/valve_bucket_control.cpython-310.pyc
/home/colin/ardupilot_sim/ardu_ws/src/mission/install/mission/lib/python3.10/site-packages/mission/__pycache__/winch_control.cpython-310.pyc
/home/colin/ardupilot_sim/ardu_ws/src/mission/install/mission/lib/python3.10/site-packages/mission/__pycache__/state_node.cpython-310.pyc
/home/colin/ardupilot_sim/ardu_ws/src/mission/install/mission/share/ament_index/resource_index/packages/mission
/home/colin/ardupilot_sim/ardu_ws/src/mission/install/mission/share/mission/package.xml
/home/colin/ardupilot_sim/ardu_ws/src/mission/install/mission/share/mission/msg/approach_info.msg
/home/colin/ardupilot_sim/ardu_ws/src/mission/install/mission/lib/python3.10/site-packages/mission-0.0.0-py3.10.egg-info/zip-safe
/home/colin/ardupilot_sim/ardu_ws/src/mission/install/mission/lib/python3.10/site-packages/mission-0.0.0-py3.10.egg-info/PKG-INFO
/home/colin/ardupilot_sim/ardu_ws/src/mission/install/mission/lib/python3.10/site-packages/mission-0.0.0-py3.10.egg-info/SOURCES.txt
/home/colin/ardupilot_sim/ardu_ws/src/mission/install/mission/lib/python3.10/site-packages/mission-0.0.0-py3.10.egg-info/requires.txt
/home/colin/ardupilot_sim/ardu_ws/src/mission/install/mission/lib/python3.10/site-packages/mission-0.0.0-py3.10.egg-info/dependency_links.txt
/home/colin/ardupilot_sim/ardu_ws/src/mission/install/mission/lib/python3.10/site-packages/mission-0.0.0-py3.10.egg-info/top_level.txt
/home/colin/ardupilot_sim/ardu_ws/src/mission/install/mission/lib/python3.10/site-packages/mission-0.0.0-py3.10.egg-info/entry_points.txt
/home/colin/ardupilot_sim/ardu_ws/src/mission/install/mission/lib/mission/approach
/home/colin/ardupilot_sim/ardu_ws/src/mission/install/mission/lib/mission/bucket_valve
/home/colin/ardupilot_sim/ardu_ws/src/mission/install/mission/lib/mission/control
/home/colin/ardupilot_sim/ardu_ws/src/mission/install/mission/lib/mission/state
/home/colin/ardupilot_sim/ardu_ws/src/mission/install/mission/lib/mission/vision
/home/colin/ardupilot_sim/ardu_ws/src/mission/install/mission/lib/mission/winch
