[5.156s] Invoking command in '/ros2_ws/mission': AMENT_PREFIX_PATH=/ros2_ws/install/mission_interfaces:${AMENT_PREFIX_PATH} CMAKE_PREFIX_PATH=/ros2_ws/install/mission_interfaces LD_LIBRARY_PATH=/ros2_ws/install/mission_interfaces/lib:${LD_LIBRARY_PATH} PYTHONPATH=/ros2_ws/build/mission/prefix_override:/usr/local/lib/python3.10/dist-packages/colcon_core/task/python/colcon_distutils_commands:/ros2_ws/install/mission/lib/python3.10/site-packages:/ros2_ws/install/mission_interfaces/local/lib/python3.10/dist-packages:${PYTHONPATH} /usr/bin/python3 -W ignore:setup.py install is deprecated -W ignore:easy_install command is deprecated setup.py egg_info --egg-base ../build/mission build --build-base /ros2_ws/build/mission/build install --record /ros2_ws/build/mission/install.log --single-version-externally-managed install_data
[6.906s] running egg_info
[6.909s] creating ../build/mission/mission.egg-info
[6.973s] writing ../build/mission/mission.egg-info/PKG-INFO
[6.974s] writing dependency_links to ../build/mission/mission.egg-info/dependency_links.txt
[6.976s] writing entry points to ../build/mission/mission.egg-info/entry_points.txt
[6.977s] writing requirements to ../build/mission/mission.egg-info/requires.txt
[6.978s] writing top-level names to ../build/mission/mission.egg-info/top_level.txt
[6.979s] writing manifest file '../build/mission/mission.egg-info/SOURCES.txt'
[7.127s] reading manifest file '../build/mission/mission.egg-info/SOURCES.txt'
[7.130s] writing manifest file '../build/mission/mission.egg-info/SOURCES.txt'
[7.131s] running build
[7.131s] running build_py
[7.132s] creating /ros2_ws/build/mission/build
[7.133s] creating /ros2_ws/build/mission/build/lib
[7.133s] creating /ros2_ws/build/mission/build/lib/mission
[7.134s] copying mission/approach.py -> /ros2_ws/build/mission/build/lib/mission
[7.135s] copying mission/helper_func.py -> /ros2_ws/build/mission/build/lib/mission
[7.136s] copying mission/state_node.py -> /ros2_ws/build/mission/build/lib/mission
[7.137s] copying mission/winch_control.py -> /ros2_ws/build/mission/build/lib/mission
[7.138s] copying mission/machine_vision.py -> /ros2_ws/build/mission/build/lib/mission
[7.139s] copying mission/manual_control.py -> /ros2_ws/build/mission/build/lib/mission
[7.140s] copying mission/__init__.py -> /ros2_ws/build/mission/build/lib/mission
[7.140s] copying mission/valve_bucket_control.py -> /ros2_ws/build/mission/build/lib/mission
[7.142s] running install
[7.170s] running install_lib
[7.244s] creating /ros2_ws/install/mission/lib/python3.10/site-packages/mission
[7.245s] copying /ros2_ws/build/mission/build/lib/mission/approach.py -> /ros2_ws/install/mission/lib/python3.10/site-packages/mission
[7.245s] copying /ros2_ws/build/mission/build/lib/mission/helper_func.py -> /ros2_ws/install/mission/lib/python3.10/site-packages/mission
[7.245s] copying /ros2_ws/build/mission/build/lib/mission/state_node.py -> /ros2_ws/install/mission/lib/python3.10/site-packages/mission
[7.246s] copying /ros2_ws/build/mission/build/lib/mission/winch_control.py -> /ros2_ws/install/mission/lib/python3.10/site-packages/mission
[7.246s] copying /ros2_ws/build/mission/build/lib/mission/machine_vision.py -> /ros2_ws/install/mission/lib/python3.10/site-packages/mission
[7.247s] copying /ros2_ws/build/mission/build/lib/mission/manual_control.py -> /ros2_ws/install/mission/lib/python3.10/site-packages/mission
[7.256s] copying /ros2_ws/build/mission/build/lib/mission/__init__.py -> /ros2_ws/install/mission/lib/python3.10/site-packages/mission
[7.262s] copying /ros2_ws/build/mission/build/lib/mission/valve_bucket_control.py -> /ros2_ws/install/mission/lib/python3.10/site-packages/mission
[7.263s] byte-compiling /ros2_ws/install/mission/lib/python3.10/site-packages/mission/approach.py to approach.cpython-310.pyc
[7.263s] byte-compiling /ros2_ws/install/mission/lib/python3.10/site-packages/mission/helper_func.py to helper_func.cpython-310.pyc
[7.264s] byte-compiling /ros2_ws/install/mission/lib/python3.10/site-packages/mission/state_node.py to state_node.cpython-310.pyc
[7.271s] byte-compiling /ros2_ws/install/mission/lib/python3.10/site-packages/mission/winch_control.py to winch_control.cpython-310.pyc
[7.279s] byte-compiling /ros2_ws/install/mission/lib/python3.10/site-packages/mission/machine_vision.py to machine_vision.cpython-310.pyc
[7.282s] byte-compiling /ros2_ws/install/mission/lib/python3.10/site-packages/mission/manual_control.py to manual_control.cpython-310.pyc
[7.290s] byte-compiling /ros2_ws/install/mission/lib/python3.10/site-packages/mission/__init__.py to __init__.cpython-310.pyc
[7.291s] byte-compiling /ros2_ws/install/mission/lib/python3.10/site-packages/mission/valve_bucket_control.py to valve_bucket_control.cpython-310.pyc
[7.295s] running install_data
[7.299s] creating /ros2_ws/install/mission/share
[7.299s] creating /ros2_ws/install/mission/share/ament_index
[7.299s] creating /ros2_ws/install/mission/share/ament_index/resource_index
[7.302s] creating /ros2_ws/install/mission/share/ament_index/resource_index/packages
[7.303s] copying resource/mission -> /ros2_ws/install/mission/share/ament_index/resource_index/packages
[7.303s] creating /ros2_ws/install/mission/share/mission
[7.303s] copying package.xml -> /ros2_ws/install/mission/share/mission
[7.304s] creating /ros2_ws/install/mission/share/mission/msg
[7.304s] running install_egg_info
[7.374s] Copying ../build/mission/mission.egg-info to /ros2_ws/install/mission/lib/python3.10/site-packages/mission-0.0.0-py3.10.egg-info
[7.378s] running install_scripts
[7.715s] Installing approach script to /ros2_ws/install/mission/lib/mission
[7.716s] Installing bucket_valve script to /ros2_ws/install/mission/lib/mission
[7.717s] Installing control script to /ros2_ws/install/mission/lib/mission
[7.718s] Installing state script to /ros2_ws/install/mission/lib/mission
[7.719s] Installing vision script to /ros2_ws/install/mission/lib/mission
[7.720s] Installing winch script to /ros2_ws/install/mission/lib/mission
[7.723s] writing list of installed files to '/ros2_ws/build/mission/install.log'
[7.945s] Invoked command in '/ros2_ws/mission' returned '0': AMENT_PREFIX_PATH=/ros2_ws/install/mission_interfaces:${AMENT_PREFIX_PATH} CMAKE_PREFIX_PATH=/ros2_ws/install/mission_interfaces LD_LIBRARY_PATH=/ros2_ws/install/mission_interfaces/lib:${LD_LIBRARY_PATH} PYTHONPATH=/ros2_ws/build/mission/prefix_override:/usr/local/lib/python3.10/dist-packages/colcon_core/task/python/colcon_distutils_commands:/ros2_ws/install/mission/lib/python3.10/site-packages:/ros2_ws/install/mission_interfaces/local/lib/python3.10/dist-packages:${PYTHONPATH} /usr/bin/python3 -W ignore:setup.py install is deprecated -W ignore:easy_install command is deprecated setup.py egg_info --egg-base ../build/mission build --build-base /ros2_ws/build/mission/build install --record /ros2_ws/build/mission/install.log --single-version-externally-managed install_data
