[0.795s] Invoking command in '/home/colin/ardupilot_sim/ardu_ws/src/mission': AMENT_PREFIX_PATH=/home/colin/ardupilot_sim/ardu_ws/src/install/mission_interfaces:${AMENT_PREFIX_PATH} CMAKE_PREFIX_PATH=/home/colin/ardupilot_sim/ardu_ws/src/install/mission_interfaces:${CMAKE_PREFIX_PATH} LD_LIBRARY_PATH=/home/colin/ardupilot_sim/ardu_ws/src/install/mission_interfaces/lib:${LD_LIBRARY_PATH} PYTHONPATH=/home/colin/ardupilot_sim/ardu_ws/src/build/mission/prefix_override:/usr/lib/python3/dist-packages/colcon_core/task/python/colcon_distutils_commands:/home/colin/ardupilot_sim/ardu_ws/src/install/mission/lib/python3.10/site-packages:/home/colin/ardupilot_sim/ardu_ws/src/install/mission_interfaces/local/lib/python3.10/dist-packages:${PYTHONPATH} /usr/bin/python3 -W ignore:setup.py install is deprecated -W ignore:easy_install command is deprecated setup.py egg_info --egg-base ../build/mission build --build-base /home/colin/ardupilot_sim/ardu_ws/src/build/mission/build install --record /home/colin/ardupilot_sim/ardu_ws/src/build/mission/install.log --single-version-externally-managed install_data
[1.049s] running egg_info
[1.067s] writing ../build/mission/mission.egg-info/PKG-INFO
[1.067s] writing dependency_links to ../build/mission/mission.egg-info/dependency_links.txt
[1.068s] writing entry points to ../build/mission/mission.egg-info/entry_points.txt
[1.068s] writing requirements to ../build/mission/mission.egg-info/requires.txt
[1.068s] writing top-level names to ../build/mission/mission.egg-info/top_level.txt
[1.104s] reading manifest file '../build/mission/mission.egg-info/SOURCES.txt'
[1.105s] writing manifest file '../build/mission/mission.egg-info/SOURCES.txt'
[1.105s] running build
[1.106s] running build_py
[1.106s] copying mission/manual_control.py -> /home/colin/ardupilot_sim/ardu_ws/src/build/mission/build/lib/mission
[1.106s] copying mission/valve_bucket_control.py -> /home/colin/ardupilot_sim/ardu_ws/src/build/mission/build/lib/mission
[1.107s] running install
[1.111s] running install_lib
[1.129s] copying /home/colin/ardupilot_sim/ardu_ws/src/build/mission/build/lib/mission/manual_control.py -> /home/colin/ardupilot_sim/ardu_ws/src/install/mission/lib/python3.10/site-packages/mission
[1.130s] byte-compiling /home/colin/ardupilot_sim/ardu_ws/src/install/mission/lib/python3.10/site-packages/mission/manual_control.py to manual_control.cpython-310.pyc
[1.131s] running install_data
[1.132s] running install_egg_info
[1.152s] removing '/home/colin/ardupilot_sim/ardu_ws/src/install/mission/lib/python3.10/site-packages/mission-0.0.0-py3.10.egg-info' (and everything under it)
[1.153s] Copying ../build/mission/mission.egg-info to /home/colin/ardupilot_sim/ardu_ws/src/install/mission/lib/python3.10/site-packages/mission-0.0.0-py3.10.egg-info
[1.154s] running install_scripts
[1.291s] Installing approach script to /home/colin/ardupilot_sim/ardu_ws/src/install/mission/lib/mission
[1.291s] Installing bucket_valve script to /home/colin/ardupilot_sim/ardu_ws/src/install/mission/lib/mission
[1.291s] Installing control script to /home/colin/ardupilot_sim/ardu_ws/src/install/mission/lib/mission
[1.291s] Installing state script to /home/colin/ardupilot_sim/ardu_ws/src/install/mission/lib/mission
[1.291s] Installing vision script to /home/colin/ardupilot_sim/ardu_ws/src/install/mission/lib/mission
[1.291s] Installing winch script to /home/colin/ardupilot_sim/ardu_ws/src/install/mission/lib/mission
[1.292s] writing list of installed files to '/home/colin/ardupilot_sim/ardu_ws/src/build/mission/install.log'
[1.314s] Invoked command in '/home/colin/ardupilot_sim/ardu_ws/src/mission' returned '0': AMENT_PREFIX_PATH=/home/colin/ardupilot_sim/ardu_ws/src/install/mission_interfaces:${AMENT_PREFIX_PATH} CMAKE_PREFIX_PATH=/home/colin/ardupilot_sim/ardu_ws/src/install/mission_interfaces:${CMAKE_PREFIX_PATH} LD_LIBRARY_PATH=/home/colin/ardupilot_sim/ardu_ws/src/install/mission_interfaces/lib:${LD_LIBRARY_PATH} PYTHONPATH=/home/colin/ardupilot_sim/ardu_ws/src/build/mission/prefix_override:/usr/lib/python3/dist-packages/colcon_core/task/python/colcon_distutils_commands:/home/colin/ardupilot_sim/ardu_ws/src/install/mission/lib/python3.10/site-packages:/home/colin/ardupilot_sim/ardu_ws/src/install/mission_interfaces/local/lib/python3.10/dist-packages:${PYTHONPATH} /usr/bin/python3 -W ignore:setup.py install is deprecated -W ignore:easy_install command is deprecated setup.py egg_info --egg-base ../build/mission build --build-base /home/colin/ardupilot_sim/ardu_ws/src/build/mission/build install --record /home/colin/ardupilot_sim/ardu_ws/src/build/mission/install.log --single-version-externally-managed install_data
