/ros2_ws/install/mission/lib/python3.10/site-packages/mission/approach.py
/ros2_ws/install/mission/lib/python3.10/site-packages/mission/helper_func.py
/ros2_ws/install/mission/lib/python3.10/site-packages/mission/state_node.py
/ros2_ws/install/mission/lib/python3.10/site-packages/mission/winch_control.py
/ros2_ws/install/mission/lib/python3.10/site-packages/mission/machine_vision.py
/ros2_ws/install/mission/lib/python3.10/site-packages/mission/manual_control.py
/ros2_ws/install/mission/lib/python3.10/site-packages/mission/__init__.py
/ros2_ws/install/mission/lib/python3.10/site-packages/mission/valve_bucket_control.py
/ros2_ws/install/mission/lib/python3.10/site-packages/mission/__pycache__/approach.cpython-310.pyc
/ros2_ws/install/mission/lib/python3.10/site-packages/mission/__pycache__/helper_func.cpython-310.pyc
/ros2_ws/install/mission/lib/python3.10/site-packages/mission/__pycache__/state_node.cpython-310.pyc
/ros2_ws/install/mission/lib/python3.10/site-packages/mission/__pycache__/winch_control.cpython-310.pyc
/ros2_ws/install/mission/lib/python3.10/site-packages/mission/__pycache__/machine_vision.cpython-310.pyc
/ros2_ws/install/mission/lib/python3.10/site-packages/mission/__pycache__/manual_control.cpython-310.pyc
/ros2_ws/install/mission/lib/python3.10/site-packages/mission/__pycache__/__init__.cpython-310.pyc
/ros2_ws/install/mission/lib/python3.10/site-packages/mission/__pycache__/valve_bucket_control.cpython-310.pyc
/ros2_ws/install/mission/share/ament_index/resource_index/packages/mission
/ros2_ws/install/mission/share/mission/package.xml
/ros2_ws/install/mission/share/mission/msg
/ros2_ws/install/mission/lib/python3.10/site-packages/mission-0.0.0-py3.10.egg-info/top_level.txt
/ros2_ws/install/mission/lib/python3.10/site-packages/mission-0.0.0-py3.10.egg-info/entry_points.txt
/ros2_ws/install/mission/lib/python3.10/site-packages/mission-0.0.0-py3.10.egg-info/requires.txt
/ros2_ws/install/mission/lib/python3.10/site-packages/mission-0.0.0-py3.10.egg-info/PKG-INFO
/ros2_ws/install/mission/lib/python3.10/site-packages/mission-0.0.0-py3.10.egg-info/SOURCES.txt
/ros2_ws/install/mission/lib/python3.10/site-packages/mission-0.0.0-py3.10.egg-info/dependency_links.txt
/ros2_ws/install/mission/lib/python3.10/site-packages/mission-0.0.0-py3.10.egg-info/zip-safe
/ros2_ws/install/mission/lib/mission/approach
/ros2_ws/install/mission/lib/mission/bucket_valve
/ros2_ws/install/mission/lib/mission/control
/ros2_ws/install/mission/lib/mission/state
/ros2_ws/install/mission/lib/mission/vision
/ros2_ws/install/mission/lib/mission/winch
