[0.030s] Invoking command in '/home/colin/ros2-mission-2/build/start_mission': CMAKE_PREFIX_PATH=${CMAKE_PREFIX_PATH}:/home/colin/ardu_ws/install/testing:/home/colin/ardu_ws/install/test_nodes:/home/colin/ardu_ws/install/mission:/home/colin/ardu_ws/install/ardupilot_dds_tests:/opt/ros/humble /usr/bin/cmake /home/colin/ros2-mission-2/start_mission -DCMAKE_INSTALL_PREFIX=/home/colin/ros2-mission-2/install/start_mission
[0.223s] -- The C compiler identification is GNU 11.4.0
[0.477s] -- The CXX compiler identification is GNU 11.4.0
[0.632s] -- Detecting C compiler ABI info
[0.740s] -- Detecting C compiler ABI info - done
[0.749s] -- Check for working C compiler: /usr/lib/ccache/cc - skipped
[0.750s] -- Detecting C compile features
[0.751s] -- Detecting C compile features - done
[0.757s] -- Detecting CXX compiler ABI info
[0.862s] -- Detecting CXX compiler ABI info - done
[0.872s] -- Check for working CXX compiler: /usr/lib/ccache/c++ - skipped
[0.873s] -- Detecting CXX compile features
[0.874s] -- Detecting CXX compile features - done
[0.892s] -- Found ament_cmake: 1.3.11 (/opt/ros/humble/share/ament_cmake/cmake)
[1.452s] -- Found Python3: /usr/bin/python3 (found version "3.10.12") found components: Interpreter 
[1.669s] -- Found ament_lint_auto: 0.12.11 (/opt/ros/humble/share/ament_lint_auto/cmake)
[1.814s] -- Added test 'flake8' to check Python code syntax and style conventions
[1.816s] -- Added test 'lint_cmake' to check CMake code style
[1.818s] -- Added test 'pep257' to check Python code against some of the docstring style conventions in PEP 257
[1.821s] -- Added test 'xmllint' to check XML markup files
[1.825s] -- Configuring done
[1.831s] -- Generating done
[1.834s] -- Build files have been written to: /home/colin/ros2-mission-2/build/start_mission
[1.840s] Invoked command in '/home/colin/ros2-mission-2/build/start_mission' returned '0': CMAKE_PREFIX_PATH=${CMAKE_PREFIX_PATH}:/home/colin/ardu_ws/install/testing:/home/colin/ardu_ws/install/test_nodes:/home/colin/ardu_ws/install/mission:/home/colin/ardu_ws/install/ardupilot_dds_tests:/opt/ros/humble /usr/bin/cmake /home/colin/ros2-mission-2/start_mission -DCMAKE_INSTALL_PREFIX=/home/colin/ros2-mission-2/install/start_mission
[1.843s] Invoking command in '/home/colin/ros2-mission-2/build/start_mission': CMAKE_PREFIX_PATH=${CMAKE_PREFIX_PATH}:/home/colin/ardu_ws/install/testing:/home/colin/ardu_ws/install/test_nodes:/home/colin/ardu_ws/install/mission:/home/colin/ardu_ws/install/ardupilot_dds_tests:/opt/ros/humble /usr/bin/cmake --build /home/colin/ros2-mission-2/build/start_mission -- -j8 -l8
[1.881s] Invoked command in '/home/colin/ros2-mission-2/build/start_mission' returned '0': CMAKE_PREFIX_PATH=${CMAKE_PREFIX_PATH}:/home/colin/ardu_ws/install/testing:/home/colin/ardu_ws/install/test_nodes:/home/colin/ardu_ws/install/mission:/home/colin/ardu_ws/install/ardupilot_dds_tests:/opt/ros/humble /usr/bin/cmake --build /home/colin/ros2-mission-2/build/start_mission -- -j8 -l8
[1.894s] Invoking command in '/home/colin/ros2-mission-2/build/start_mission': CMAKE_PREFIX_PATH=${CMAKE_PREFIX_PATH}:/home/colin/ardu_ws/install/testing:/home/colin/ardu_ws/install/test_nodes:/home/colin/ardu_ws/install/mission:/home/colin/ardu_ws/install/ardupilot_dds_tests:/opt/ros/humble /usr/bin/cmake --install /home/colin/ros2-mission-2/build/start_mission
[1.900s] -- Install configuration: ""
[1.901s] -- Installing: /home/colin/ros2-mission-2/install/start_mission/share/start_mission/launch
[1.901s] -- Installing: /home/colin/ros2-mission-2/install/start_mission/share/start_mission/launch/start.launch.py
[1.902s] -- Installing: /home/colin/ros2-mission-2/install/start_mission/share/ament_index/resource_index/package_run_dependencies/start_mission
[1.903s] -- Installing: /home/colin/ros2-mission-2/install/start_mission/share/ament_index/resource_index/parent_prefix_path/start_mission
[1.903s] -- Installing: /home/colin/ros2-mission-2/install/start_mission/share/start_mission/environment/ament_prefix_path.sh
[1.903s] -- Installing: /home/colin/ros2-mission-2/install/start_mission/share/start_mission/environment/ament_prefix_path.dsv
[1.904s] -- Installing: /home/colin/ros2-mission-2/install/start_mission/share/start_mission/environment/path.sh
[1.904s] -- Installing: /home/colin/ros2-mission-2/install/start_mission/share/start_mission/environment/path.dsv
[1.905s] -- Installing: /home/colin/ros2-mission-2/install/start_mission/share/start_mission/local_setup.bash
[1.905s] -- Installing: /home/colin/ros2-mission-2/install/start_mission/share/start_mission/local_setup.sh
[1.906s] -- Installing: /home/colin/ros2-mission-2/install/start_mission/share/start_mission/local_setup.zsh
[1.906s] -- Installing: /home/colin/ros2-mission-2/install/start_mission/share/start_mission/local_setup.dsv
[1.907s] -- Installing: /home/colin/ros2-mission-2/install/start_mission/share/start_mission/package.dsv
[1.907s] -- Installing: /home/colin/ros2-mission-2/install/start_mission/share/ament_index/resource_index/packages/start_mission
[1.907s] -- Installing: /home/colin/ros2-mission-2/install/start_mission/share/start_mission/cmake/start_missionConfig.cmake
[1.908s] -- Installing: /home/colin/ros2-mission-2/install/start_mission/share/start_mission/cmake/start_missionConfig-version.cmake
[1.908s] -- Installing: /home/colin/ros2-mission-2/install/start_mission/share/start_mission/package.xml
[1.911s] Invoked command in '/home/colin/ros2-mission-2/build/start_mission' returned '0': CMAKE_PREFIX_PATH=${CMAKE_PREFIX_PATH}:/home/colin/ardu_ws/install/testing:/home/colin/ardu_ws/install/test_nodes:/home/colin/ardu_ws/install/mission:/home/colin/ardu_ws/install/ardupilot_dds_tests:/opt/ros/humble /usr/bin/cmake --install /home/colin/ros2-mission-2/build/start_mission
