[35m[1mConsolidate compiler generated dependencies of target ardupilot_msgs__rosidl_generator_c[0m
[ 11%] Built target ardupilot_msgs__rosidl_generator_c
[ 12%] Built target ardupilot_msgs__cpp
[ 12%] Built target ament_cmake_python_copy_ardupilot_msgs
[35m[1mConsolidate compiler generated dependencies of target ardupilot_msgs__rosidl_typesupport_introspection_c[0m
[35m[1mConsolidate compiler generated dependencies of target ardupilot_msgs__rosidl_typesupport_c[0m
[35m[1mConsolidate compiler generated dependencies of target ardupilot_msgs__rosidl_typesupport_fastrtps_c[0m
[35m[1mConsolidate compiler generated dependencies of target ardupilot_msgs__rosidl_typesupport_cpp[0m
[35m[1mConsolidate compiler generated dependencies of target ardupilot_msgs__rosidl_typesupport_introspection_cpp[0m
[ 23%] Built target ardupilot_msgs__rosidl_typesupport_c
[35m[1mConsolidate compiler generated dependencies of target ardupilot_msgs__rosidl_typesupport_fastrtps_cpp[0m
[ 46%] Built target ardupilot_msgs__rosidl_typesupport_introspection_c
[ 46%] Built target ardupilot_msgs__rosidl_typesupport_cpp
[ 47%] [32m[1mLinking CXX shared library libardupilot_msgs__rosidl_typesupport_fastrtps_c.so[0m
[ 49%] [32m[1mLinking CXX shared library libardupilot_msgs__rosidl_typesupport_introspection_cpp.so[0m
[ 50%] [32m[1mLinking CXX shared library libardupilot_msgs__rosidl_typesupport_fastrtps_cpp.so[0m
[ 60%] Built target ardupilot_msgs__rosidl_typesupport_introspection_cpp
[ 69%] Built target ardupilot_msgs__rosidl_typesupport_fastrtps_c
[ 79%] Built target ardupilot_msgs__rosidl_typesupport_fastrtps_cpp
[ 79%] Built target ardupilot_msgs
[ 80%] Built target ardupilot_msgs__py
[35m[1mConsolidate compiler generated dependencies of target ardupilot_msgs__rosidl_generator_py[0m
running egg_info
[ 90%] Built target ardupilot_msgs__rosidl_generator_py
[35m[1mConsolidate compiler generated dependencies of target ardupilot_msgs__rosidl_typesupport_introspection_c__pyext[0m
[35m[1mConsolidate compiler generated dependencies of target ardupilot_msgs__rosidl_typesupport_fastrtps_c__pyext[0m
[35m[1mConsolidate compiler generated dependencies of target ardupilot_msgs__rosidl_typesupport_c__pyext[0m
writing ardupilot_msgs.egg-info/PKG-INFO
writing dependency_links to ardupilot_msgs.egg-info/dependency_links.txt
writing top-level names to ardupilot_msgs.egg-info/top_level.txt
[ 92%] [32m[1mLinking C shared library rosidl_generator_py/ardupilot_msgs/ardupilot_msgs_s__rosidl_typesupport_fastrtps_c.cpython-310-x86_64-linux-gnu.so[0m
[ 95%] Built target ardupilot_msgs__rosidl_typesupport_introspection_c__pyext
[ 98%] Built target ardupilot_msgs__rosidl_typesupport_c__pyext
reading manifest file 'ardupilot_msgs.egg-info/SOURCES.txt'
writing manifest file 'ardupilot_msgs.egg-info/SOURCES.txt'
[100%] Built target ardupilot_msgs__rosidl_typesupport_fastrtps_c__pyext
[100%] Built target ament_cmake_python_build_ardupilot_msgs_egg
