running egg_info
creating build/mission/mission.egg-info
writing build/mission/mission.egg-info/PKG-INFO
writing dependency_links to build/mission/mission.egg-info/dependency_links.txt
writing entry points to build/mission/mission.egg-info/entry_points.txt
writing requirements to build/mission/mission.egg-info/requires.txt
writing top-level names to build/mission/mission.egg-info/top_level.txt
writing manifest file 'build/mission/mission.egg-info/SOURCES.txt'
reading manifest file 'build/mission/mission.egg-info/SOURCES.txt'
writing manifest file 'build/mission/mission.egg-info/SOURCES.txt'
running build
running build_py
creating /home/colin/ardupilot_sim/ardu_ws/src/mission/build/mission/build/lib/mission
copying mission/helper_func.py -> /home/colin/ardupilot_sim/ardu_ws/src/mission/build/mission/build/lib/mission
copying mission/approach.py -> /home/colin/ardupilot_sim/ardu_ws/src/mission/build/mission/build/lib/mission
copying mission/machine_vision.py -> /home/colin/ardupilot_sim/ardu_ws/src/mission/build/mission/build/lib/mission
copying mission/__init__.py -> /home/colin/ardupilot_sim/ardu_ws/src/mission/build/mission/build/lib/mission
copying mission/manual_control.py -> /home/colin/ardupilot_sim/ardu_ws/src/mission/build/mission/build/lib/mission
copying mission/valve_bucket_control.py -> /home/colin/ardupilot_sim/ardu_ws/src/mission/build/mission/build/lib/mission
copying mission/winch_control.py -> /home/colin/ardupilot_sim/ardu_ws/src/mission/build/mission/build/lib/mission
copying mission/state_node.py -> /home/colin/ardupilot_sim/ardu_ws/src/mission/build/mission/build/lib/mission
running install
running install_lib
creating /home/colin/ardupilot_sim/ardu_ws/src/mission/install/mission/lib/python3.10/site-packages/mission
copying /home/colin/ardupilot_sim/ardu_ws/src/mission/build/mission/build/lib/mission/helper_func.py -> /home/colin/ardupilot_sim/ardu_ws/src/mission/install/mission/lib/python3.10/site-packages/mission
copying /home/colin/ardupilot_sim/ardu_ws/src/mission/build/mission/build/lib/mission/approach.py -> /home/colin/ardupilot_sim/ardu_ws/src/mission/install/mission/lib/python3.10/site-packages/mission
copying /home/colin/ardupilot_sim/ardu_ws/src/mission/build/mission/build/lib/mission/machine_vision.py -> /home/colin/ardupilot_sim/ardu_ws/src/mission/install/mission/lib/python3.10/site-packages/mission
copying /home/colin/ardupilot_sim/ardu_ws/src/mission/build/mission/build/lib/mission/__init__.py -> /home/colin/ardupilot_sim/ardu_ws/src/mission/install/mission/lib/python3.10/site-packages/mission
copying /home/colin/ardupilot_sim/ardu_ws/src/mission/build/mission/build/lib/mission/manual_control.py -> /home/colin/ardupilot_sim/ardu_ws/src/mission/install/mission/lib/python3.10/site-packages/mission
copying /home/colin/ardupilot_sim/ardu_ws/src/mission/build/mission/build/lib/mission/valve_bucket_control.py -> /home/colin/ardupilot_sim/ardu_ws/src/mission/install/mission/lib/python3.10/site-packages/mission
copying /home/colin/ardupilot_sim/ardu_ws/src/mission/build/mission/build/lib/mission/winch_control.py -> /home/colin/ardupilot_sim/ardu_ws/src/mission/install/mission/lib/python3.10/site-packages/mission
copying /home/colin/ardupilot_sim/ardu_ws/src/mission/build/mission/build/lib/mission/state_node.py -> /home/colin/ardupilot_sim/ardu_ws/src/mission/install/mission/lib/python3.10/site-packages/mission
byte-compiling /home/colin/ardupilot_sim/ardu_ws/src/mission/install/mission/lib/python3.10/site-packages/mission/helper_func.py to helper_func.cpython-310.pyc
byte-compiling /home/colin/ardupilot_sim/ardu_ws/src/mission/install/mission/lib/python3.10/site-packages/mission/approach.py to approach.cpython-310.pyc
byte-compiling /home/colin/ardupilot_sim/ardu_ws/src/mission/install/mission/lib/python3.10/site-packages/mission/machine_vision.py to machine_vision.cpython-310.pyc
byte-compiling /home/colin/ardupilot_sim/ardu_ws/src/mission/install/mission/lib/python3.10/site-packages/mission/__init__.py to __init__.cpython-310.pyc
byte-compiling /home/colin/ardupilot_sim/ardu_ws/src/mission/install/mission/lib/python3.10/site-packages/mission/manual_control.py to manual_control.cpython-310.pyc
byte-compiling /home/colin/ardupilot_sim/ardu_ws/src/mission/install/mission/lib/python3.10/site-packages/mission/valve_bucket_control.py to valve_bucket_control.cpython-310.pyc
byte-compiling /home/colin/ardupilot_sim/ardu_ws/src/mission/install/mission/lib/python3.10/site-packages/mission/winch_control.py to winch_control.cpython-310.pyc
byte-compiling /home/colin/ardupilot_sim/ardu_ws/src/mission/install/mission/lib/python3.10/site-packages/mission/state_node.py to state_node.cpython-310.pyc
running install_data
creating /home/colin/ardupilot_sim/ardu_ws/src/mission/install/mission/share/ament_index/resource_index/packages
copying resource/mission -> /home/colin/ardupilot_sim/ardu_ws/src/mission/install/mission/share/ament_index/resource_index/packages
copying package.xml -> /home/colin/ardupilot_sim/ardu_ws/src/mission/install/mission/share/mission
creating /home/colin/ardupilot_sim/ardu_ws/src/mission/install/mission/share/mission/msg
copying msg/approach_info.msg -> /home/colin/ardupilot_sim/ardu_ws/src/mission/install/mission/share/mission/msg
running install_egg_info
Copying build/mission/mission.egg-info to /home/colin/ardupilot_sim/ardu_ws/src/mission/install/mission/lib/python3.10/site-packages/mission-0.0.0-py3.10.egg-info
running install_scripts
Installing approach script to /home/colin/ardupilot_sim/ardu_ws/src/mission/install/mission/lib/mission
Installing bucket_valve script to /home/colin/ardupilot_sim/ardu_ws/src/mission/install/mission/lib/mission
Installing control script to /home/colin/ardupilot_sim/ardu_ws/src/mission/install/mission/lib/mission
Installing state script to /home/colin/ardupilot_sim/ardu_ws/src/mission/install/mission/lib/mission
Installing vision script to /home/colin/ardupilot_sim/ardu_ws/src/mission/install/mission/lib/mission
Installing winch script to /home/colin/ardupilot_sim/ardu_ws/src/mission/install/mission/lib/mission
writing list of installed files to '/home/colin/ardupilot_sim/ardu_ws/src/mission/build/mission/install.log'
