[1.066s] Invoking command in '/home/colin/ardupilot_sim/ardu_ws/src/mission': PYTHONPATH=/home/colin/ardupilot_sim/ardu_ws/src/mission/build/mission/prefix_override:/usr/lib/python3/dist-packages/colcon_core/task/python/colcon_distutils_commands:/home/colin/ardupilot_sim/ardu_ws/src/mission/install/mission/lib/python3.10/site-packages:${PYTHONPATH} /usr/bin/python3 -W ignore:setup.py install is deprecated -W ignore:easy_install command is deprecated setup.py egg_info --egg-base build/mission build --build-base /home/colin/ardupilot_sim/ardu_ws/src/mission/build/mission/build install --record /home/colin/ardupilot_sim/ardu_ws/src/mission/build/mission/install.log --single-version-externally-managed install_data
[1.292s] /home/colin/.local/lib/python3.10/site-packages/setuptools/_distutils/dist.py:270: UserWarning: Unknown distribution option: 'tests_require'
[1.293s]   warnings.warn(msg)
[1.393s] running egg_info
[1.408s] creating build/mission/mission.egg-info
[1.408s] writing build/mission/mission.egg-info/PKG-INFO
[1.409s] writing dependency_links to build/mission/mission.egg-info/dependency_links.txt
[1.409s] writing entry points to build/mission/mission.egg-info/entry_points.txt
[1.409s] writing requirements to build/mission/mission.egg-info/requires.txt
[1.410s] writing top-level names to build/mission/mission.egg-info/top_level.txt
[1.410s] writing manifest file 'build/mission/mission.egg-info/SOURCES.txt'
[1.442s] reading manifest file 'build/mission/mission.egg-info/SOURCES.txt'
[1.443s] writing manifest file 'build/mission/mission.egg-info/SOURCES.txt'
[1.443s] running build
[1.443s] running build_py
[1.443s] creating /home/colin/ardupilot_sim/ardu_ws/src/mission/build/mission/build/lib/mission
[1.444s] copying mission/helper_func.py -> /home/colin/ardupilot_sim/ardu_ws/src/mission/build/mission/build/lib/mission
[1.445s] copying mission/approach.py -> /home/colin/ardupilot_sim/ardu_ws/src/mission/build/mission/build/lib/mission
[1.445s] copying mission/machine_vision.py -> /home/colin/ardupilot_sim/ardu_ws/src/mission/build/mission/build/lib/mission
[1.446s] copying mission/__init__.py -> /home/colin/ardupilot_sim/ardu_ws/src/mission/build/mission/build/lib/mission
[1.446s] copying mission/manual_control.py -> /home/colin/ardupilot_sim/ardu_ws/src/mission/build/mission/build/lib/mission
[1.447s] copying mission/valve_bucket_control.py -> /home/colin/ardupilot_sim/ardu_ws/src/mission/build/mission/build/lib/mission
[1.447s] copying mission/winch_control.py -> /home/colin/ardupilot_sim/ardu_ws/src/mission/build/mission/build/lib/mission
[1.448s] copying mission/state_node.py -> /home/colin/ardupilot_sim/ardu_ws/src/mission/build/mission/build/lib/mission
[1.448s] running install
[1.452s] running install_lib
[1.469s] creating /home/colin/ardupilot_sim/ardu_ws/src/mission/install/mission/lib/python3.10/site-packages/mission
[1.470s] copying /home/colin/ardupilot_sim/ardu_ws/src/mission/build/mission/build/lib/mission/helper_func.py -> /home/colin/ardupilot_sim/ardu_ws/src/mission/install/mission/lib/python3.10/site-packages/mission
[1.470s] copying /home/colin/ardupilot_sim/ardu_ws/src/mission/build/mission/build/lib/mission/approach.py -> /home/colin/ardupilot_sim/ardu_ws/src/mission/install/mission/lib/python3.10/site-packages/mission
[1.470s] copying /home/colin/ardupilot_sim/ardu_ws/src/mission/build/mission/build/lib/mission/machine_vision.py -> /home/colin/ardupilot_sim/ardu_ws/src/mission/install/mission/lib/python3.10/site-packages/mission
[1.470s] copying /home/colin/ardupilot_sim/ardu_ws/src/mission/build/mission/build/lib/mission/__init__.py -> /home/colin/ardupilot_sim/ardu_ws/src/mission/install/mission/lib/python3.10/site-packages/mission
[1.470s] copying /home/colin/ardupilot_sim/ardu_ws/src/mission/build/mission/build/lib/mission/manual_control.py -> /home/colin/ardupilot_sim/ardu_ws/src/mission/install/mission/lib/python3.10/site-packages/mission
[1.471s] copying /home/colin/ardupilot_sim/ardu_ws/src/mission/build/mission/build/lib/mission/valve_bucket_control.py -> /home/colin/ardupilot_sim/ardu_ws/src/mission/install/mission/lib/python3.10/site-packages/mission
[1.471s] copying /home/colin/ardupilot_sim/ardu_ws/src/mission/build/mission/build/lib/mission/winch_control.py -> /home/colin/ardupilot_sim/ardu_ws/src/mission/install/mission/lib/python3.10/site-packages/mission
[1.471s] copying /home/colin/ardupilot_sim/ardu_ws/src/mission/build/mission/build/lib/mission/state_node.py -> /home/colin/ardupilot_sim/ardu_ws/src/mission/install/mission/lib/python3.10/site-packages/mission
[1.472s] byte-compiling /home/colin/ardupilot_sim/ardu_ws/src/mission/install/mission/lib/python3.10/site-packages/mission/helper_func.py to helper_func.cpython-310.pyc
[1.475s] byte-compiling /home/colin/ardupilot_sim/ardu_ws/src/mission/install/mission/lib/python3.10/site-packages/mission/approach.py to approach.cpython-310.pyc
[1.476s] byte-compiling /home/colin/ardupilot_sim/ardu_ws/src/mission/install/mission/lib/python3.10/site-packages/mission/machine_vision.py to machine_vision.cpython-310.pyc
[1.476s] byte-compiling /home/colin/ardupilot_sim/ardu_ws/src/mission/install/mission/lib/python3.10/site-packages/mission/__init__.py to __init__.cpython-310.pyc
[1.476s] byte-compiling /home/colin/ardupilot_sim/ardu_ws/src/mission/install/mission/lib/python3.10/site-packages/mission/manual_control.py to manual_control.cpython-310.pyc
[1.477s] byte-compiling /home/colin/ardupilot_sim/ardu_ws/src/mission/install/mission/lib/python3.10/site-packages/mission/valve_bucket_control.py to valve_bucket_control.cpython-310.pyc
[1.478s] byte-compiling /home/colin/ardupilot_sim/ardu_ws/src/mission/install/mission/lib/python3.10/site-packages/mission/winch_control.py to winch_control.cpython-310.pyc
[1.479s] byte-compiling /home/colin/ardupilot_sim/ardu_ws/src/mission/install/mission/lib/python3.10/site-packages/mission/state_node.py to state_node.cpython-310.pyc
[1.480s] running install_data
[1.481s] creating /home/colin/ardupilot_sim/ardu_ws/src/mission/install/mission/share/ament_index/resource_index/packages
[1.483s] copying resource/mission -> /home/colin/ardupilot_sim/ardu_ws/src/mission/install/mission/share/ament_index/resource_index/packages
[1.483s] copying package.xml -> /home/colin/ardupilot_sim/ardu_ws/src/mission/install/mission/share/mission
[1.483s] creating /home/colin/ardupilot_sim/ardu_ws/src/mission/install/mission/share/mission/msg
[1.484s] copying msg/approach_info.msg -> /home/colin/ardupilot_sim/ardu_ws/src/mission/install/mission/share/mission/msg
[1.484s] running install_egg_info
[1.502s] Copying build/mission/mission.egg-info to /home/colin/ardupilot_sim/ardu_ws/src/mission/install/mission/lib/python3.10/site-packages/mission-0.0.0-py3.10.egg-info
[1.504s] running install_scripts
[1.807s] Installing approach script to /home/colin/ardupilot_sim/ardu_ws/src/mission/install/mission/lib/mission
[1.808s] Installing bucket_valve script to /home/colin/ardupilot_sim/ardu_ws/src/mission/install/mission/lib/mission
[1.808s] Installing control script to /home/colin/ardupilot_sim/ardu_ws/src/mission/install/mission/lib/mission
[1.808s] Installing state script to /home/colin/ardupilot_sim/ardu_ws/src/mission/install/mission/lib/mission
[1.808s] Installing vision script to /home/colin/ardupilot_sim/ardu_ws/src/mission/install/mission/lib/mission
[1.808s] Installing winch script to /home/colin/ardupilot_sim/ardu_ws/src/mission/install/mission/lib/mission
[1.809s] writing list of installed files to '/home/colin/ardupilot_sim/ardu_ws/src/mission/build/mission/install.log'
[1.830s] Invoked command in '/home/colin/ardupilot_sim/ardu_ws/src/mission' returned '0': PYTHONPATH=/home/colin/ardupilot_sim/ardu_ws/src/mission/build/mission/prefix_override:/usr/lib/python3/dist-packages/colcon_core/task/python/colcon_distutils_commands:/home/colin/ardupilot_sim/ardu_ws/src/mission/install/mission/lib/python3.10/site-packages:${PYTHONPATH} /usr/bin/python3 -W ignore:setup.py install is deprecated -W ignore:easy_install command is deprecated setup.py egg_info --egg-base build/mission build --build-base /home/colin/ardupilot_sim/ardu_ws/src/mission/build/mission/build install --record /home/colin/ardupilot_sim/ardu_ws/src/mission/build/mission/install.log --single-version-externally-managed install_data
