[0.065s] Invoking command in '/home/colin/ardupilot_sim/ardu_ws/src/build/ardupilot_gz_gazebo': CMAKE_PREFIX_PATH=${CMAKE_PREFIX_PATH}:/home/colin/ardupilot_sim/ardu_ws/install/test_nodes:/home/colin/ardupilot_sim/ardu_ws/install/mission:/home/colin/ardupilot_sim/ardu_ws/install/ardupilot_dds_tests:/opt/ros/humble /usr/bin/cmake /home/colin/ardupilot_sim/ardu_ws/src/ardupilot_gz/ardupilot_gz_gazebo -DCMAKE_INSTALL_PREFIX=/home/colin/ardupilot_sim/ardu_ws/src/install/ardupilot_gz_gazebo
[0.283s] -- The C compiler identification is GNU 11.4.0
[0.780s] -- The CXX compiler identification is GNU 11.4.0
[0.980s] -- Detecting C compiler ABI info
[1.133s] -- Detecting C compiler ABI info - done
[1.142s] -- Check for working C compiler: /usr/lib/ccache/cc - skipped
[1.142s] -- Detecting C compile features
[1.143s] -- Detecting C compile features - done
[1.147s] -- Detecting CXX compiler ABI info
[1.301s] -- Detecting CXX compiler ABI info - done
[1.311s] -- Check for working CXX compiler: /usr/lib/ccache/c++ - skipped
[1.311s] -- Detecting CXX compile features
[1.312s] -- Detecting CXX compile features - done
[1.329s] -- Found ament_cmake: 1.3.11 (/opt/ros/humble/share/ament_cmake/cmake)
[1.814s] -- Found Python3: /usr/bin/python3 (found version "3.10.12") found components: Interpreter 
[2.021s] -- Looking for gz-plugin2 -- found version 2.0.4
[2.022s] -- Searching for dependencies of gz-plugin2
[2.030s] -- Looking for gz-utils2 -- found version 2.2.1
[2.030s] -- Searching for dependencies of gz-utils2
[2.031s] -- Searching for <gz-utils2> component [cli]
[2.037s] -- Looking for gz-utils2-cli -- found version 2.2.1
[2.038s] -- Searching for dependencies of gz-utils2-cli
[2.040s] -- Searching for <gz-plugin2> component [register]
[2.046s] -- Looking for gz-plugin2-register -- found version 2.0.4
[2.046s] -- Searching for dependencies of gz-plugin2-register
[2.056s] -- Looking for gz-common5 -- found version 5.7.1
[2.056s] -- Searching for dependencies of gz-common5
[2.057s] -- Looking for gz-utils2 -- found version 2.2.1
[2.092s] -- Looking for dlfcn.h - found
[2.247s] -- Looking for libdl - found
[2.249s] -- Found DL: TRUE  
[2.258s] -- Checking for module 'uuid'
[2.275s] --   Found uuid, version 2.37.2
[2.309s] -- Found UUID: TRUE  
[2.310s] -- Searching for <gz-common5> component [profiler]
[2.316s] -- Looking for gz-common5-profiler -- found version 5.7.1
[2.317s] -- Searching for dependencies of gz-common5-profiler
[2.335s] -- Looking for gz-sim8 -- found version 8.9.0
[2.335s] -- Searching for dependencies of gz-sim8
[2.341s] -- Looking for sdformat14 -- found version 14.7.0
[2.342s] -- Searching for dependencies of sdformat14
[2.347s] -- Checking for module 'tinyxml2'
[2.362s] --   Found tinyxml2, version 9.0.0
[2.404s] -- Looking for gz-math7 -- found version 7.5.1
[2.404s] -- Searching for dependencies of gz-math7
[2.405s] -- Looking for gz-utils2 -- found version 2.2.1
[2.406s] -- Looking for gz-utils2 -- found version 2.2.1
[2.408s] -- Looking for gz-plugin2 -- found version 2.0.4
[2.408s] -- Searching for dependencies of gz-plugin2
[2.409s] -- Looking for gz-utils2 -- found version 2.2.1
[2.409s] -- Searching for <gz-plugin2> component [loader]
[2.418s] -- Looking for gz-plugin2-loader -- found version 2.0.4
[2.418s] -- Searching for dependencies of gz-plugin2-loader
[2.420s] -- Searching for <gz-plugin2> component [register]
[2.428s] -- Looking for gz-transport13 -- found version 13.4.1
[2.429s] -- Searching for dependencies of gz-transport13
[4.131s] -- Found Protobuf: /usr/lib/x86_64-linux-gnu/libprotobuf.so (found version "3.12.4") 
[5.166s] -- Config-file not installed for ZeroMQ -- checking for pkg-config
[5.170s] -- Checking for module 'libzmq >= 4'
[5.187s] --   Found libzmq , version 4.3.4
[5.222s] -- Found ZeroMQ: TRUE (Required is at least version "4") 
[5.255s] -- Looking for gz-utils2 -- found version 2.2.1
[5.262s] -- Looking for gz-msgs10 -- found version 10.3.2
[5.263s] -- Searching for dependencies of gz-msgs10
[6.282s] -- Looking for gz-utils2 -- found version 2.2.1
[6.283s] -- Looking for gz-math7 -- found version 7.5.1
[6.293s] -- Searching for <gz-transport13> component [log]
[6.299s] -- Looking for gz-transport13-log -- found version 13.4.1
[6.299s] -- Searching for dependencies of gz-transport13-log
[6.301s] -- Searching for <gz-transport13> component [parameters]
[6.308s] -- Looking for gz-transport13-parameters -- found version 13.4.1
[6.309s] -- Searching for dependencies of gz-transport13-parameters
[6.311s] -- Looking for gz-msgs10 -- found version 10.3.2
[6.311s] -- Looking for gz-common5 -- found version 5.7.1
[6.312s] -- Searching for dependencies of gz-common5
[6.312s] -- Looking for gz-utils2 -- found version 2.2.1
[6.312s] -- Looking for dlfcn.h - found
[6.312s] -- Looking for libdl - found
[6.320s] -- Searching for <gz-common5> component [av]
[6.327s] -- Looking for gz-common5-av -- found version 5.7.1
[6.327s] -- Searching for dependencies of gz-common5-av
[6.332s] -- Checking for module 'libswscale'
[6.347s] --   Found libswscale, version 5.9.100
[6.380s] -- Found SWSCALE: TRUE  
[6.385s] -- Checking for module 'libavdevice >= 56.4.100'
[6.404s] --   Found libavdevice , version 58.13.100
[6.441s] -- Found AVDEVICE: TRUE (Required is at least version "56.4.100") 
[6.447s] -- Checking for module 'libavformat'
[6.460s] --   Found libavformat, version 58.76.100
[6.497s] -- Found AVFORMAT: TRUE  
[6.502s] -- Checking for module 'libavcodec'
[6.520s] --   Found libavcodec, version 58.134.100
[6.553s] -- Found AVCODEC: TRUE  
[6.558s] -- Checking for module 'libavutil'
[6.572s] --   Found libavutil, version 56.70.100
[6.606s] -- Found AVUTIL: TRUE  
[6.608s] -- Searching for <gz-common5> component [events]
[6.613s] -- Looking for gz-common5-events -- found version 5.7.1
[6.613s] -- Searching for dependencies of gz-common5-events
[6.614s] -- Looking for gz-math7 -- found version 7.5.1
[6.614s] -- Searching for <gz-common5> component [graphics]
[6.619s] -- Looking for gz-common5-graphics -- found version 5.7.1
[6.620s] -- Searching for dependencies of gz-common5-graphics
[6.620s] -- Looking for gz-math7 -- found version 7.5.1
[6.632s] -- Found GzAssimp: TRUE (found version "5.2.0") 
[6.632s] -- Searching for <gz-common5> component [io]
[6.639s] -- Looking for gz-common5-io -- found version 5.7.1
[6.639s] -- Searching for dependencies of gz-common5-io
[6.640s] -- Searching for <gz-common5> component [profiler]
[6.647s] -- Looking for gz-fuel_tools9 -- found version 9.1.1
[6.648s] -- Searching for dependencies of gz-fuel_tools9
[7.831s] -- Found CURL: /usr/lib/x86_64-linux-gnu/libcurl.so (found version "7.81.0")  
[7.849s] -- Checking for module 'jsoncpp'
[7.867s] --   Found jsoncpp, version 1.9.5
[7.928s] -- Found JSONCPP: TRUE  
[7.941s] -- Checking for module 'libzip'
[7.967s] --   Found libzip, version 1.7.3
[8.023s] -- Found ZIP: TRUE  
[8.023s] -- Looking for gz-utils2 -- found version 2.2.1
[8.024s] -- Looking for gz-common5 -- found version 5.7.1
[8.025s] -- Searching for dependencies of gz-common5
[8.025s] -- Looking for gz-utils2 -- found version 2.2.1
[8.025s] -- Looking for dlfcn.h - found
[8.025s] -- Looking for libdl - found
[8.033s] -- Searching for <gz-common5> component [testing]
[8.042s] -- Looking for gz-common5-testing -- found version 5.7.1
[8.043s] -- Searching for dependencies of gz-common5-testing
[8.045s] -- Looking for gz-math7 -- found version 7.5.1
[8.045s] -- Looking for gz-msgs10 -- found version 10.3.2
[8.057s] -- Looking for gz-gui8 -- found version 8.4.0
[8.057s] -- Searching for dependencies of gz-gui8
[9.164s] -- Looking for gz-utils2 -- found version 2.2.1
[9.164s] -- Looking for gz-math7 -- found version 7.5.1
[9.164s] -- Looking for gz-common5 -- found version 5.7.1
[9.165s] -- Looking for gz-plugin2 -- found version 2.0.4
[9.165s] -- Looking for gz-transport13 -- found version 13.4.1
[9.171s] -- Looking for gz-rendering8 -- found version 8.2.2
[9.171s] -- Searching for dependencies of gz-rendering8
[9.172s] -- Looking for gz-math7 -- found version 7.5.1
[9.172s] -- Searching for dependencies of gz-math7
[9.173s] -- Looking for gz-utils2 -- found version 2.2.1
[9.173s] -- Searching for <gz-math7> component [eigen3]
[9.178s] -- Looking for gz-math7-eigen3 -- found version 7.5.1
[9.179s] -- Searching for dependencies of gz-math7-eigen3
[9.190s] -- Looking for gz-common5 -- found version 5.7.1
[9.190s] -- Searching for dependencies of gz-common5
[9.191s] -- Looking for gz-utils2 -- found version 2.2.1
[9.191s] -- Looking for dlfcn.h - found
[9.191s] -- Looking for libdl - found
[9.199s] -- Searching for <gz-common5> component [graphics]
[9.199s] -- Searching for <gz-common5> component [events]
[9.200s] -- Searching for <gz-common5> component [geospatial]
[9.205s] -- Looking for gz-common5-geospatial -- found version 5.7.1
[9.205s] -- Searching for dependencies of gz-common5-geospatial
[9.206s] -- Looking for gz-math7 -- found version 7.5.1
[9.206s] -- Looking for gz-common5 -- found version 5.7.1
[9.207s] -- Looking for gz-plugin2 -- found version 2.0.4
[9.207s] -- Searching for dependencies of gz-plugin2
[9.208s] -- Looking for gz-utils2 -- found version 2.2.1
[9.208s] -- Searching for <gz-plugin2> component [all]
[9.213s] -- Looking for all libraries of gz-plugin2 -- found version 2.0.4
[9.214s] -- Looking for gz-plugin2 -- found version 2.0.4
[9.216s] -- Looking for gz-utils2 -- found version 2.2.1
[9.550s] -- Found OpenGL: /usr/lib/x86_64-linux-gnu/libOpenGL.so  found components: OpenGL 
[9.551s] -- Looking for gz-msgs10 -- found version 10.3.2
[9.631s] -- Looking for gz-physics7 -- found version 7.5.0
[9.631s] -- Searching for dependencies of gz-physics7
[9.631s] -- Looking for gz-common5 -- found version 5.7.1
[9.632s] -- Looking for gz-math7 -- found version 7.5.1
[9.632s] -- Looking for gz-plugin2 -- found version 2.0.4
[9.632s] -- Looking for gz-utils2 -- found version 2.2.1
[9.633s] -- Searching for <gz-physics7> component [heightmap]
[9.638s] -- Looking for gz-physics7-heightmap -- found version 7.5.0
[9.639s] -- Searching for dependencies of gz-physics7-heightmap
[9.639s] -- Looking for gz-common5 -- found version 5.7.1
[9.640s] -- Searching for <gz-physics7> component [mesh]
[9.645s] -- Looking for gz-physics7-mesh -- found version 7.5.0
[9.645s] -- Searching for dependencies of gz-physics7-mesh
[9.646s] -- Looking for gz-common5 -- found version 5.7.1
[9.646s] -- Searching for <gz-physics7> component [sdf]
[9.651s] -- Looking for gz-physics7-sdf -- found version 7.5.0
[9.651s] -- Searching for dependencies of gz-physics7-sdf
[9.652s] -- Looking for sdformat14 -- found version 14.7.0
[9.657s] -- Looking for gz-sensors8 -- found version 8.2.2
[9.658s] -- Searching for dependencies of gz-sensors8
[10.053s] -- Looking for gz-math7 -- found version 7.5.1
[10.053s] -- Looking for gz-common5 -- found version 5.7.1
[10.054s] -- Looking for gz-transport13 -- found version 13.4.1
[10.054s] -- Looking for gz-rendering8 -- found version 8.2.2
[10.055s] -- Looking for gz-msgs10 -- found version 10.3.2
[10.055s] -- Looking for sdformat14 -- found version 14.7.0
[10.056s] -- Searching for <gz-sensors8> component [air_pressure]
[10.064s] -- Looking for gz-sensors8-air_pressure -- found version 8.2.2
[10.064s] -- Searching for dependencies of gz-sensors8-air_pressure
[10.066s] -- Searching for <gz-sensors8> component [air_speed]
[10.073s] -- Looking for gz-sensors8-air_speed -- found version 8.2.2
[10.074s] -- Searching for dependencies of gz-sensors8-air_speed
[10.075s] -- Searching for <gz-sensors8> component [altimeter]
[10.083s] -- Looking for gz-sensors8-altimeter -- found version 8.2.2
[10.083s] -- Searching for dependencies of gz-sensors8-altimeter
[10.084s] -- Searching for <gz-sensors8> component [imu]
[10.092s] -- Looking for gz-sensors8-imu -- found version 8.2.2
[10.093s] -- Searching for dependencies of gz-sensors8-imu
[10.094s] -- Searching for <gz-sensors8> component [force_torque]
[10.102s] -- Looking for gz-sensors8-force_torque -- found version 8.2.2
[10.103s] -- Searching for dependencies of gz-sensors8-force_torque
[10.106s] -- Searching for <gz-sensors8> component [logical_camera]
[10.114s] -- Looking for gz-sensors8-logical_camera -- found version 8.2.2
[10.115s] -- Searching for dependencies of gz-sensors8-logical_camera
[10.116s] -- Searching for <gz-sensors8> component [magnetometer]
[10.124s] -- Looking for gz-sensors8-magnetometer -- found version 8.2.2
[10.125s] -- Searching for dependencies of gz-sensors8-magnetometer
[10.126s] -- Searching for <gz-sensors8> component [navsat]
[10.133s] -- Looking for gz-sensors8-navsat -- found version 8.2.2
[10.134s] -- Searching for dependencies of gz-sensors8-navsat
[10.135s] -- Searching for <gz-sensors8> component [dvl]
[10.142s] -- Looking for gz-sensors8-dvl -- found version 8.2.2
[10.143s] -- Searching for dependencies of gz-sensors8-dvl
[10.143s] -- Looking for gz-sensors8 -- found version 8.2.2
[10.144s] -- Searching for dependencies of gz-sensors8
[11.087s] -- Looking for gz-math7 -- found version 7.5.1
[11.088s] -- Looking for gz-common5 -- found version 5.7.1
[11.088s] -- Looking for gz-transport13 -- found version 13.4.1
[11.089s] -- Looking for gz-rendering8 -- found version 8.2.2
[11.089s] -- Looking for gz-msgs10 -- found version 10.3.2
[11.089s] -- Looking for sdformat14 -- found version 14.7.0
[11.090s] -- Searching for <gz-sensors8> component [rendering]
[11.096s] -- Looking for gz-sensors8-rendering -- found version 8.2.2
[11.097s] -- Searching for dependencies of gz-sensors8-rendering
[11.097s] -- Searching for <gz-sensors8> component [rendering]
[11.098s] -- Searching for <gz-sensors8> component [lidar]
[11.103s] -- Looking for gz-sensors8-lidar -- found version 8.2.2
[11.104s] -- Searching for dependencies of gz-sensors8-lidar
[11.104s] -- Looking for gz-sensors8 -- found version 8.2.2
[11.105s] -- Searching for <gz-sensors8> component [gpu_lidar]
[11.111s] -- Looking for gz-sensors8-gpu_lidar -- found version 8.2.2
[11.111s] -- Searching for dependencies of gz-sensors8-gpu_lidar
[11.111s] -- Looking for gz-sensors8 -- found version 8.2.2
[11.112s] -- Searching for <gz-sensors8> component [camera]
[11.118s] -- Looking for gz-sensors8-camera -- found version 8.2.2
[11.118s] -- Searching for dependencies of gz-sensors8-camera
[11.118s] -- Looking for gz-sensors8 -- found version 8.2.2
[11.119s] -- Searching for <gz-sensors8> component [boundingbox_camera]
[11.125s] -- Looking for gz-sensors8-boundingbox_camera -- found version 8.2.2
[11.125s] -- Searching for dependencies of gz-sensors8-boundingbox_camera
[11.126s] -- Searching for <gz-sensors8> component [segmentation_camera]
[11.132s] -- Looking for gz-sensors8-segmentation_camera -- found version 8.2.2
[11.132s] -- Searching for dependencies of gz-sensors8-segmentation_camera
[11.133s] -- Searching for <gz-sensors8> component [depth_camera]
[11.138s] -- Looking for gz-sensors8-depth_camera -- found version 8.2.2
[11.139s] -- Searching for dependencies of gz-sensors8-depth_camera
[11.140s] -- Looking for gz-sensors8 -- found version 8.2.2
[11.140s] -- Searching for <gz-sensors8> component [rgbd_camera]
[11.146s] -- Looking for gz-sensors8-rgbd_camera -- found version 8.2.2
[11.146s] -- Searching for dependencies of gz-sensors8-rgbd_camera
[11.146s] -- Looking for gz-sensors8 -- found version 8.2.2
[11.147s] -- Searching for <gz-sensors8> component [thermal_camera]
[11.153s] -- Looking for gz-sensors8-thermal_camera -- found version 8.2.2
[11.153s] -- Searching for dependencies of gz-sensors8-thermal_camera
[11.154s] -- Looking for gz-sensors8 -- found version 8.2.2
[11.154s] -- Searching for <gz-sensors8> component [wide_angle_camera]
[11.160s] -- Looking for gz-sensors8-wide_angle_camera -- found version 8.2.2
[11.161s] -- Searching for dependencies of gz-sensors8-wide_angle_camera
[11.162s] -- Looking for gz-rendering8 -- found version 8.2.2
[11.162s] -- Looking for gz-math7 -- found version 7.5.1
[11.163s] -- Looking for gz-utils2 -- found version 2.2.1
[12.038s] -- Looking for gz-sim8 - found
[12.038s] 
[12.038s] -- Compiling against Gazebo Harmonic
[12.043s] -- Found ament_lint_auto: 0.12.11 (/opt/ros/humble/share/ament_lint_auto/cmake)
[12.178s] -- Added test 'copyright' to check source files copyright and LICENSE
[12.181s] -- Added test 'cppcheck' to perform static code analysis on C / C++ code
[12.181s] -- Configured cppcheck include dirs: /home/colin/ardupilot_sim/ardu_ws/src/ardupilot_gz/ardupilot_gz_gazebo/include
[12.181s] -- Configured cppcheck exclude dirs and/or files: 
[12.183s] -- Added test 'cpplint' to check C / C++ code against the Google style
[12.183s] -- Configured cpplint exclude dirs and/or files: 
[12.185s] -- Added test 'lint_cmake' to check CMake code style
[12.188s] -- Added test 'pclint' to perform static code analysis on C / C++ code
[12.273s] [33mCMake Warning at /opt/ros/humble/share/ament_cmake_pclint/cmake/ament_pclint.cmake:117 (message):
[12.273s]   WARNING: pclp64_linux not found, skipping pclint test creation
[12.273s] Call Stack (most recent call first):
[12.273s]   /opt/ros/humble/share/ament_cmake_pclint/cmake/ament_cmake_pclint_lint_hook.cmake:25 (ament_pclint)
[12.273s]   /opt/ros/humble/share/ament_cmake_core/cmake/core/ament_execute_extensions.cmake:48 (include)
[12.273s]   /opt/ros/humble/share/ament_lint_auto/cmake/ament_lint_auto_package_hook.cmake:21 (ament_execute_extensions)
[12.274s]   /opt/ros/humble/share/ament_cmake_core/cmake/core/ament_execute_extensions.cmake:48 (include)
[12.274s]   /opt/ros/humble/share/ament_cmake_core/cmake/core/ament_package.cmake:66 (ament_execute_extensions)
[12.274s]   CMakeLists.txt:97 (ament_package)
[12.274s] 
[12.274s] [0m
[12.274s] -- Added test 'xmllint' to check XML markup files
[12.277s] -- Configuring done
[12.294s] -- Generating done
[12.299s] -- Build files have been written to: /home/colin/ardupilot_sim/ardu_ws/src/build/ardupilot_gz_gazebo
